16:06:33 **** Rebuild of configuration Debug for project askme-oo ****
Info: Internal Builder is used for build
g++ -O0 -g3 -Wall -c -fmessage-length=0 -o main.o "..\\main.cpp" 
g++ -o askme-oo.exe main.o 
Info: Nothing to build for askme-oo
16:07:06 **** Incremental Build of configuration Debug for project askme-oo ****
Info: Internal Builder is used for build
g++ -O0 -g3 -Wall -c -fmessage-length=0 -o main.o "..\\main.cpp" 
g++ -o askme-oo.exe main.o 
Info: Nothing to build for askme-oo
15:15:02 **** Rebuild of configuration Debug for project askme-oo ****
Info: Internal Builder is used for build
g++ -O0 -g3 -Wall -c -fmessage-length=0 -o main.o "..\\main.cpp" 
g++ -O0 -g3 -Wall -c -fmessage-length=0 -o DBmanager.o "..\\DBmanager.cpp" 
In file included from ..\DBmanager.cpp:8:
..\DBmanager.h:17:17: error: field 'usersdb' has incomplete type 'UsersDb'
   17 |         UsersDb usersdb;
      |                 ^~~~~~~
..\DBmanager.h:13:7: note: forward declaration of 'class UsersDb'
   13 | class UsersDb;
      |       ^~~~~~~
15:15:55 **** Incremental Build of configuration Debug for project askme-oo ****
Info: Internal Builder is used for build
g++ -O0 -g3 -Wall -c -fmessage-length=0 -o DBmanager.o "..\\DBmanager.cpp" 
In file included from ..\DBmanager.cpp:8:
..\DBmanager.h:17:17: error: field 'usersdb' has incomplete type 'UsersDb'
   17 |         UsersDb usersdb;
      |                 ^~~~~~~
..\DBmanager.h:13:7: note: forward declaration of 'class UsersDb'
   13 | class UsersDb;
      |       ^~~~~~~
15:16:37 **** Incremental Build of configuration Debug for project askme-oo ****
Info: Internal Builder is used for build
g++ -O0 -g3 -Wall -c -fmessage-length=0 -o UsersDb.o "..\\UsersDb.cpp" 
g++ -O0 -g3 -Wall -c -fmessage-length=0 -o DBmanager.o "..\\DBmanager.cpp" 
In file included from ..\DBmanager.cpp:8:
..\DBmanager.h:17:17: error: field 'usersdb' has incomplete type 'UsersDb'
   17 |         UsersDb usersdb;
      |                 ^~~~~~~
..\DBmanager.h:13:7: note: forward declaration of 'class UsersDb'
   13 | class UsersDb;
      |       ^~~~~~~
15:17:21 **** Incremental Build of configuration Debug for project askme-oo ****
Info: Internal Builder is used for build
g++ -O0 -g3 -Wall -c -fmessage-length=0 -o DBmanager.o "..\\DBmanager.cpp" 
In file included from ..\DBmanager.cpp:8:
..\DBmanager.h:17:17: error: field 'usersdb' has incomplete type 'UsersDb'
   17 |         UsersDb usersdb;
      |                 ^~~~~~~
..\DBmanager.h:13:7: note: forward declaration of 'class UsersDb'
   13 | class UsersDb;
      |       ^~~~~~~
15:23:16 **** Incremental Build of configuration Debug for project askme-oo ****
Info: Internal Builder is used for build
g++ -O0 -g3 -Wall -c -fmessage-length=0 -o Loginhandler.o "..\\Loginhandler.cpp" 
In file included from ..\Loginhandler.cpp:10:
..\DBmanager.h:17:17: error: field 'usersdb' has incomplete type 'UsersDb'
   17 |         UsersDb usersdb;
      |                 ^~~~~~~
..\DBmanager.h:13:7: note: forward declaration of 'class UsersDb'
   13 | class UsersDb;
      |       ^~~~~~~
..\Loginhandler.cpp: In member function 'bool Login_handler::login(User&)':
..\Loginhandler.cpp:39:1: warning: control reaches end of non-void function [-Wreturn-type]
   39 | }
      | ^
15:27:12 **** Incremental Build of configuration Debug for project askme-oo ****
Info: Internal Builder is used for build
g++ -O0 -g3 -Wall -c -fmessage-length=0 -o UsersDb.o "..\\UsersDb.cpp" 
g++ -O0 -g3 -Wall -c -fmessage-length=0 -o Loginhandler.o "..\\Loginhandler.cpp" 
In file included from ..\Loginhandler.cpp:10:
..\DBmanager.h:17:17: error: field 'usersdb' has incomplete type 'UsersDb'
   17 |         UsersDb usersdb;
      |                 ^~~~~~~
..\DBmanager.h:13:7: note: forward declaration of 'class UsersDb'
   13 | class UsersDb;
      |       ^~~~~~~
..\Loginhandler.cpp: In member function 'bool Login_handler::login(User&)':
..\Loginhandler.cpp:39:1: warning: control reaches end of non-void function [-Wreturn-type]
   39 | }
      | ^
15:30:47 **** Incremental Build of configuration Debug for project askme-oo ****
Info: Internal Builder is used for build
g++ -O0 -g3 -Wall -c -fmessage-length=0 -o UsersDb.o "..\\UsersDb.cpp" 
g++ -O0 -g3 -Wall -c -fmessage-length=0 -o DBmanager.o "..\\DBmanager.cpp" 
g++ -O0 -g3 -Wall -c -fmessage-length=0 -o Loginhandler.o "..\\Loginhandler.cpp" 
..\Loginhandler.cpp: In member function 'bool Login_handler::login(User&)':
..\Loginhandler.cpp:39:1: warning: control reaches end of non-void function [-Wreturn-type]
   39 | }
      | ^
g++ -o askme-oo.exe App.o Authenticator.o DBmanager.o Error.o Inputscanner.o Loginhandler.o Menu.o Signuphandler.o User.o UsersDb.o main.o 
C:/msys64/mingw64/bin/../lib/gcc/x86_64-w64-mingw32/12.1.0/../../../../x86_64-w64-mingw32/bin/ld.exe: cannot find App.o: No such file or directory
C:/msys64/mingw64/bin/../lib/gcc/x86_64-w64-mingw32/12.1.0/../../../../x86_64-w64-mingw32/bin/ld.exe: cannot find Authenticator.o: No such file or directory
C:/msys64/mingw64/bin/../lib/gcc/x86_64-w64-mingw32/12.1.0/../../../../x86_64-w64-mingw32/bin/ld.exe: cannot find Error.o: No such file or directory
C:/msys64/mingw64/bin/../lib/gcc/x86_64-w64-mingw32/12.1.0/../../../../x86_64-w64-mingw32/bin/ld.exe: cannot find Inputscanner.o: No such file or directory
C:/msys64/mingw64/bin/../lib/gcc/x86_64-w64-mingw32/12.1.0/../../../../x86_64-w64-mingw32/bin/ld.exe: cannot find Menu.o: No such file or directory
C:/msys64/mingw64/bin/../lib/gcc/x86_64-w64-mingw32/12.1.0/../../../../x86_64-w64-mingw32/bin/ld.exe: cannot find Signuphandler.o: No such file or directory
C:/msys64/mingw64/bin/../lib/gcc/x86_64-w64-mingw32/12.1.0/../../../../x86_64-w64-mingw32/bin/ld.exe: cannot find User.o: No such file or directory
collect2.exe: error: ld returned 1 exit status
15:31:11 **** Incremental Build of configuration Debug for project askme-oo ****
Info: Internal Builder is used for build
g++ -o askme-oo.exe App.o Authenticator.o DBmanager.o Error.o Inputscanner.o Loginhandler.o Menu.o Signuphandler.o User.o UsersDb.o main.o 
C:/msys64/mingw64/bin/../lib/gcc/x86_64-w64-mingw32/12.1.0/../../../../x86_64-w64-mingw32/bin/ld.exe: cannot find App.o: No such file or directory
C:/msys64/mingw64/bin/../lib/gcc/x86_64-w64-mingw32/12.1.0/../../../../x86_64-w64-mingw32/bin/ld.exe: cannot find Authenticator.o: No such file or directory
C:/msys64/mingw64/bin/../lib/gcc/x86_64-w64-mingw32/12.1.0/../../../../x86_64-w64-mingw32/bin/ld.exe: cannot find Error.o: No such file or directory
C:/msys64/mingw64/bin/../lib/gcc/x86_64-w64-mingw32/12.1.0/../../../../x86_64-w64-mingw32/bin/ld.exe: cannot find Inputscanner.o: No such file or directory
C:/msys64/mingw64/bin/../lib/gcc/x86_64-w64-mingw32/12.1.0/../../../../x86_64-w64-mingw32/bin/ld.exe: cannot find Menu.o: No such file or directory
C:/msys64/mingw64/bin/../lib/gcc/x86_64-w64-mingw32/12.1.0/../../../../x86_64-w64-mingw32/bin/ld.exe: cannot find Signuphandler.o: No such file or directory
C:/msys64/mingw64/bin/../lib/gcc/x86_64-w64-mingw32/12.1.0/../../../../x86_64-w64-mingw32/bin/ld.exe: cannot find User.o: No such file or directory
collect2.exe: error: ld returned 1 exit status
15:32:32 **** Incremental Build of configuration Debug for project askme-oo ****
Info: Internal Builder is used for build
g++ -o askme-oo.exe App.o Authenticator.o DBmanager.o Error.o Inputscanner.o Loginhandler.o Menu.o Signuphandler.o User.o UsersDb.o main.o 
C:/msys64/mingw64/bin/../lib/gcc/x86_64-w64-mingw32/12.1.0/../../../../x86_64-w64-mingw32/bin/ld.exe: cannot find App.o: No such file or directory
C:/msys64/mingw64/bin/../lib/gcc/x86_64-w64-mingw32/12.1.0/../../../../x86_64-w64-mingw32/bin/ld.exe: cannot find Authenticator.o: No such file or directory
C:/msys64/mingw64/bin/../lib/gcc/x86_64-w64-mingw32/12.1.0/../../../../x86_64-w64-mingw32/bin/ld.exe: cannot find Error.o: No such file or directory
C:/msys64/mingw64/bin/../lib/gcc/x86_64-w64-mingw32/12.1.0/../../../../x86_64-w64-mingw32/bin/ld.exe: cannot find Inputscanner.o: No such file or directory
C:/msys64/mingw64/bin/../lib/gcc/x86_64-w64-mingw32/12.1.0/../../../../x86_64-w64-mingw32/bin/ld.exe: cannot find Menu.o: No such file or directory
C:/msys64/mingw64/bin/../lib/gcc/x86_64-w64-mingw32/12.1.0/../../../../x86_64-w64-mingw32/bin/ld.exe: cannot find Signuphandler.o: No such file or directory
C:/msys64/mingw64/bin/../lib/gcc/x86_64-w64-mingw32/12.1.0/../../../../x86_64-w64-mingw32/bin/ld.exe: cannot find User.o: No such file or directory
collect2.exe: error: ld returned 1 exit status
15:32:48 **** Incremental Build of configuration Debug for project askme-oo ****
Info: Internal Builder is used for build
g++ -o askme-oo.exe App.o Authenticator.o DBmanager.o Error.o Inputscanner.o Loginhandler.o Menu.o Signuphandler.o User.o UsersDb.o main.o 
C:/msys64/mingw64/bin/../lib/gcc/x86_64-w64-mingw32/12.1.0/../../../../x86_64-w64-mingw32/bin/ld.exe: cannot find App.o: No such file or directory
C:/msys64/mingw64/bin/../lib/gcc/x86_64-w64-mingw32/12.1.0/../../../../x86_64-w64-mingw32/bin/ld.exe: cannot find Authenticator.o: No such file or directory
C:/msys64/mingw64/bin/../lib/gcc/x86_64-w64-mingw32/12.1.0/../../../../x86_64-w64-mingw32/bin/ld.exe: cannot find Error.o: No such file or directory
C:/msys64/mingw64/bin/../lib/gcc/x86_64-w64-mingw32/12.1.0/../../../../x86_64-w64-mingw32/bin/ld.exe: cannot find Inputscanner.o: No such file or directory
C:/msys64/mingw64/bin/../lib/gcc/x86_64-w64-mingw32/12.1.0/../../../../x86_64-w64-mingw32/bin/ld.exe: cannot find Menu.o: No such file or directory
C:/msys64/mingw64/bin/../lib/gcc/x86_64-w64-mingw32/12.1.0/../../../../x86_64-w64-mingw32/bin/ld.exe: cannot find Signuphandler.o: No such file or directory
C:/msys64/mingw64/bin/../lib/gcc/x86_64-w64-mingw32/12.1.0/../../../../x86_64-w64-mingw32/bin/ld.exe: cannot find User.o: No such file or directory
collect2.exe: error: ld returned 1 exit status
15:32:58 **** Incremental Build of configuration Debug for project askme-oo ****
Info: Internal Builder is used for build
g++ -o askme-oo.exe App.o Authenticator.o DBmanager.o Error.o Inputscanner.o Loginhandler.o Menu.o Signuphandler.o User.o UsersDb.o main.o 
C:/msys64/mingw64/bin/../lib/gcc/x86_64-w64-mingw32/12.1.0/../../../../x86_64-w64-mingw32/bin/ld.exe: cannot find App.o: No such file or directory
C:/msys64/mingw64/bin/../lib/gcc/x86_64-w64-mingw32/12.1.0/../../../../x86_64-w64-mingw32/bin/ld.exe: cannot find Authenticator.o: No such file or directory
C:/msys64/mingw64/bin/../lib/gcc/x86_64-w64-mingw32/12.1.0/../../../../x86_64-w64-mingw32/bin/ld.exe: cannot find Error.o: No such file or directory
C:/msys64/mingw64/bin/../lib/gcc/x86_64-w64-mingw32/12.1.0/../../../../x86_64-w64-mingw32/bin/ld.exe: cannot find Inputscanner.o: No such file or directory
C:/msys64/mingw64/bin/../lib/gcc/x86_64-w64-mingw32/12.1.0/../../../../x86_64-w64-mingw32/bin/ld.exe: cannot find Menu.o: No such file or directory
C:/msys64/mingw64/bin/../lib/gcc/x86_64-w64-mingw32/12.1.0/../../../../x86_64-w64-mingw32/bin/ld.exe: cannot find Signuphandler.o: No such file or directory
C:/msys64/mingw64/bin/../lib/gcc/x86_64-w64-mingw32/12.1.0/../../../../x86_64-w64-mingw32/bin/ld.exe: cannot find User.o: No such file or directory
collect2.exe: error: ld returned 1 exit status
15:33:29 **** Incremental Build of configuration Debug for project askme-oo ****
Info: Internal Builder is used for build
g++ -o askme-oo.exe App.o Authenticator.o DBmanager.o Error.o Inputscanner.o Loginhandler.o Menu.o Signuphandler.o User.o UsersDb.o main.o 
C:/msys64/mingw64/bin/../lib/gcc/x86_64-w64-mingw32/12.1.0/../../../../x86_64-w64-mingw32/bin/ld.exe: cannot find App.o: No such file or directory
C:/msys64/mingw64/bin/../lib/gcc/x86_64-w64-mingw32/12.1.0/../../../../x86_64-w64-mingw32/bin/ld.exe: cannot find Authenticator.o: No such file or directory
C:/msys64/mingw64/bin/../lib/gcc/x86_64-w64-mingw32/12.1.0/../../../../x86_64-w64-mingw32/bin/ld.exe: cannot find Error.o: No such file or directory
C:/msys64/mingw64/bin/../lib/gcc/x86_64-w64-mingw32/12.1.0/../../../../x86_64-w64-mingw32/bin/ld.exe: cannot find Inputscanner.o: No such file or directory
C:/msys64/mingw64/bin/../lib/gcc/x86_64-w64-mingw32/12.1.0/../../../../x86_64-w64-mingw32/bin/ld.exe: cannot find Menu.o: No such file or directory
C:/msys64/mingw64/bin/../lib/gcc/x86_64-w64-mingw32/12.1.0/../../../../x86_64-w64-mingw32/bin/ld.exe: cannot find Signuphandler.o: No such file or directory
C:/msys64/mingw64/bin/../lib/gcc/x86_64-w64-mingw32/12.1.0/../../../../x86_64-w64-mingw32/bin/ld.exe: cannot find User.o: No such file or directory
collect2.exe: error: ld returned 1 exit status
15:39:00 **** Incremental Build of configuration Debug for project askme-oo ****
Info: Internal Builder is used for build
g++ -o askme-oo.exe App.o Authenticator.o DBmanager.o Error.o Inputscanner.o Loginhandler.o Menu.o Signuphandler.o User.o UsersDb.o main.o 
C:/msys64/mingw64/bin/../lib/gcc/x86_64-w64-mingw32/12.1.0/../../../../x86_64-w64-mingw32/bin/ld.exe: cannot find App.o: No such file or directory
C:/msys64/mingw64/bin/../lib/gcc/x86_64-w64-mingw32/12.1.0/../../../../x86_64-w64-mingw32/bin/ld.exe: cannot find Authenticator.o: No such file or directory
C:/msys64/mingw64/bin/../lib/gcc/x86_64-w64-mingw32/12.1.0/../../../../x86_64-w64-mingw32/bin/ld.exe: cannot find Error.o: No such file or directory
C:/msys64/mingw64/bin/../lib/gcc/x86_64-w64-mingw32/12.1.0/../../../../x86_64-w64-mingw32/bin/ld.exe: cannot find Inputscanner.o: No such file or directory
C:/msys64/mingw64/bin/../lib/gcc/x86_64-w64-mingw32/12.1.0/../../../../x86_64-w64-mingw32/bin/ld.exe: cannot find Menu.o: No such file or directory
C:/msys64/mingw64/bin/../lib/gcc/x86_64-w64-mingw32/12.1.0/../../../../x86_64-w64-mingw32/bin/ld.exe: cannot find Signuphandler.o: No such file or directory
C:/msys64/mingw64/bin/../lib/gcc/x86_64-w64-mingw32/12.1.0/../../../../x86_64-w64-mingw32/bin/ld.exe: cannot find User.o: No such file or directory
collect2.exe: error: ld returned 1 exit status
15:40:23 **** Incremental Build of configuration Debug for project askme-oo ****
Info: Internal Builder is used for build
g++ -O0 -g3 -Wall -c -fmessage-length=0 -o main.o "..\\main.cpp" 
g++ -O0 -g3 -Wall -c -fmessage-length=0 -o App.o "..\\App.cpp" 
In file included from ..\App.cpp:12:
..\Authenticator.h:16:23: error: field 'login_handler' has incomplete type 'Login_handler'
   16 |         Login_handler login_handler{};
      |                       ^~~~~~~~~~~~~
..\Authenticator.h:11:7: note: forward declaration of 'class Login_handler'
   11 | class Login_handler;
      |       ^~~~~~~~~~~~~
..\Authenticator.h:17:24: error: field 'signup_handler' has incomplete type 'Signup_handler'
   17 |         Signup_handler signup_handler{};
      |                        ^~~~~~~~~~~~~~
..\Authenticator.h:12:7: note: forward declaration of 'class Signup_handler'
   12 | class Signup_handler;
      |       ^~~~~~~~~~~~~~
..\App.cpp:27:13: error: no declaration matches 'std::string App::get_qText_from_user()'
   27 | std::string App::get_qText_from_user()
      |             ^~~
..\App.cpp:27:13: note: no functions named 'std::string App::get_qText_from_user()'
In file included from ..\App.cpp:8:
..\App.h:14:7: note: 'class App' defined here
   14 | class App {
      |       ^~~
..\App.cpp: In member function 'void App::run()':
..\App.cpp:42:14: error: aggregate 'User user' has incomplete type and cannot be defined
   42 |         User user;
      |              ^~~~
..\App.cpp:44:23: error: aggregate 'Login_handler login_handler' has incomplete type and cannot be defined
   44 |         Login_handler login_handler;
      |                       ^~~~~~~~~~~~~
..\App.cpp:45:24: error: aggregate 'Signup_handler signup_handler' has incomplete type and cannot be defined
   45 |         Signup_handler signup_handler;
      |                        ^~~~~~~~~~~~~~
In file included from C:/msys64/mingw64/include/c++/12.1.0/bits/stl_algobase.h:64,
                 from C:/msys64/mingw64/include/c++/12.1.0/string:50,
                 from C:/msys64/mingw64/include/c++/12.1.0/bits/locale_classes.h:40,
                 from C:/msys64/mingw64/include/c++/12.1.0/bits/ios_base.h:41,
                 from C:/msys64/mingw64/include/c++/12.1.0/ios:42,
                 from C:/msys64/mingw64/include/c++/12.1.0/ostream:38,
                 from C:/msys64/mingw64/include/c++/12.1.0/iostream:39,
                 from ..\App.h:10:
C:/msys64/mingw64/include/c++/12.1.0/bits/stl_pair.h: In instantiation of 'struct std::pair<User, bool>':
..\App.cpp:47:24:   required from here
C:/msys64/mingw64/include/c++/12.1.0/bits/stl_pair.h:191:11: error: 'std::pair<_T1, _T2>::first' has incomplete type
  191 |       _T1 first;                 ///< The first member
      |           ^~~~~
..\App.h:12:7: note: forward declaration of 'class User'
   12 | class User;
      |       ^~~~
In file included from C:/msys64/mingw64/include/c++/12.1.0/bits/move.h:57,
                 from C:/msys64/mingw64/include/c++/12.1.0/bits/exception_ptr.h:43,
                 from C:/msys64/mingw64/include/c++/12.1.0/exception:168,
                 from C:/msys64/mingw64/include/c++/12.1.0/ios:39:
C:/msys64/mingw64/include/c++/12.1.0/type_traits: In instantiation of 'struct std::is_copy_assignable<User>':
C:/msys64/mingw64/include/c++/12.1.0/type_traits:167:12:   required from 'struct std::__and_<std::is_copy_assignable<User>, std::is_copy_assignable<bool> >'
C:/msys64/mingw64/include/c++/12.1.0/bits/stl_pair.h:568:7:   required from 'struct std::pair<User, bool>'
..\App.cpp:47:24:   required from here
C:/msys64/mingw64/include/c++/12.1.0/type_traits:1135:52: error: static assertion failed: template argument must be a complete class or an unbounded array
 1135 |       static_assert(std::__is_complete_or_unbounded(__type_identity<_Tp>{}),
      |                     ~~~~~~~~~~~~~~~~~~~~~~~~~~~~~~~^~~~~~~~~~~~~~~~~~~~~~~~
C:/msys64/mingw64/include/c++/12.1.0/type_traits:1135:52: note: 'std::__is_complete_or_unbounded<__type_identity<User> >((std::__type_identity<User>(), std::__type_identity<User>()))' evaluates to false
C:/msys64/mingw64/include/c++/12.1.0/type_traits: In instantiation of 'struct std::is_move_assignable<User>':
C:/msys64/mingw64/include/c++/12.1.0/type_traits:167:12:   required from 'struct std::__and_<std::is_move_assignable<User>, std::is_move_assignable<bool> >'
C:/msys64/mingw64/include/c++/12.1.0/bits/stl_pair.h:578:7:   required from 'struct std::pair<User, bool>'
..\App.cpp:47:24:   required from here
C:/msys64/mingw64/include/c++/12.1.0/type_traits:1156:52: error: static assertion failed: template argument must be a complete class or an unbounded array
 1156 |       static_assert(std::__is_complete_or_unbounded(__type_identity<_Tp>{}),
      |                     ~~~~~~~~~~~~~~~~~~~~~~~~~~~~~~~^~~~~~~~~~~~~~~~~~~~~~~~
C:/msys64/mingw64/include/c++/12.1.0/type_traits:1156:52: note: 'std::__is_complete_or_unbounded<__type_identity<User> >((std::__type_identity<User>(), std::__type_identity<User>()))' evaluates to false
C:/msys64/mingw64/include/c++/12.1.0/type_traits: In instantiation of 'struct std::is_default_constructible<User>':
C:/msys64/mingw64/include/c++/12.1.0/type_traits:172:12:   required from 'struct std::__and_<std::is_default_constructible<User>, std::is_default_constructible<bool>, std::__not_<std::__and_<std::__is_implicitly_default_constructible<User>, std::__is_implicitly_default_constructible<bool> > > >'
C:/msys64/mingw64/include/c++/12.1.0/bits/stl_pair.h:395:59:   required by substitution of 'template<class _U1, class _U2, typename std::enable_if<std::__and_<std::is_default_constructible<_U1>, std::is_default_constructible<_U2>, std::__not_<std::__and_<std::__is_implicitly_default_constructible<_U1>, std::__is_implicitly_default_constructible<_U2> > > >::value, bool>::type <anonymous> > constexpr std::pair<User, bool>::pair() [with _U1 = User; _U2 = bool; typename std::enable_if<std::__and_<std::is_default_constructible<_U1>, std::is_default_constructible<_U2>, std::__not_<std::__and_<std::__is_implicitly_default_constructible<_U1>, std::__is_implicitly_default_constructible<_U2> > > >::value, bool>::type <anonymous> = <missing>]'
..\App.cpp:47:24:   required from here
C:/msys64/mingw64/include/c++/12.1.0/type_traits:989:52: error: static assertion failed: template argument must be a complete class or an unbounded array
  989 |       static_assert(std::__is_complete_or_unbounded(__type_identity<_Tp>{}),
      |                     ~~~~~~~~~~~~~~~~~~~~~~~~~~~~~~~^~~~~~~~~~~~~~~~~~~~~~~~
C:/msys64/mingw64/include/c++/12.1.0/type_traits:989:52: note: 'std::__is_complete_or_unbounded<__type_identity<User> >((std::__type_identity<User>(), std::__type_identity<User>()))' evaluates to false
..\App.cpp:47:31: error: no matching function for call to 'std::pair<User, bool>::pair()'
   47 |         std::pair<User, bool> userLoginPair;
      |                               ^~~~~~~~~~~~~
C:/msys64/mingw64/include/c++/12.1.0/bits/stl_pair.h:563:28: note: candidate: 'template<class _U1, class _U2, typename std::enable_if<(std::_PCC<((! std::is_same<User, _U1>::value) || (! std::is_same<bool, _U2>::value)), User, bool>::_MoveConstructiblePair<_U1, _U2>() && (! std::_PCC<((! std::is_same<User, _U1>::value) || (! std::is_same<bool, _U2>::value)), User, bool>::_ImplicitlyMoveConvertiblePair<_U1, _U2>())), bool>::type <anonymous> > constexpr std::pair<_T1, _T2>::pair(std::pair<_U1, _U2>&&) [with _U2 = _U1; typename std::enable_if<(std::_PCC<((! std::is_same<_T1, _U1>::value) || (! std::is_same<_T2, _U2>::value)), _T1, _T2>::_MoveConstructiblePair<_U1, _U2>() && (! std::_PCC<((! std::is_same<_T1, _U1>::value) || (! std::is_same<_T2, _U2>::value)), _T1, _T2>::_ImplicitlyMoveConvertiblePair<_U1, _U2>())), bool>::type <anonymous> = _U2; _T1 = User; _T2 = bool]'
  563 |         explicit constexpr pair(pair<_U1, _U2>&& __p)
      |                            ^~~~
C:/msys64/mingw64/include/c++/12.1.0/bits/stl_pair.h:563:28: note:   template argument deduction/substitution failed:
..\App.cpp:47:31: note:   candidate expects 1 argument, 0 provided
   47 |         std::pair<User, bool> userLoginPair;
      |                               ^~~~~~~~~~~~~
C:/msys64/mingw64/include/c++/12.1.0/bits/stl_pair.h:553:19: note: candidate: 'template<class _U1, class _U2, typename std::enable_if<(std::_PCC<((! std::is_same<User, _U1>::value) || (! std::is_same<bool, _U2>::value)), User, bool>::_MoveConstructiblePair<_U1, _U2>() && std::_PCC<((! std::is_same<User, _U1>::value) || (! std::is_same<bool, _U2>::value)), User, bool>::_ImplicitlyMoveConvertiblePair<_U1, _U2>()), bool>::type <anonymous> > constexpr std::pair<_T1, _T2>::pair(std::pair<_U1, _U2>&&) [with _U2 = _U1; typename std::enable_if<(std::_PCC<((! std::is_same<_T1, _U1>::value) || (! std::is_same<_T2, _U2>::value)), _T1, _T2>::_MoveConstructiblePair<_U1, _U2>() && std::_PCC<((! std::is_same<_T1, _U1>::value) || (! std::is_same<_T2, _U2>::value)), _T1, _T2>::_ImplicitlyMoveConvertiblePair<_U1, _U2>()), bool>::type <anonymous> = _U2; _T1 = User; _T2 = bool]'
  553 |         constexpr pair(pair<_U1, _U2>&& __p)
      |                   ^~~~
C:/msys64/mingw64/include/c++/12.1.0/bits/stl_pair.h:553:19: note:   template argument deduction/substitution failed:
..\App.cpp:47:31: note:   candidate expects 1 argument, 0 provided
   47 |         std::pair<User, bool> userLoginPair;
      |                               ^~~~~~~~~~~~~
C:/msys64/mingw64/include/c++/12.1.0/bits/stl_pair.h:543:28: note: candidate: 'template<class _U1, class _U2, typename std::enable_if<(_MoveConstructiblePair<_U1, _U2>() && (! _ImplicitlyMoveConvertiblePair<_U1, _U2>())), bool>::type <anonymous> > constexpr std::pair<_T1, _T2>::pair(_U1&&, _U2&&) [with _U2 = _U1; typename std::enable_if<(std::_PCC<true, _T1, _T2>::_MoveConstructiblePair<_U1, _U2>() && (! std::_PCC<true, _T1, _T2>::_ImplicitlyMoveConvertiblePair<_U1, _U2>())), bool>::type <anonymous> = _U2; _T1 = User; _T2 = bool]'
  543 |         explicit constexpr pair(_U1&& __x, _U2&& __y)
      |                            ^~~~
C:/msys64/mingw64/include/c++/12.1.0/bits/stl_pair.h:543:28: note:   template argument deduction/substitution failed:
..\App.cpp:47:31: note:   candidate expects 2 arguments, 0 provided
   47 |         std::pair<User, bool> userLoginPair;
      |                               ^~~~~~~~~~~~~
C:/msys64/mingw64/include/c++/12.1.0/bits/stl_pair.h:534:19: note: candidate: 'template<class _U1, class _U2, typename std::enable_if<(_MoveConstructiblePair<_U1, _U2>() && _ImplicitlyMoveConvertiblePair<_U1, _U2>()), bool>::type <anonymous> > constexpr std::pair<_T1, _T2>::pair(_U1&&, _U2&&) [with _U2 = _U1; typename std::enable_if<(std::_PCC<true, _T1, _T2>::_MoveConstructiblePair<_U1, _U2>() && std::_PCC<true, _T1, _T2>::_ImplicitlyMoveConvertiblePair<_U1, _U2>()), bool>::type <anonymous> = _U2; _T1 = User; _T2 = bool]'
  534 |         constexpr pair(_U1&& __x, _U2&& __y)
      |                   ^~~~
C:/msys64/mingw64/include/c++/12.1.0/bits/stl_pair.h:534:19: note:   template argument deduction/substitution failed:
..\App.cpp:47:31: note:   candidate expects 2 arguments, 0 provided
   47 |         std::pair<User, bool> userLoginPair;
      |                               ^~~~~~~~~~~~~
C:/msys64/mingw64/include/c++/12.1.0/bits/stl_pair.h:523:9: note: candidate: 'template<class _U2, typename std::enable_if<std::__and_<std::is_pointer<User>, std::__not_<std::is_reference<_Tp> >, std::is_constructible<bool, _U2>, std::__not_<std::is_constructible<bool, const _U1&> >, std::__not_<std::is_convertible<_U2, bool> > >::value, bool>::type <anonymous> > constexpr std::pair<_T1, _T2>::pair(__zero_as_null_pointer_constant, _U2&&, ...) [with typename std::enable_if<std::__and_<std::is_pointer<_Tp>, std::__not_<std::is_reference<_U1> >, std::is_constructible<_T2, _U2>, std::__not_<std::is_constructible<_T1, const _U1&> >, std::__not_<std::is_convertible<_U2, _T2> > >::value, bool>::type <anonymous> = _U2; _T1 = User; _T2 = bool]'
  523 |         pair(__zero_as_null_pointer_constant, _U2&& __y, ...)
      |         ^~~~
C:/msys64/mingw64/include/c++/12.1.0/bits/stl_pair.h:523:9: note:   template argument deduction/substitution failed:
..\App.cpp:47:31: note:   candidate expects 2 arguments, 0 provided
   47 |         std::pair<User, bool> userLoginPair;
      |                               ^~~~~~~~~~~~~
C:/msys64/mingw64/include/c++/12.1.0/bits/stl_pair.h:511:9: note: candidate: 'template<class _U2, typename std::enable_if<std::__and_<std::is_pointer<User>, std::__not_<std::is_reference<_Tp> >, std::is_constructible<bool, _U2>, std::__not_<std::is_constructible<bool, const _U1&> >, std::is_convertible<_U2, bool> >::value, bool>::type <anonymous> > constexpr std::pair<_T1, _T2>::pair(__zero_as_null_pointer_constant, _U2&&, ...) [with typename std::enable_if<std::__and_<std::is_pointer<_Tp>, std::__not_<std::is_reference<_U1> >, std::is_constructible<_T2, _U2>, std::__not_<std::is_constructible<_T1, const _U1&> >, std::is_convertible<_U2, _T2> >::value, bool>::type <anonymous> = _U2; _T1 = User; _T2 = bool]'
  511 |         pair(__zero_as_null_pointer_constant, _U2&& __y, ...)
      |         ^~~~
C:/msys64/mingw64/include/c++/12.1.0/bits/stl_pair.h:511:9: note:   template argument deduction/substitution failed:
..\App.cpp:47:31: note:   candidate expects 2 arguments, 0 provided
   47 |         std::pair<User, bool> userLoginPair;
      |                               ^~~~~~~~~~~~~
C:/msys64/mingw64/include/c++/12.1.0/bits/stl_pair.h:499:9: note: candidate: 'template<class _U1, typename std::enable_if<std::__and_<std::__not_<std::is_reference<_Tp> >, std::is_pointer<bool>, std::is_constructible<User, _U1>, std::__not_<std::is_constructible<User, const _U1&> >, std::__not_<std::is_convertible<_Iter, User> > >::value, bool>::type <anonymous> > constexpr std::pair<_T1, _T2>::pair(_U1&&, __zero_as_null_pointer_constant, ...) [with typename std::enable_if<std::__and_<std::__not_<std::is_reference<_U1> >, std::is_pointer<_T2>, std::is_constructible<_T1, _U1>, std::__not_<std::is_constructible<_T1, const _U1&> >, std::__not_<std::is_convertible<_Iter, _Iterator> > >::value, bool>::type <anonymous> = _U1; _T1 = User; _T2 = bool]'
  499 |         pair(_U1&& __x, __zero_as_null_pointer_constant, ...)
      |         ^~~~
C:/msys64/mingw64/include/c++/12.1.0/bits/stl_pair.h:499:9: note:   template argument deduction/substitution failed:
..\App.cpp:47:31: note:   candidate expects 2 arguments, 0 provided
   47 |         std::pair<User, bool> userLoginPair;
      |                               ^~~~~~~~~~~~~
C:/msys64/mingw64/include/c++/12.1.0/bits/stl_pair.h:487:9: note: candidate: 'template<class _U1, typename std::enable_if<std::__and_<std::__not_<std::is_reference<_Tp> >, std::is_pointer<bool>, std::is_constructible<User, _U1>, std::__not_<std::is_constructible<User, const _U1&> >, std::is_convertible<_Iter, User> >::value, bool>::type <anonymous> > constexpr std::pair<_T1, _T2>::pair(_U1&&, __zero_as_null_pointer_constant, ...) [with typename std::enable_if<std::__and_<std::__not_<std::is_reference<_U1> >, std::is_pointer<_T2>, std::is_constructible<_T1, _U1>, std::__not_<std::is_constructible<_T1, const _U1&> >, std::is_convertible<_Iter, _Iterator> >::value, bool>::type <anonymous> = _U1; _T1 = User; _T2 = bool]'
  487 |         pair(_U1&& __x, __zero_as_null_pointer_constant, ...)
      |         ^~~~
C:/msys64/mingw64/include/c++/12.1.0/bits/stl_pair.h:487:9: note:   template argument deduction/substitution failed:
..\App.cpp:47:31: note:   candidate expects 2 arguments, 0 provided
   47 |         std::pair<User, bool> userLoginPair;
      |                               ^~~~~~~~~~~~~
C:/msys64/mingw64/include/c++/12.1.0/bits/stl_pair.h:447:28: note: candidate: 'template<class _U1, class _U2, typename std::enable_if<(std::_PCC<((! std::is_same<User, _U1>::value) || (! std::is_same<bool, _U2>::value)), User, bool>::_ConstructiblePair<_U1, _U2>() && (! std::_PCC<((! std::is_same<User, _U1>::value) || (! std::is_same<bool, _U2>::value)), User, bool>::_ImplicitlyConvertiblePair<_U1, _U2>())), bool>::type <anonymous> > constexpr std::pair<_T1, _T2>::pair(const std::pair<_U1, _U2>&) [with _U2 = _U1; typename std::enable_if<(std::_PCC<((! std::is_same<_T1, _U1>::value) || (! std::is_same<_T2, _U2>::value)), _T1, _T2>::_ConstructiblePair<_U1, _U2>() && (! std::_PCC<((! std::is_same<_T1, _U1>::value) || (! std::is_same<_T2, _U2>::value)), _T1, _T2>::_ImplicitlyConvertiblePair<_U1, _U2>())), bool>::type <anonymous> = _U2; _T1 = User; _T2 = bool]'
  447 |         explicit constexpr pair(const pair<_U1, _U2>& __p)
      |                            ^~~~
C:/msys64/mingw64/include/c++/12.1.0/bits/stl_pair.h:447:28: note:   template argument deduction/substitution failed:
..\App.cpp:47:31: note:   candidate expects 1 argument, 0 provided
   47 |         std::pair<User, bool> userLoginPair;
      |                               ^~~~~~~~~~~~~
C:/msys64/mingw64/include/c++/12.1.0/bits/stl_pair.h:438:19: note: candidate: 'template<class _U1, class _U2, typename std::enable_if<(std::_PCC<((! std::is_same<User, _U1>::value) || (! std::is_same<bool, _U2>::value)), User, bool>::_ConstructiblePair<_U1, _U2>() && std::_PCC<((! std::is_same<User, _U1>::value) || (! std::is_same<bool, _U2>::value)), User, bool>::_ImplicitlyConvertiblePair<_U1, _U2>()), bool>::type <anonymous> > constexpr std::pair<_T1, _T2>::pair(const std::pair<_U1, _U2>&) [with _U2 = _U1; typename std::enable_if<(std::_PCC<((! std::is_same<_T1, _U1>::value) || (! std::is_same<_T2, _U2>::value)), _T1, _T2>::_ConstructiblePair<_U1, _U2>() && std::_PCC<((! std::is_same<_T1, _U1>::value) || (! std::is_same<_T2, _U2>::value)), _T1, _T2>::_ImplicitlyConvertiblePair<_U1, _U2>()), bool>::type <anonymous> = _U2; _T1 = User; _T2 = bool]'
  438 |         constexpr pair(const pair<_U1, _U2>& __p)
      |                   ^~~~
C:/msys64/mingw64/include/c++/12.1.0/bits/stl_pair.h:438:19: note:   template argument deduction/substitution failed:
..\App.cpp:47:31: note:   candidate expects 1 argument, 0 provided
   47 |         std::pair<User, bool> userLoginPair;
      |                               ^~~~~~~~~~~~~
C:/msys64/mingw64/include/c++/12.1.0/bits/stl_pair.h:421:26: note: candidate: 'template<class _U1, class _U2, typename std::enable_if<(_ConstructiblePair<_U1, _U2>() && (! _ImplicitlyConvertiblePair<_U1, _U2>())), bool>::type <anonymous> > constexpr std::pair<_T1, _T2>::pair(const _T1&, const _T2&) [with _U2 = _U1; typename std::enable_if<(std::_PCC<true, _T1, _T2>::_ConstructiblePair<_U1, _U2>() && (! std::_PCC<true, _T1, _T2>::_ImplicitlyConvertiblePair<_U1, _U2>())), bool>::type <anonymous> = _U2; _T1 = User; _T2 = bool]'
  421 |       explicit constexpr pair(const _T1& __a, const _T2& __b)
      |                          ^~~~
C:/msys64/mingw64/include/c++/12.1.0/bits/stl_pair.h:421:26: note:   template argument deduction/substitution failed:
..\App.cpp:47:31: note:   candidate expects 2 arguments, 0 provided
   47 |         std::pair<User, bool> userLoginPair;
      |                               ^~~~~~~~~~~~~
C:/msys64/mingw64/include/c++/12.1.0/bits/stl_pair.h:411:17: note: candidate: 'template<class _U1, class _U2, typename std::enable_if<(_ConstructiblePair<_U1, _U2>() && _ImplicitlyConvertiblePair<_U1, _U2>()), bool>::type <anonymous> > constexpr std::pair<_T1, _T2>::pair(const _T1&, const _T2&) [with _U2 = _U1; typename std::enable_if<(std::_PCC<true, _T1, _T2>::_ConstructiblePair<_U1, _U2>() && std::_PCC<true, _T1, _T2>::_ImplicitlyConvertiblePair<_U1, _U2>()), bool>::type <anonymous> = _U2; _T1 = User; _T2 = bool]'
  411 |       constexpr pair(const _T1& __a, const _T2& __b)
      |                 ^~~~
C:/msys64/mingw64/include/c++/12.1.0/bits/stl_pair.h:411:17: note:   template argument deduction/substitution failed:
..\App.cpp:47:31: note:   candidate expects 2 arguments, 0 provided
   47 |         std::pair<User, bool> userLoginPair;
      |                               ^~~~~~~~~~~~~
C:/msys64/mingw64/include/c++/12.1.0/bits/stl_pair.h:396:26: note: candidate: 'template<class _U1, class _U2, typename std::enable_if<std::__and_<std::is_default_constructible<_U1>, std::is_default_constructible<_U2>, std::__not_<std::__and_<std::__is_implicitly_default_constructible<_U1>, std::__is_implicitly_default_constructible<_U2> > > >::value, bool>::type <anonymous> > constexpr std::pair<_T1, _T2>::pair() [with _U2 = _U1; typename std::enable_if<std::__and_<std::is_default_constructible<_U1>, std::is_default_constructible<_U2>, std::__not_<std::__and_<std::__is_implicitly_default_constructible<_U1>, std::__is_implicitly_default_constructible<_U2> > > >::value, bool>::type <anonymous> = _U2; _T1 = User; _T2 = bool]'
  396 |       explicit constexpr pair()
      |                          ^~~~
C:/msys64/mingw64/include/c++/12.1.0/bits/stl_pair.h:396:26: note:   substitution of deduced template arguments resulted in errors seen above
C:/msys64/mingw64/include/c++/12.1.0/bits/stl_pair.h:384:17: note: candidate: 'template<class _U1, class _U2, typename std::enable_if<std::__and_<std::__is_implicitly_default_constructible<_U1>, std::__is_implicitly_default_constructible<_U2> >::value, bool>::type <anonymous> > constexpr std::pair<_T1, _T2>::pair() [with _U2 = _U1; typename std::enable_if<std::__and_<std::__is_implicitly_default_constructible<_U1>, std::__is_implicitly_default_constructible<_U2> >::value, bool>::type <anonymous> = _U2; _T1 = User; _T2 = bool]'
  384 |       constexpr pair()
      |                 ^~~~
C:/msys64/mingw64/include/c++/12.1.0/bits/stl_pair.h:384:17: note:   template argument deduction/substitution failed:
C:/msys64/mingw64/include/c++/12.1.0/bits/stl_pair.h:383:59: error: no type named 'type' in 'struct std::enable_if<false, bool>'
  383 |                                    ::value, bool>::type = true>
      |                                                           ^~~~
C:/msys64/mingw64/include/c++/12.1.0/bits/stl_pair.h:217:9: note: candidate: 'template<class ... _Args1, long long unsigned int ..._Indexes1, class ... _Args2, long long unsigned int ..._Indexes2> std::pair<_T1, _T2>::pair(std::tuple<_Args1 ...>&, std::tuple<_Args2 ...>&, std::_Index_tuple<_Indexes1 ...>, std::_Index_tuple<_Indexes2 ...>) [with _Args1 = {_Args1 ...}; long long unsigned int ..._Indexes1 = {_Indexes1 ...}; _Args2 = {_Args2 ...}; long long unsigned int ..._Indexes2 = {_Indexes2 ...}; _T1 = User; _T2 = bool]'
  217 |         pair(tuple<_Args1...>&, tuple<_Args2...>&,
      |         ^~~~
C:/msys64/mingw64/include/c++/12.1.0/bits/stl_pair.h:217:9: note:   template argument deduction/substitution failed:
..\App.cpp:47:31: note:   candidate expects 4 arguments, 0 provided
   47 |         std::pair<User, bool> userLoginPair;
      |                               ^~~~~~~~~~~~~
C:/msys64/mingw64/include/c++/12.1.0/bits/stl_pair.h:200:9: note: candidate: 'template<class ... _Args1, class ... _Args2> std::pair<_T1, _T2>::pair(std::piecewise_construct_t, std::tuple<_Args1 ...>, std::tuple<_Args2 ...>) [with _Args1 = {_Args1 ...}; _Args2 = {_Args2 ...}; _T1 = User; _T2 = bool]'
  200 |         pair(piecewise_construct_t, tuple<_Args1...>, tuple<_Args2...>);
      |         ^~~~
C:/msys64/mingw64/include/c++/12.1.0/bits/stl_pair.h:200:9: note:   template argument deduction/substitution failed:
..\App.cpp:47:31: note:   candidate expects 3 arguments, 0 provided
   47 |         std::pair<User, bool> userLoginPair;
      |                               ^~~~~~~~~~~~~
C:/msys64/mingw64/include/c++/12.1.0/bits/stl_pair.h:196:17: note: candidate: 'constexpr std::pair<_T1, _T2>::pair(std::pair<_T1, _T2>&&) [with _T1 = User; _T2 = bool]'
  196 |       constexpr pair(pair&&) = default;         ///< Move constructor
      |                 ^~~~
C:/msys64/mingw64/include/c++/12.1.0/bits/stl_pair.h:196:17: note:   candidate expects 1 argument, 0 provided
C:/msys64/mingw64/include/c++/12.1.0/bits/stl_pair.h:195:17: note: candidate: 'constexpr std::pair<_T1, _T2>::pair(const std::pair<_T1, _T2>&) [with _T1 = User; _T2 = bool]'
  195 |       constexpr pair(const pair&) = default;    ///< Copy constructor
      |                 ^~~~
C:/msys64/mingw64/include/c++/12.1.0/bits/stl_pair.h:195:17: note:   candidate expects 1 argument, 0 provided
..\App.cpp:47:31: warning: unused variable 'userLoginPair' [-Wunused-variable]
   47 |         std::pair<User, bool> userLoginPair;
      |                               ^~~~~~~~~~~~~
15:42:10 **** Incremental Build of configuration Debug for project askme-oo ****
Info: Internal Builder is used for build
g++ -O0 -g3 -Wall -c -fmessage-length=0 -o App.o "..\\App.cpp" 
In file included from ..\App.cpp:12:
..\Authenticator.h:16:23: error: field 'login_handler' has incomplete type 'Login_handler'
   16 |         Login_handler login_handler{};
      |                       ^~~~~~~~~~~~~
..\Authenticator.h:11:7: note: forward declaration of 'class Login_handler'
   11 | class Login_handler;
      |       ^~~~~~~~~~~~~
..\App.cpp:27:13: error: no declaration matches 'std::string App::get_qText_from_user()'
   27 | std::string App::get_qText_from_user()
      |             ^~~
..\App.cpp:27:13: note: no functions named 'std::string App::get_qText_from_user()'
In file included from ..\App.cpp:8:
..\App.h:14:7: note: 'class App' defined here
   14 | class App {
      |       ^~~
..\App.cpp: In member function 'void App::run()':
..\App.cpp:42:14: error: aggregate 'User user' has incomplete type and cannot be defined
   42 |         User user;
      |              ^~~~
..\App.cpp:44:23: error: aggregate 'Login_handler login_handler' has incomplete type and cannot be defined
   44 |         Login_handler login_handler;
      |                       ^~~~~~~~~~~~~
..\App.cpp:45:9: error: 'Signup_handler' was not declared in this scope
   45 |         Signup_handler signup_handler;
      |         ^~~~~~~~~~~~~~
In file included from C:/msys64/mingw64/include/c++/12.1.0/bits/stl_algobase.h:64,
                 from C:/msys64/mingw64/include/c++/12.1.0/string:50,
                 from C:/msys64/mingw64/include/c++/12.1.0/bits/locale_classes.h:40,
                 from C:/msys64/mingw64/include/c++/12.1.0/bits/ios_base.h:41,
                 from C:/msys64/mingw64/include/c++/12.1.0/ios:42,
                 from C:/msys64/mingw64/include/c++/12.1.0/ostream:38,
                 from C:/msys64/mingw64/include/c++/12.1.0/iostream:39,
                 from ..\App.h:10:
C:/msys64/mingw64/include/c++/12.1.0/bits/stl_pair.h: In instantiation of 'struct std::pair<User, bool>':
..\App.cpp:47:24:   required from here
C:/msys64/mingw64/include/c++/12.1.0/bits/stl_pair.h:191:11: error: 'std::pair<_T1, _T2>::first' has incomplete type
  191 |       _T1 first;                 ///< The first member
      |           ^~~~~
..\App.h:12:7: note: forward declaration of 'class User'
   12 | class User;
      |       ^~~~
In file included from C:/msys64/mingw64/include/c++/12.1.0/bits/move.h:57,
                 from C:/msys64/mingw64/include/c++/12.1.0/bits/exception_ptr.h:43,
                 from C:/msys64/mingw64/include/c++/12.1.0/exception:168,
                 from C:/msys64/mingw64/include/c++/12.1.0/ios:39:
C:/msys64/mingw64/include/c++/12.1.0/type_traits: In instantiation of 'struct std::is_copy_assignable<User>':
C:/msys64/mingw64/include/c++/12.1.0/type_traits:167:12:   required from 'struct std::__and_<std::is_copy_assignable<User>, std::is_copy_assignable<bool> >'
C:/msys64/mingw64/include/c++/12.1.0/bits/stl_pair.h:568:7:   required from 'struct std::pair<User, bool>'
..\App.cpp:47:24:   required from here
C:/msys64/mingw64/include/c++/12.1.0/type_traits:1135:52: error: static assertion failed: template argument must be a complete class or an unbounded array
 1135 |       static_assert(std::__is_complete_or_unbounded(__type_identity<_Tp>{}),
      |                     ~~~~~~~~~~~~~~~~~~~~~~~~~~~~~~~^~~~~~~~~~~~~~~~~~~~~~~~
C:/msys64/mingw64/include/c++/12.1.0/type_traits:1135:52: note: 'std::__is_complete_or_unbounded<__type_identity<User> >((std::__type_identity<User>(), std::__type_identity<User>()))' evaluates to false
C:/msys64/mingw64/include/c++/12.1.0/type_traits: In instantiation of 'struct std::is_move_assignable<User>':
C:/msys64/mingw64/include/c++/12.1.0/type_traits:167:12:   required from 'struct std::__and_<std::is_move_assignable<User>, std::is_move_assignable<bool> >'
C:/msys64/mingw64/include/c++/12.1.0/bits/stl_pair.h:578:7:   required from 'struct std::pair<User, bool>'
..\App.cpp:47:24:   required from here
C:/msys64/mingw64/include/c++/12.1.0/type_traits:1156:52: error: static assertion failed: template argument must be a complete class or an unbounded array
 1156 |       static_assert(std::__is_complete_or_unbounded(__type_identity<_Tp>{}),
      |                     ~~~~~~~~~~~~~~~~~~~~~~~~~~~~~~~^~~~~~~~~~~~~~~~~~~~~~~~
C:/msys64/mingw64/include/c++/12.1.0/type_traits:1156:52: note: 'std::__is_complete_or_unbounded<__type_identity<User> >((std::__type_identity<User>(), std::__type_identity<User>()))' evaluates to false
C:/msys64/mingw64/include/c++/12.1.0/type_traits: In instantiation of 'struct std::is_default_constructible<User>':
C:/msys64/mingw64/include/c++/12.1.0/type_traits:172:12:   required from 'struct std::__and_<std::is_default_constructible<User>, std::is_default_constructible<bool>, std::__not_<std::__and_<std::__is_implicitly_default_constructible<User>, std::__is_implicitly_default_constructible<bool> > > >'
C:/msys64/mingw64/include/c++/12.1.0/bits/stl_pair.h:395:59:   required by substitution of 'template<class _U1, class _U2, typename std::enable_if<std::__and_<std::is_default_constructible<_U1>, std::is_default_constructible<_U2>, std::__not_<std::__and_<std::__is_implicitly_default_constructible<_U1>, std::__is_implicitly_default_constructible<_U2> > > >::value, bool>::type <anonymous> > constexpr std::pair<User, bool>::pair() [with _U1 = User; _U2 = bool; typename std::enable_if<std::__and_<std::is_default_constructible<_U1>, std::is_default_constructible<_U2>, std::__not_<std::__and_<std::__is_implicitly_default_constructible<_U1>, std::__is_implicitly_default_constructible<_U2> > > >::value, bool>::type <anonymous> = <missing>]'
..\App.cpp:47:24:   required from here
C:/msys64/mingw64/include/c++/12.1.0/type_traits:989:52: error: static assertion failed: template argument must be a complete class or an unbounded array
  989 |       static_assert(std::__is_complete_or_unbounded(__type_identity<_Tp>{}),
      |                     ~~~~~~~~~~~~~~~~~~~~~~~~~~~~~~~^~~~~~~~~~~~~~~~~~~~~~~~
C:/msys64/mingw64/include/c++/12.1.0/type_traits:989:52: note: 'std::__is_complete_or_unbounded<__type_identity<User> >((std::__type_identity<User>(), std::__type_identity<User>()))' evaluates to false
..\App.cpp:47:31: error: no matching function for call to 'std::pair<User, bool>::pair()'
   47 |         std::pair<User, bool> userLoginPair;
      |                               ^~~~~~~~~~~~~
C:/msys64/mingw64/include/c++/12.1.0/bits/stl_pair.h:563:28: note: candidate: 'template<class _U1, class _U2, typename std::enable_if<(std::_PCC<((! std::is_same<User, _U1>::value) || (! std::is_same<bool, _U2>::value)), User, bool>::_MoveConstructiblePair<_U1, _U2>() && (! std::_PCC<((! std::is_same<User, _U1>::value) || (! std::is_same<bool, _U2>::value)), User, bool>::_ImplicitlyMoveConvertiblePair<_U1, _U2>())), bool>::type <anonymous> > constexpr std::pair<_T1, _T2>::pair(std::pair<_U1, _U2>&&) [with _U2 = _U1; typename std::enable_if<(std::_PCC<((! std::is_same<_T1, _U1>::value) || (! std::is_same<_T2, _U2>::value)), _T1, _T2>::_MoveConstructiblePair<_U1, _U2>() && (! std::_PCC<((! std::is_same<_T1, _U1>::value) || (! std::is_same<_T2, _U2>::value)), _T1, _T2>::_ImplicitlyMoveConvertiblePair<_U1, _U2>())), bool>::type <anonymous> = _U2; _T1 = User; _T2 = bool]'
  563 |         explicit constexpr pair(pair<_U1, _U2>&& __p)
      |                            ^~~~
C:/msys64/mingw64/include/c++/12.1.0/bits/stl_pair.h:563:28: note:   template argument deduction/substitution failed:
..\App.cpp:47:31: note:   candidate expects 1 argument, 0 provided
   47 |         std::pair<User, bool> userLoginPair;
      |                               ^~~~~~~~~~~~~
C:/msys64/mingw64/include/c++/12.1.0/bits/stl_pair.h:553:19: note: candidate: 'template<class _U1, class _U2, typename std::enable_if<(std::_PCC<((! std::is_same<User, _U1>::value) || (! std::is_same<bool, _U2>::value)), User, bool>::_MoveConstructiblePair<_U1, _U2>() && std::_PCC<((! std::is_same<User, _U1>::value) || (! std::is_same<bool, _U2>::value)), User, bool>::_ImplicitlyMoveConvertiblePair<_U1, _U2>()), bool>::type <anonymous> > constexpr std::pair<_T1, _T2>::pair(std::pair<_U1, _U2>&&) [with _U2 = _U1; typename std::enable_if<(std::_PCC<((! std::is_same<_T1, _U1>::value) || (! std::is_same<_T2, _U2>::value)), _T1, _T2>::_MoveConstructiblePair<_U1, _U2>() && std::_PCC<((! std::is_same<_T1, _U1>::value) || (! std::is_same<_T2, _U2>::value)), _T1, _T2>::_ImplicitlyMoveConvertiblePair<_U1, _U2>()), bool>::type <anonymous> = _U2; _T1 = User; _T2 = bool]'
  553 |         constexpr pair(pair<_U1, _U2>&& __p)
      |                   ^~~~
C:/msys64/mingw64/include/c++/12.1.0/bits/stl_pair.h:553:19: note:   template argument deduction/substitution failed:
..\App.cpp:47:31: note:   candidate expects 1 argument, 0 provided
   47 |         std::pair<User, bool> userLoginPair;
      |                               ^~~~~~~~~~~~~
C:/msys64/mingw64/include/c++/12.1.0/bits/stl_pair.h:543:28: note: candidate: 'template<class _U1, class _U2, typename std::enable_if<(_MoveConstructiblePair<_U1, _U2>() && (! _ImplicitlyMoveConvertiblePair<_U1, _U2>())), bool>::type <anonymous> > constexpr std::pair<_T1, _T2>::pair(_U1&&, _U2&&) [with _U2 = _U1; typename std::enable_if<(std::_PCC<true, _T1, _T2>::_MoveConstructiblePair<_U1, _U2>() && (! std::_PCC<true, _T1, _T2>::_ImplicitlyMoveConvertiblePair<_U1, _U2>())), bool>::type <anonymous> = _U2; _T1 = User; _T2 = bool]'
  543 |         explicit constexpr pair(_U1&& __x, _U2&& __y)
      |                            ^~~~
C:/msys64/mingw64/include/c++/12.1.0/bits/stl_pair.h:543:28: note:   template argument deduction/substitution failed:
..\App.cpp:47:31: note:   candidate expects 2 arguments, 0 provided
   47 |         std::pair<User, bool> userLoginPair;
      |                               ^~~~~~~~~~~~~
C:/msys64/mingw64/include/c++/12.1.0/bits/stl_pair.h:534:19: note: candidate: 'template<class _U1, class _U2, typename std::enable_if<(_MoveConstructiblePair<_U1, _U2>() && _ImplicitlyMoveConvertiblePair<_U1, _U2>()), bool>::type <anonymous> > constexpr std::pair<_T1, _T2>::pair(_U1&&, _U2&&) [with _U2 = _U1; typename std::enable_if<(std::_PCC<true, _T1, _T2>::_MoveConstructiblePair<_U1, _U2>() && std::_PCC<true, _T1, _T2>::_ImplicitlyMoveConvertiblePair<_U1, _U2>()), bool>::type <anonymous> = _U2; _T1 = User; _T2 = bool]'
  534 |         constexpr pair(_U1&& __x, _U2&& __y)
      |                   ^~~~
C:/msys64/mingw64/include/c++/12.1.0/bits/stl_pair.h:534:19: note:   template argument deduction/substitution failed:
..\App.cpp:47:31: note:   candidate expects 2 arguments, 0 provided
   47 |         std::pair<User, bool> userLoginPair;
      |                               ^~~~~~~~~~~~~
C:/msys64/mingw64/include/c++/12.1.0/bits/stl_pair.h:523:9: note: candidate: 'template<class _U2, typename std::enable_if<std::__and_<std::is_pointer<User>, std::__not_<std::is_reference<_Tp> >, std::is_constructible<bool, _U2>, std::__not_<std::is_constructible<bool, const _U1&> >, std::__not_<std::is_convertible<_U2, bool> > >::value, bool>::type <anonymous> > constexpr std::pair<_T1, _T2>::pair(__zero_as_null_pointer_constant, _U2&&, ...) [with typename std::enable_if<std::__and_<std::is_pointer<_Tp>, std::__not_<std::is_reference<_U1> >, std::is_constructible<_T2, _U2>, std::__not_<std::is_constructible<_T1, const _U1&> >, std::__not_<std::is_convertible<_U2, _T2> > >::value, bool>::type <anonymous> = _U2; _T1 = User; _T2 = bool]'
  523 |         pair(__zero_as_null_pointer_constant, _U2&& __y, ...)
      |         ^~~~
C:/msys64/mingw64/include/c++/12.1.0/bits/stl_pair.h:523:9: note:   template argument deduction/substitution failed:
..\App.cpp:47:31: note:   candidate expects 2 arguments, 0 provided
   47 |         std::pair<User, bool> userLoginPair;
      |                               ^~~~~~~~~~~~~
C:/msys64/mingw64/include/c++/12.1.0/bits/stl_pair.h:511:9: note: candidate: 'template<class _U2, typename std::enable_if<std::__and_<std::is_pointer<User>, std::__not_<std::is_reference<_Tp> >, std::is_constructible<bool, _U2>, std::__not_<std::is_constructible<bool, const _U1&> >, std::is_convertible<_U2, bool> >::value, bool>::type <anonymous> > constexpr std::pair<_T1, _T2>::pair(__zero_as_null_pointer_constant, _U2&&, ...) [with typename std::enable_if<std::__and_<std::is_pointer<_Tp>, std::__not_<std::is_reference<_U1> >, std::is_constructible<_T2, _U2>, std::__not_<std::is_constructible<_T1, const _U1&> >, std::is_convertible<_U2, _T2> >::value, bool>::type <anonymous> = _U2; _T1 = User; _T2 = bool]'
  511 |         pair(__zero_as_null_pointer_constant, _U2&& __y, ...)
      |         ^~~~
C:/msys64/mingw64/include/c++/12.1.0/bits/stl_pair.h:511:9: note:   template argument deduction/substitution failed:
..\App.cpp:47:31: note:   candidate expects 2 arguments, 0 provided
   47 |         std::pair<User, bool> userLoginPair;
      |                               ^~~~~~~~~~~~~
C:/msys64/mingw64/include/c++/12.1.0/bits/stl_pair.h:499:9: note: candidate: 'template<class _U1, typename std::enable_if<std::__and_<std::__not_<std::is_reference<_Tp> >, std::is_pointer<bool>, std::is_constructible<User, _U1>, std::__not_<std::is_constructible<User, const _U1&> >, std::__not_<std::is_convertible<_Iter, User> > >::value, bool>::type <anonymous> > constexpr std::pair<_T1, _T2>::pair(_U1&&, __zero_as_null_pointer_constant, ...) [with typename std::enable_if<std::__and_<std::__not_<std::is_reference<_U1> >, std::is_pointer<_T2>, std::is_constructible<_T1, _U1>, std::__not_<std::is_constructible<_T1, const _U1&> >, std::__not_<std::is_convertible<_Iter, _Iterator> > >::value, bool>::type <anonymous> = _U1; _T1 = User; _T2 = bool]'
  499 |         pair(_U1&& __x, __zero_as_null_pointer_constant, ...)
      |         ^~~~
C:/msys64/mingw64/include/c++/12.1.0/bits/stl_pair.h:499:9: note:   template argument deduction/substitution failed:
..\App.cpp:47:31: note:   candidate expects 2 arguments, 0 provided
   47 |         std::pair<User, bool> userLoginPair;
      |                               ^~~~~~~~~~~~~
C:/msys64/mingw64/include/c++/12.1.0/bits/stl_pair.h:487:9: note: candidate: 'template<class _U1, typename std::enable_if<std::__and_<std::__not_<std::is_reference<_Tp> >, std::is_pointer<bool>, std::is_constructible<User, _U1>, std::__not_<std::is_constructible<User, const _U1&> >, std::is_convertible<_Iter, User> >::value, bool>::type <anonymous> > constexpr std::pair<_T1, _T2>::pair(_U1&&, __zero_as_null_pointer_constant, ...) [with typename std::enable_if<std::__and_<std::__not_<std::is_reference<_U1> >, std::is_pointer<_T2>, std::is_constructible<_T1, _U1>, std::__not_<std::is_constructible<_T1, const _U1&> >, std::is_convertible<_Iter, _Iterator> >::value, bool>::type <anonymous> = _U1; _T1 = User; _T2 = bool]'
  487 |         pair(_U1&& __x, __zero_as_null_pointer_constant, ...)
      |         ^~~~
C:/msys64/mingw64/include/c++/12.1.0/bits/stl_pair.h:487:9: note:   template argument deduction/substitution failed:
..\App.cpp:47:31: note:   candidate expects 2 arguments, 0 provided
   47 |         std::pair<User, bool> userLoginPair;
      |                               ^~~~~~~~~~~~~
C:/msys64/mingw64/include/c++/12.1.0/bits/stl_pair.h:447:28: note: candidate: 'template<class _U1, class _U2, typename std::enable_if<(std::_PCC<((! std::is_same<User, _U1>::value) || (! std::is_same<bool, _U2>::value)), User, bool>::_ConstructiblePair<_U1, _U2>() && (! std::_PCC<((! std::is_same<User, _U1>::value) || (! std::is_same<bool, _U2>::value)), User, bool>::_ImplicitlyConvertiblePair<_U1, _U2>())), bool>::type <anonymous> > constexpr std::pair<_T1, _T2>::pair(const std::pair<_U1, _U2>&) [with _U2 = _U1; typename std::enable_if<(std::_PCC<((! std::is_same<_T1, _U1>::value) || (! std::is_same<_T2, _U2>::value)), _T1, _T2>::_ConstructiblePair<_U1, _U2>() && (! std::_PCC<((! std::is_same<_T1, _U1>::value) || (! std::is_same<_T2, _U2>::value)), _T1, _T2>::_ImplicitlyConvertiblePair<_U1, _U2>())), bool>::type <anonymous> = _U2; _T1 = User; _T2 = bool]'
  447 |         explicit constexpr pair(const pair<_U1, _U2>& __p)
      |                            ^~~~
C:/msys64/mingw64/include/c++/12.1.0/bits/stl_pair.h:447:28: note:   template argument deduction/substitution failed:
..\App.cpp:47:31: note:   candidate expects 1 argument, 0 provided
   47 |         std::pair<User, bool> userLoginPair;
      |                               ^~~~~~~~~~~~~
C:/msys64/mingw64/include/c++/12.1.0/bits/stl_pair.h:438:19: note: candidate: 'template<class _U1, class _U2, typename std::enable_if<(std::_PCC<((! std::is_same<User, _U1>::value) || (! std::is_same<bool, _U2>::value)), User, bool>::_ConstructiblePair<_U1, _U2>() && std::_PCC<((! std::is_same<User, _U1>::value) || (! std::is_same<bool, _U2>::value)), User, bool>::_ImplicitlyConvertiblePair<_U1, _U2>()), bool>::type <anonymous> > constexpr std::pair<_T1, _T2>::pair(const std::pair<_U1, _U2>&) [with _U2 = _U1; typename std::enable_if<(std::_PCC<((! std::is_same<_T1, _U1>::value) || (! std::is_same<_T2, _U2>::value)), _T1, _T2>::_ConstructiblePair<_U1, _U2>() && std::_PCC<((! std::is_same<_T1, _U1>::value) || (! std::is_same<_T2, _U2>::value)), _T1, _T2>::_ImplicitlyConvertiblePair<_U1, _U2>()), bool>::type <anonymous> = _U2; _T1 = User; _T2 = bool]'
  438 |         constexpr pair(const pair<_U1, _U2>& __p)
      |                   ^~~~
C:/msys64/mingw64/include/c++/12.1.0/bits/stl_pair.h:438:19: note:   template argument deduction/substitution failed:
..\App.cpp:47:31: note:   candidate expects 1 argument, 0 provided
   47 |         std::pair<User, bool> userLoginPair;
      |                               ^~~~~~~~~~~~~
C:/msys64/mingw64/include/c++/12.1.0/bits/stl_pair.h:421:26: note: candidate: 'template<class _U1, class _U2, typename std::enable_if<(_ConstructiblePair<_U1, _U2>() && (! _ImplicitlyConvertiblePair<_U1, _U2>())), bool>::type <anonymous> > constexpr std::pair<_T1, _T2>::pair(const _T1&, const _T2&) [with _U2 = _U1; typename std::enable_if<(std::_PCC<true, _T1, _T2>::_ConstructiblePair<_U1, _U2>() && (! std::_PCC<true, _T1, _T2>::_ImplicitlyConvertiblePair<_U1, _U2>())), bool>::type <anonymous> = _U2; _T1 = User; _T2 = bool]'
  421 |       explicit constexpr pair(const _T1& __a, const _T2& __b)
      |                          ^~~~
C:/msys64/mingw64/include/c++/12.1.0/bits/stl_pair.h:421:26: note:   template argument deduction/substitution failed:
..\App.cpp:47:31: note:   candidate expects 2 arguments, 0 provided
   47 |         std::pair<User, bool> userLoginPair;
      |                               ^~~~~~~~~~~~~
C:/msys64/mingw64/include/c++/12.1.0/bits/stl_pair.h:411:17: note: candidate: 'template<class _U1, class _U2, typename std::enable_if<(_ConstructiblePair<_U1, _U2>() && _ImplicitlyConvertiblePair<_U1, _U2>()), bool>::type <anonymous> > constexpr std::pair<_T1, _T2>::pair(const _T1&, const _T2&) [with _U2 = _U1; typename std::enable_if<(std::_PCC<true, _T1, _T2>::_ConstructiblePair<_U1, _U2>() && std::_PCC<true, _T1, _T2>::_ImplicitlyConvertiblePair<_U1, _U2>()), bool>::type <anonymous> = _U2; _T1 = User; _T2 = bool]'
  411 |       constexpr pair(const _T1& __a, const _T2& __b)
      |                 ^~~~
C:/msys64/mingw64/include/c++/12.1.0/bits/stl_pair.h:411:17: note:   template argument deduction/substitution failed:
..\App.cpp:47:31: note:   candidate expects 2 arguments, 0 provided
   47 |         std::pair<User, bool> userLoginPair;
      |                               ^~~~~~~~~~~~~
C:/msys64/mingw64/include/c++/12.1.0/bits/stl_pair.h:396:26: note: candidate: 'template<class _U1, class _U2, typename std::enable_if<std::__and_<std::is_default_constructible<_U1>, std::is_default_constructible<_U2>, std::__not_<std::__and_<std::__is_implicitly_default_constructible<_U1>, std::__is_implicitly_default_constructible<_U2> > > >::value, bool>::type <anonymous> > constexpr std::pair<_T1, _T2>::pair() [with _U2 = _U1; typename std::enable_if<std::__and_<std::is_default_constructible<_U1>, std::is_default_constructible<_U2>, std::__not_<std::__and_<std::__is_implicitly_default_constructible<_U1>, std::__is_implicitly_default_constructible<_U2> > > >::value, bool>::type <anonymous> = _U2; _T1 = User; _T2 = bool]'
  396 |       explicit constexpr pair()
      |                          ^~~~
C:/msys64/mingw64/include/c++/12.1.0/bits/stl_pair.h:396:26: note:   substitution of deduced template arguments resulted in errors seen above
C:/msys64/mingw64/include/c++/12.1.0/bits/stl_pair.h:384:17: note: candidate: 'template<class _U1, class _U2, typename std::enable_if<std::__and_<std::__is_implicitly_default_constructible<_U1>, std::__is_implicitly_default_constructible<_U2> >::value, bool>::type <anonymous> > constexpr std::pair<_T1, _T2>::pair() [with _U2 = _U1; typename std::enable_if<std::__and_<std::__is_implicitly_default_constructible<_U1>, std::__is_implicitly_default_constructible<_U2> >::value, bool>::type <anonymous> = _U2; _T1 = User; _T2 = bool]'
  384 |       constexpr pair()
      |                 ^~~~
C:/msys64/mingw64/include/c++/12.1.0/bits/stl_pair.h:384:17: note:   template argument deduction/substitution failed:
C:/msys64/mingw64/include/c++/12.1.0/bits/stl_pair.h:383:59: error: no type named 'type' in 'struct std::enable_if<false, bool>'
  383 |                                    ::value, bool>::type = true>
      |                                                           ^~~~
C:/msys64/mingw64/include/c++/12.1.0/bits/stl_pair.h:217:9: note: candidate: 'template<class ... _Args1, long long unsigned int ..._Indexes1, class ... _Args2, long long unsigned int ..._Indexes2> std::pair<_T1, _T2>::pair(std::tuple<_Args1 ...>&, std::tuple<_Args2 ...>&, std::_Index_tuple<_Indexes1 ...>, std::_Index_tuple<_Indexes2 ...>) [with _Args1 = {_Args1 ...}; long long unsigned int ..._Indexes1 = {_Indexes1 ...}; _Args2 = {_Args2 ...}; long long unsigned int ..._Indexes2 = {_Indexes2 ...}; _T1 = User; _T2 = bool]'
  217 |         pair(tuple<_Args1...>&, tuple<_Args2...>&,
      |         ^~~~
C:/msys64/mingw64/include/c++/12.1.0/bits/stl_pair.h:217:9: note:   template argument deduction/substitution failed:
..\App.cpp:47:31: note:   candidate expects 4 arguments, 0 provided
   47 |         std::pair<User, bool> userLoginPair;
      |                               ^~~~~~~~~~~~~
C:/msys64/mingw64/include/c++/12.1.0/bits/stl_pair.h:200:9: note: candidate: 'template<class ... _Args1, class ... _Args2> std::pair<_T1, _T2>::pair(std::piecewise_construct_t, std::tuple<_Args1 ...>, std::tuple<_Args2 ...>) [with _Args1 = {_Args1 ...}; _Args2 = {_Args2 ...}; _T1 = User; _T2 = bool]'
  200 |         pair(piecewise_construct_t, tuple<_Args1...>, tuple<_Args2...>);
      |         ^~~~
C:/msys64/mingw64/include/c++/12.1.0/bits/stl_pair.h:200:9: note:   template argument deduction/substitution failed:
..\App.cpp:47:31: note:   candidate expects 3 arguments, 0 provided
   47 |         std::pair<User, bool> userLoginPair;
      |                               ^~~~~~~~~~~~~
C:/msys64/mingw64/include/c++/12.1.0/bits/stl_pair.h:196:17: note: candidate: 'constexpr std::pair<_T1, _T2>::pair(std::pair<_T1, _T2>&&) [with _T1 = User; _T2 = bool]'
  196 |       constexpr pair(pair&&) = default;         ///< Move constructor
      |                 ^~~~
C:/msys64/mingw64/include/c++/12.1.0/bits/stl_pair.h:196:17: note:   candidate expects 1 argument, 0 provided
C:/msys64/mingw64/include/c++/12.1.0/bits/stl_pair.h:195:17: note: candidate: 'constexpr std::pair<_T1, _T2>::pair(const std::pair<_T1, _T2>&) [with _T1 = User; _T2 = bool]'
  195 |       constexpr pair(const pair&) = default;    ///< Copy constructor
      |                 ^~~~
C:/msys64/mingw64/include/c++/12.1.0/bits/stl_pair.h:195:17: note:   candidate expects 1 argument, 0 provided
..\App.cpp:47:31: warning: unused variable 'userLoginPair' [-Wunused-variable]
   47 |         std::pair<User, bool> userLoginPair;
      |                               ^~~~~~~~~~~~~
15:43:12 **** Incremental Build of configuration Debug for project askme-oo ****
Info: Internal Builder is used for build
g++ -O0 -g3 -Wall -c -fmessage-length=0 -o Authenticator.o "..\\Authenticator.cpp" 
In file included from ..\Authenticator.cpp:8:
..\Authenticator.h:16:23: error: field 'login_handler' has incomplete type 'Login_handler'
   16 |         Login_handler login_handler;
      |                       ^~~~~~~~~~~~~
..\Authenticator.h:11:7: note: forward declaration of 'class Login_handler'
   11 | class Login_handler;
      |       ^~~~~~~~~~~~~
15:44:56 **** Incremental Build of configuration Debug for project askme-oo ****
Info: Internal Builder is used for build
g++ -O0 -g3 -Wall -c -fmessage-length=0 -o App.o "..\\App.cpp" 
In file included from ..\App.cpp:12:
..\Authenticator.h:16:23: error: field 'login_handler' has incomplete type 'Login_handler'
   16 |         Login_handler login_handler;
      |                       ^~~~~~~~~~~~~
..\Authenticator.h:11:7: note: forward declaration of 'class Login_handler'
   11 | class Login_handler;
      |       ^~~~~~~~~~~~~
..\App.cpp:27:13: error: no declaration matches 'std::string App::get_qText_from_user()'
   27 | std::string App::get_qText_from_user()
      |             ^~~
..\App.cpp:27:13: note: no functions named 'std::string App::get_qText_from_user()'
In file included from ..\App.cpp:8:
..\App.h:14:7: note: 'class App' defined here
   14 | class App {
      |       ^~~
..\App.cpp: In member function 'void App::run()':
..\App.cpp:42:14: error: aggregate 'User user' has incomplete type and cannot be defined
   42 |         User user;
      |              ^~~~
..\App.cpp:44:23: error: aggregate 'Login_handler login_handler' has incomplete type and cannot be defined
   44 |         Login_handler login_handler;
      |                       ^~~~~~~~~~~~~
..\App.cpp:45:9: error: 'Signup_handler' was not declared in this scope
   45 |         Signup_handler signup_handler;
      |         ^~~~~~~~~~~~~~
In file included from C:/msys64/mingw64/include/c++/12.1.0/bits/stl_algobase.h:64,
                 from C:/msys64/mingw64/include/c++/12.1.0/string:50,
                 from C:/msys64/mingw64/include/c++/12.1.0/bits/locale_classes.h:40,
                 from C:/msys64/mingw64/include/c++/12.1.0/bits/ios_base.h:41,
                 from C:/msys64/mingw64/include/c++/12.1.0/ios:42,
                 from C:/msys64/mingw64/include/c++/12.1.0/ostream:38,
                 from C:/msys64/mingw64/include/c++/12.1.0/iostream:39,
                 from ..\App.h:10:
C:/msys64/mingw64/include/c++/12.1.0/bits/stl_pair.h: In instantiation of 'struct std::pair<User, bool>':
..\App.cpp:47:24:   required from here
C:/msys64/mingw64/include/c++/12.1.0/bits/stl_pair.h:191:11: error: 'std::pair<_T1, _T2>::first' has incomplete type
  191 |       _T1 first;                 ///< The first member
      |           ^~~~~
..\App.h:12:7: note: forward declaration of 'class User'
   12 | class User;
      |       ^~~~
In file included from C:/msys64/mingw64/include/c++/12.1.0/bits/move.h:57,
                 from C:/msys64/mingw64/include/c++/12.1.0/bits/exception_ptr.h:43,
                 from C:/msys64/mingw64/include/c++/12.1.0/exception:168,
                 from C:/msys64/mingw64/include/c++/12.1.0/ios:39:
C:/msys64/mingw64/include/c++/12.1.0/type_traits: In instantiation of 'struct std::is_copy_assignable<User>':
C:/msys64/mingw64/include/c++/12.1.0/type_traits:167:12:   required from 'struct std::__and_<std::is_copy_assignable<User>, std::is_copy_assignable<bool> >'
C:/msys64/mingw64/include/c++/12.1.0/bits/stl_pair.h:568:7:   required from 'struct std::pair<User, bool>'
..\App.cpp:47:24:   required from here
C:/msys64/mingw64/include/c++/12.1.0/type_traits:1135:52: error: static assertion failed: template argument must be a complete class or an unbounded array
 1135 |       static_assert(std::__is_complete_or_unbounded(__type_identity<_Tp>{}),
      |                     ~~~~~~~~~~~~~~~~~~~~~~~~~~~~~~~^~~~~~~~~~~~~~~~~~~~~~~~
C:/msys64/mingw64/include/c++/12.1.0/type_traits:1135:52: note: 'std::__is_complete_or_unbounded<__type_identity<User> >((std::__type_identity<User>(), std::__type_identity<User>()))' evaluates to false
C:/msys64/mingw64/include/c++/12.1.0/type_traits: In instantiation of 'struct std::is_move_assignable<User>':
C:/msys64/mingw64/include/c++/12.1.0/type_traits:167:12:   required from 'struct std::__and_<std::is_move_assignable<User>, std::is_move_assignable<bool> >'
C:/msys64/mingw64/include/c++/12.1.0/bits/stl_pair.h:578:7:   required from 'struct std::pair<User, bool>'
..\App.cpp:47:24:   required from here
C:/msys64/mingw64/include/c++/12.1.0/type_traits:1156:52: error: static assertion failed: template argument must be a complete class or an unbounded array
 1156 |       static_assert(std::__is_complete_or_unbounded(__type_identity<_Tp>{}),
      |                     ~~~~~~~~~~~~~~~~~~~~~~~~~~~~~~~^~~~~~~~~~~~~~~~~~~~~~~~
C:/msys64/mingw64/include/c++/12.1.0/type_traits:1156:52: note: 'std::__is_complete_or_unbounded<__type_identity<User> >((std::__type_identity<User>(), std::__type_identity<User>()))' evaluates to false
C:/msys64/mingw64/include/c++/12.1.0/type_traits: In instantiation of 'struct std::is_default_constructible<User>':
C:/msys64/mingw64/include/c++/12.1.0/type_traits:172:12:   required from 'struct std::__and_<std::is_default_constructible<User>, std::is_default_constructible<bool>, std::__not_<std::__and_<std::__is_implicitly_default_constructible<User>, std::__is_implicitly_default_constructible<bool> > > >'
C:/msys64/mingw64/include/c++/12.1.0/bits/stl_pair.h:395:59:   required by substitution of 'template<class _U1, class _U2, typename std::enable_if<std::__and_<std::is_default_constructible<_U1>, std::is_default_constructible<_U2>, std::__not_<std::__and_<std::__is_implicitly_default_constructible<_U1>, std::__is_implicitly_default_constructible<_U2> > > >::value, bool>::type <anonymous> > constexpr std::pair<User, bool>::pair() [with _U1 = User; _U2 = bool; typename std::enable_if<std::__and_<std::is_default_constructible<_U1>, std::is_default_constructible<_U2>, std::__not_<std::__and_<std::__is_implicitly_default_constructible<_U1>, std::__is_implicitly_default_constructible<_U2> > > >::value, bool>::type <anonymous> = <missing>]'
..\App.cpp:47:24:   required from here
C:/msys64/mingw64/include/c++/12.1.0/type_traits:989:52: error: static assertion failed: template argument must be a complete class or an unbounded array
  989 |       static_assert(std::__is_complete_or_unbounded(__type_identity<_Tp>{}),
      |                     ~~~~~~~~~~~~~~~~~~~~~~~~~~~~~~~^~~~~~~~~~~~~~~~~~~~~~~~
C:/msys64/mingw64/include/c++/12.1.0/type_traits:989:52: note: 'std::__is_complete_or_unbounded<__type_identity<User> >((std::__type_identity<User>(), std::__type_identity<User>()))' evaluates to false
..\App.cpp:47:31: error: no matching function for call to 'std::pair<User, bool>::pair()'
   47 |         std::pair<User, bool> userLoginPair;
      |                               ^~~~~~~~~~~~~
C:/msys64/mingw64/include/c++/12.1.0/bits/stl_pair.h:563:28: note: candidate: 'template<class _U1, class _U2, typename std::enable_if<(std::_PCC<((! std::is_same<User, _U1>::value) || (! std::is_same<bool, _U2>::value)), User, bool>::_MoveConstructiblePair<_U1, _U2>() && (! std::_PCC<((! std::is_same<User, _U1>::value) || (! std::is_same<bool, _U2>::value)), User, bool>::_ImplicitlyMoveConvertiblePair<_U1, _U2>())), bool>::type <anonymous> > constexpr std::pair<_T1, _T2>::pair(std::pair<_U1, _U2>&&) [with _U2 = _U1; typename std::enable_if<(std::_PCC<((! std::is_same<_T1, _U1>::value) || (! std::is_same<_T2, _U2>::value)), _T1, _T2>::_MoveConstructiblePair<_U1, _U2>() && (! std::_PCC<((! std::is_same<_T1, _U1>::value) || (! std::is_same<_T2, _U2>::value)), _T1, _T2>::_ImplicitlyMoveConvertiblePair<_U1, _U2>())), bool>::type <anonymous> = _U2; _T1 = User; _T2 = bool]'
  563 |         explicit constexpr pair(pair<_U1, _U2>&& __p)
      |                            ^~~~
C:/msys64/mingw64/include/c++/12.1.0/bits/stl_pair.h:563:28: note:   template argument deduction/substitution failed:
..\App.cpp:47:31: note:   candidate expects 1 argument, 0 provided
   47 |         std::pair<User, bool> userLoginPair;
      |                               ^~~~~~~~~~~~~
C:/msys64/mingw64/include/c++/12.1.0/bits/stl_pair.h:553:19: note: candidate: 'template<class _U1, class _U2, typename std::enable_if<(std::_PCC<((! std::is_same<User, _U1>::value) || (! std::is_same<bool, _U2>::value)), User, bool>::_MoveConstructiblePair<_U1, _U2>() && std::_PCC<((! std::is_same<User, _U1>::value) || (! std::is_same<bool, _U2>::value)), User, bool>::_ImplicitlyMoveConvertiblePair<_U1, _U2>()), bool>::type <anonymous> > constexpr std::pair<_T1, _T2>::pair(std::pair<_U1, _U2>&&) [with _U2 = _U1; typename std::enable_if<(std::_PCC<((! std::is_same<_T1, _U1>::value) || (! std::is_same<_T2, _U2>::value)), _T1, _T2>::_MoveConstructiblePair<_U1, _U2>() && std::_PCC<((! std::is_same<_T1, _U1>::value) || (! std::is_same<_T2, _U2>::value)), _T1, _T2>::_ImplicitlyMoveConvertiblePair<_U1, _U2>()), bool>::type <anonymous> = _U2; _T1 = User; _T2 = bool]'
  553 |         constexpr pair(pair<_U1, _U2>&& __p)
      |                   ^~~~
C:/msys64/mingw64/include/c++/12.1.0/bits/stl_pair.h:553:19: note:   template argument deduction/substitution failed:
..\App.cpp:47:31: note:   candidate expects 1 argument, 0 provided
   47 |         std::pair<User, bool> userLoginPair;
      |                               ^~~~~~~~~~~~~
C:/msys64/mingw64/include/c++/12.1.0/bits/stl_pair.h:543:28: note: candidate: 'template<class _U1, class _U2, typename std::enable_if<(_MoveConstructiblePair<_U1, _U2>() && (! _ImplicitlyMoveConvertiblePair<_U1, _U2>())), bool>::type <anonymous> > constexpr std::pair<_T1, _T2>::pair(_U1&&, _U2&&) [with _U2 = _U1; typename std::enable_if<(std::_PCC<true, _T1, _T2>::_MoveConstructiblePair<_U1, _U2>() && (! std::_PCC<true, _T1, _T2>::_ImplicitlyMoveConvertiblePair<_U1, _U2>())), bool>::type <anonymous> = _U2; _T1 = User; _T2 = bool]'
  543 |         explicit constexpr pair(_U1&& __x, _U2&& __y)
      |                            ^~~~
C:/msys64/mingw64/include/c++/12.1.0/bits/stl_pair.h:543:28: note:   template argument deduction/substitution failed:
..\App.cpp:47:31: note:   candidate expects 2 arguments, 0 provided
   47 |         std::pair<User, bool> userLoginPair;
      |                               ^~~~~~~~~~~~~
C:/msys64/mingw64/include/c++/12.1.0/bits/stl_pair.h:534:19: note: candidate: 'template<class _U1, class _U2, typename std::enable_if<(_MoveConstructiblePair<_U1, _U2>() && _ImplicitlyMoveConvertiblePair<_U1, _U2>()), bool>::type <anonymous> > constexpr std::pair<_T1, _T2>::pair(_U1&&, _U2&&) [with _U2 = _U1; typename std::enable_if<(std::_PCC<true, _T1, _T2>::_MoveConstructiblePair<_U1, _U2>() && std::_PCC<true, _T1, _T2>::_ImplicitlyMoveConvertiblePair<_U1, _U2>()), bool>::type <anonymous> = _U2; _T1 = User; _T2 = bool]'
  534 |         constexpr pair(_U1&& __x, _U2&& __y)
      |                   ^~~~
C:/msys64/mingw64/include/c++/12.1.0/bits/stl_pair.h:534:19: note:   template argument deduction/substitution failed:
..\App.cpp:47:31: note:   candidate expects 2 arguments, 0 provided
   47 |         std::pair<User, bool> userLoginPair;
      |                               ^~~~~~~~~~~~~
C:/msys64/mingw64/include/c++/12.1.0/bits/stl_pair.h:523:9: note: candidate: 'template<class _U2, typename std::enable_if<std::__and_<std::is_pointer<User>, std::__not_<std::is_reference<_Tp> >, std::is_constructible<bool, _U2>, std::__not_<std::is_constructible<bool, const _U1&> >, std::__not_<std::is_convertible<_U2, bool> > >::value, bool>::type <anonymous> > constexpr std::pair<_T1, _T2>::pair(__zero_as_null_pointer_constant, _U2&&, ...) [with typename std::enable_if<std::__and_<std::is_pointer<_Tp>, std::__not_<std::is_reference<_U1> >, std::is_constructible<_T2, _U2>, std::__not_<std::is_constructible<_T1, const _U1&> >, std::__not_<std::is_convertible<_U2, _T2> > >::value, bool>::type <anonymous> = _U2; _T1 = User; _T2 = bool]'
  523 |         pair(__zero_as_null_pointer_constant, _U2&& __y, ...)
      |         ^~~~
C:/msys64/mingw64/include/c++/12.1.0/bits/stl_pair.h:523:9: note:   template argument deduction/substitution failed:
..\App.cpp:47:31: note:   candidate expects 2 arguments, 0 provided
   47 |         std::pair<User, bool> userLoginPair;
      |                               ^~~~~~~~~~~~~
C:/msys64/mingw64/include/c++/12.1.0/bits/stl_pair.h:511:9: note: candidate: 'template<class _U2, typename std::enable_if<std::__and_<std::is_pointer<User>, std::__not_<std::is_reference<_Tp> >, std::is_constructible<bool, _U2>, std::__not_<std::is_constructible<bool, const _U1&> >, std::is_convertible<_U2, bool> >::value, bool>::type <anonymous> > constexpr std::pair<_T1, _T2>::pair(__zero_as_null_pointer_constant, _U2&&, ...) [with typename std::enable_if<std::__and_<std::is_pointer<_Tp>, std::__not_<std::is_reference<_U1> >, std::is_constructible<_T2, _U2>, std::__not_<std::is_constructible<_T1, const _U1&> >, std::is_convertible<_U2, _T2> >::value, bool>::type <anonymous> = _U2; _T1 = User; _T2 = bool]'
  511 |         pair(__zero_as_null_pointer_constant, _U2&& __y, ...)
      |         ^~~~
C:/msys64/mingw64/include/c++/12.1.0/bits/stl_pair.h:511:9: note:   template argument deduction/substitution failed:
..\App.cpp:47:31: note:   candidate expects 2 arguments, 0 provided
   47 |         std::pair<User, bool> userLoginPair;
      |                               ^~~~~~~~~~~~~
C:/msys64/mingw64/include/c++/12.1.0/bits/stl_pair.h:499:9: note: candidate: 'template<class _U1, typename std::enable_if<std::__and_<std::__not_<std::is_reference<_Tp> >, std::is_pointer<bool>, std::is_constructible<User, _U1>, std::__not_<std::is_constructible<User, const _U1&> >, std::__not_<std::is_convertible<_Iter, User> > >::value, bool>::type <anonymous> > constexpr std::pair<_T1, _T2>::pair(_U1&&, __zero_as_null_pointer_constant, ...) [with typename std::enable_if<std::__and_<std::__not_<std::is_reference<_U1> >, std::is_pointer<_T2>, std::is_constructible<_T1, _U1>, std::__not_<std::is_constructible<_T1, const _U1&> >, std::__not_<std::is_convertible<_Iter, _Iterator> > >::value, bool>::type <anonymous> = _U1; _T1 = User; _T2 = bool]'
  499 |         pair(_U1&& __x, __zero_as_null_pointer_constant, ...)
      |         ^~~~
C:/msys64/mingw64/include/c++/12.1.0/bits/stl_pair.h:499:9: note:   template argument deduction/substitution failed:
..\App.cpp:47:31: note:   candidate expects 2 arguments, 0 provided
   47 |         std::pair<User, bool> userLoginPair;
      |                               ^~~~~~~~~~~~~
C:/msys64/mingw64/include/c++/12.1.0/bits/stl_pair.h:487:9: note: candidate: 'template<class _U1, typename std::enable_if<std::__and_<std::__not_<std::is_reference<_Tp> >, std::is_pointer<bool>, std::is_constructible<User, _U1>, std::__not_<std::is_constructible<User, const _U1&> >, std::is_convertible<_Iter, User> >::value, bool>::type <anonymous> > constexpr std::pair<_T1, _T2>::pair(_U1&&, __zero_as_null_pointer_constant, ...) [with typename std::enable_if<std::__and_<std::__not_<std::is_reference<_U1> >, std::is_pointer<_T2>, std::is_constructible<_T1, _U1>, std::__not_<std::is_constructible<_T1, const _U1&> >, std::is_convertible<_Iter, _Iterator> >::value, bool>::type <anonymous> = _U1; _T1 = User; _T2 = bool]'
  487 |         pair(_U1&& __x, __zero_as_null_pointer_constant, ...)
      |         ^~~~
C:/msys64/mingw64/include/c++/12.1.0/bits/stl_pair.h:487:9: note:   template argument deduction/substitution failed:
..\App.cpp:47:31: note:   candidate expects 2 arguments, 0 provided
   47 |         std::pair<User, bool> userLoginPair;
      |                               ^~~~~~~~~~~~~
C:/msys64/mingw64/include/c++/12.1.0/bits/stl_pair.h:447:28: note: candidate: 'template<class _U1, class _U2, typename std::enable_if<(std::_PCC<((! std::is_same<User, _U1>::value) || (! std::is_same<bool, _U2>::value)), User, bool>::_ConstructiblePair<_U1, _U2>() && (! std::_PCC<((! std::is_same<User, _U1>::value) || (! std::is_same<bool, _U2>::value)), User, bool>::_ImplicitlyConvertiblePair<_U1, _U2>())), bool>::type <anonymous> > constexpr std::pair<_T1, _T2>::pair(const std::pair<_U1, _U2>&) [with _U2 = _U1; typename std::enable_if<(std::_PCC<((! std::is_same<_T1, _U1>::value) || (! std::is_same<_T2, _U2>::value)), _T1, _T2>::_ConstructiblePair<_U1, _U2>() && (! std::_PCC<((! std::is_same<_T1, _U1>::value) || (! std::is_same<_T2, _U2>::value)), _T1, _T2>::_ImplicitlyConvertiblePair<_U1, _U2>())), bool>::type <anonymous> = _U2; _T1 = User; _T2 = bool]'
  447 |         explicit constexpr pair(const pair<_U1, _U2>& __p)
      |                            ^~~~
C:/msys64/mingw64/include/c++/12.1.0/bits/stl_pair.h:447:28: note:   template argument deduction/substitution failed:
..\App.cpp:47:31: note:   candidate expects 1 argument, 0 provided
   47 |         std::pair<User, bool> userLoginPair;
      |                               ^~~~~~~~~~~~~
C:/msys64/mingw64/include/c++/12.1.0/bits/stl_pair.h:438:19: note: candidate: 'template<class _U1, class _U2, typename std::enable_if<(std::_PCC<((! std::is_same<User, _U1>::value) || (! std::is_same<bool, _U2>::value)), User, bool>::_ConstructiblePair<_U1, _U2>() && std::_PCC<((! std::is_same<User, _U1>::value) || (! std::is_same<bool, _U2>::value)), User, bool>::_ImplicitlyConvertiblePair<_U1, _U2>()), bool>::type <anonymous> > constexpr std::pair<_T1, _T2>::pair(const std::pair<_U1, _U2>&) [with _U2 = _U1; typename std::enable_if<(std::_PCC<((! std::is_same<_T1, _U1>::value) || (! std::is_same<_T2, _U2>::value)), _T1, _T2>::_ConstructiblePair<_U1, _U2>() && std::_PCC<((! std::is_same<_T1, _U1>::value) || (! std::is_same<_T2, _U2>::value)), _T1, _T2>::_ImplicitlyConvertiblePair<_U1, _U2>()), bool>::type <anonymous> = _U2; _T1 = User; _T2 = bool]'
  438 |         constexpr pair(const pair<_U1, _U2>& __p)
      |                   ^~~~
C:/msys64/mingw64/include/c++/12.1.0/bits/stl_pair.h:438:19: note:   template argument deduction/substitution failed:
..\App.cpp:47:31: note:   candidate expects 1 argument, 0 provided
   47 |         std::pair<User, bool> userLoginPair;
      |                               ^~~~~~~~~~~~~
C:/msys64/mingw64/include/c++/12.1.0/bits/stl_pair.h:421:26: note: candidate: 'template<class _U1, class _U2, typename std::enable_if<(_ConstructiblePair<_U1, _U2>() && (! _ImplicitlyConvertiblePair<_U1, _U2>())), bool>::type <anonymous> > constexpr std::pair<_T1, _T2>::pair(const _T1&, const _T2&) [with _U2 = _U1; typename std::enable_if<(std::_PCC<true, _T1, _T2>::_ConstructiblePair<_U1, _U2>() && (! std::_PCC<true, _T1, _T2>::_ImplicitlyConvertiblePair<_U1, _U2>())), bool>::type <anonymous> = _U2; _T1 = User; _T2 = bool]'
  421 |       explicit constexpr pair(const _T1& __a, const _T2& __b)
      |                          ^~~~
C:/msys64/mingw64/include/c++/12.1.0/bits/stl_pair.h:421:26: note:   template argument deduction/substitution failed:
..\App.cpp:47:31: note:   candidate expects 2 arguments, 0 provided
   47 |         std::pair<User, bool> userLoginPair;
      |                               ^~~~~~~~~~~~~
C:/msys64/mingw64/include/c++/12.1.0/bits/stl_pair.h:411:17: note: candidate: 'template<class _U1, class _U2, typename std::enable_if<(_ConstructiblePair<_U1, _U2>() && _ImplicitlyConvertiblePair<_U1, _U2>()), bool>::type <anonymous> > constexpr std::pair<_T1, _T2>::pair(const _T1&, const _T2&) [with _U2 = _U1; typename std::enable_if<(std::_PCC<true, _T1, _T2>::_ConstructiblePair<_U1, _U2>() && std::_PCC<true, _T1, _T2>::_ImplicitlyConvertiblePair<_U1, _U2>()), bool>::type <anonymous> = _U2; _T1 = User; _T2 = bool]'
  411 |       constexpr pair(const _T1& __a, const _T2& __b)
      |                 ^~~~
C:/msys64/mingw64/include/c++/12.1.0/bits/stl_pair.h:411:17: note:   template argument deduction/substitution failed:
..\App.cpp:47:31: note:   candidate expects 2 arguments, 0 provided
   47 |         std::pair<User, bool> userLoginPair;
      |                               ^~~~~~~~~~~~~
C:/msys64/mingw64/include/c++/12.1.0/bits/stl_pair.h:396:26: note: candidate: 'template<class _U1, class _U2, typename std::enable_if<std::__and_<std::is_default_constructible<_U1>, std::is_default_constructible<_U2>, std::__not_<std::__and_<std::__is_implicitly_default_constructible<_U1>, std::__is_implicitly_default_constructible<_U2> > > >::value, bool>::type <anonymous> > constexpr std::pair<_T1, _T2>::pair() [with _U2 = _U1; typename std::enable_if<std::__and_<std::is_default_constructible<_U1>, std::is_default_constructible<_U2>, std::__not_<std::__and_<std::__is_implicitly_default_constructible<_U1>, std::__is_implicitly_default_constructible<_U2> > > >::value, bool>::type <anonymous> = _U2; _T1 = User; _T2 = bool]'
  396 |       explicit constexpr pair()
      |                          ^~~~
C:/msys64/mingw64/include/c++/12.1.0/bits/stl_pair.h:396:26: note:   substitution of deduced template arguments resulted in errors seen above
C:/msys64/mingw64/include/c++/12.1.0/bits/stl_pair.h:384:17: note: candidate: 'template<class _U1, class _U2, typename std::enable_if<std::__and_<std::__is_implicitly_default_constructible<_U1>, std::__is_implicitly_default_constructible<_U2> >::value, bool>::type <anonymous> > constexpr std::pair<_T1, _T2>::pair() [with _U2 = _U1; typename std::enable_if<std::__and_<std::__is_implicitly_default_constructible<_U1>, std::__is_implicitly_default_constructible<_U2> >::value, bool>::type <anonymous> = _U2; _T1 = User; _T2 = bool]'
  384 |       constexpr pair()
      |                 ^~~~
C:/msys64/mingw64/include/c++/12.1.0/bits/stl_pair.h:384:17: note:   template argument deduction/substitution failed:
C:/msys64/mingw64/include/c++/12.1.0/bits/stl_pair.h:383:59: error: no type named 'type' in 'struct std::enable_if<false, bool>'
  383 |                                    ::value, bool>::type = true>
      |                                                           ^~~~
C:/msys64/mingw64/include/c++/12.1.0/bits/stl_pair.h:217:9: note: candidate: 'template<class ... _Args1, long long unsigned int ..._Indexes1, class ... _Args2, long long unsigned int ..._Indexes2> std::pair<_T1, _T2>::pair(std::tuple<_Args1 ...>&, std::tuple<_Args2 ...>&, std::_Index_tuple<_Indexes1 ...>, std::_Index_tuple<_Indexes2 ...>) [with _Args1 = {_Args1 ...}; long long unsigned int ..._Indexes1 = {_Indexes1 ...}; _Args2 = {_Args2 ...}; long long unsigned int ..._Indexes2 = {_Indexes2 ...}; _T1 = User; _T2 = bool]'
  217 |         pair(tuple<_Args1...>&, tuple<_Args2...>&,
      |         ^~~~
C:/msys64/mingw64/include/c++/12.1.0/bits/stl_pair.h:217:9: note:   template argument deduction/substitution failed:
..\App.cpp:47:31: note:   candidate expects 4 arguments, 0 provided
   47 |         std::pair<User, bool> userLoginPair;
      |                               ^~~~~~~~~~~~~
C:/msys64/mingw64/include/c++/12.1.0/bits/stl_pair.h:200:9: note: candidate: 'template<class ... _Args1, class ... _Args2> std::pair<_T1, _T2>::pair(std::piecewise_construct_t, std::tuple<_Args1 ...>, std::tuple<_Args2 ...>) [with _Args1 = {_Args1 ...}; _Args2 = {_Args2 ...}; _T1 = User; _T2 = bool]'
  200 |         pair(piecewise_construct_t, tuple<_Args1...>, tuple<_Args2...>);
      |         ^~~~
C:/msys64/mingw64/include/c++/12.1.0/bits/stl_pair.h:200:9: note:   template argument deduction/substitution failed:
..\App.cpp:47:31: note:   candidate expects 3 arguments, 0 provided
   47 |         std::pair<User, bool> userLoginPair;
      |                               ^~~~~~~~~~~~~
C:/msys64/mingw64/include/c++/12.1.0/bits/stl_pair.h:196:17: note: candidate: 'constexpr std::pair<_T1, _T2>::pair(std::pair<_T1, _T2>&&) [with _T1 = User; _T2 = bool]'
  196 |       constexpr pair(pair&&) = default;         ///< Move constructor
      |                 ^~~~
C:/msys64/mingw64/include/c++/12.1.0/bits/stl_pair.h:196:17: note:   candidate expects 1 argument, 0 provided
C:/msys64/mingw64/include/c++/12.1.0/bits/stl_pair.h:195:17: note: candidate: 'constexpr std::pair<_T1, _T2>::pair(const std::pair<_T1, _T2>&) [with _T1 = User; _T2 = bool]'
  195 |       constexpr pair(const pair&) = default;    ///< Copy constructor
      |                 ^~~~
C:/msys64/mingw64/include/c++/12.1.0/bits/stl_pair.h:195:17: note:   candidate expects 1 argument, 0 provided
..\App.cpp:47:31: warning: unused variable 'userLoginPair' [-Wunused-variable]
   47 |         std::pair<User, bool> userLoginPair;
      |                               ^~~~~~~~~~~~~
16:09:41 **** Incremental Build of configuration Debug for project askme-oo ****
Info: Internal Builder is used for build
g++ -O0 -g3 -Wall -c -fmessage-length=0 -o Authenticator.o "..\\Authenticator.cpp" 
In file included from ..\Authenticator.cpp:9:
..\Loginhandler.h:12:7: error: redefinition of 'class Login_handler'
   12 | class Login_handler {
      |       ^~~~~~~~~~~~~
In file included from ..\Authenticator.cpp:8:
..\Authenticator.h:12:7: note: previous definition of 'class Login_handler'
   12 | class Login_handler {
      |       ^~~~~~~~~~~~~
16:10:09 **** Incremental Build of configuration Debug for project askme-oo ****
Info: Internal Builder is used for build
g++ -O0 -g3 -Wall -c -fmessage-length=0 -o App.o "..\\App.cpp" 
..\App.cpp:27:13: error: no declaration matches 'std::string App::get_qText_from_user()'
   27 | std::string App::get_qText_from_user()
      |             ^~~
..\App.cpp:27:13: note: no functions named 'std::string App::get_qText_from_user()'
In file included from ..\App.cpp:8:
..\App.h:14:7: note: 'class App' defined here
   14 | class App {
      |       ^~~
..\App.cpp: In member function 'void App::run()':
..\App.cpp:42:14: error: aggregate 'User user' has incomplete type and cannot be defined
   42 |         User user;
      |              ^~~~
..\App.cpp:45:9: error: 'Signup_handler' was not declared in this scope
   45 |         Signup_handler signup_handler;
      |         ^~~~~~~~~~~~~~
In file included from C:/msys64/mingw64/include/c++/12.1.0/bits/stl_algobase.h:64,
                 from C:/msys64/mingw64/include/c++/12.1.0/string:50,
                 from C:/msys64/mingw64/include/c++/12.1.0/bits/locale_classes.h:40,
                 from C:/msys64/mingw64/include/c++/12.1.0/bits/ios_base.h:41,
                 from C:/msys64/mingw64/include/c++/12.1.0/ios:42,
                 from C:/msys64/mingw64/include/c++/12.1.0/ostream:38,
                 from C:/msys64/mingw64/include/c++/12.1.0/iostream:39,
                 from ..\App.h:10:
C:/msys64/mingw64/include/c++/12.1.0/bits/stl_pair.h: In instantiation of 'struct std::pair<User, bool>':
..\App.cpp:47:24:   required from here
C:/msys64/mingw64/include/c++/12.1.0/bits/stl_pair.h:191:11: error: 'std::pair<_T1, _T2>::first' has incomplete type
  191 |       _T1 first;                 ///< The first member
      |           ^~~~~
..\App.h:12:7: note: forward declaration of 'class User'
   12 | class User;
      |       ^~~~
In file included from C:/msys64/mingw64/include/c++/12.1.0/bits/move.h:57,
                 from C:/msys64/mingw64/include/c++/12.1.0/bits/exception_ptr.h:43,
                 from C:/msys64/mingw64/include/c++/12.1.0/exception:168,
                 from C:/msys64/mingw64/include/c++/12.1.0/ios:39:
C:/msys64/mingw64/include/c++/12.1.0/type_traits: In instantiation of 'struct std::is_copy_assignable<User>':
C:/msys64/mingw64/include/c++/12.1.0/type_traits:167:12:   required from 'struct std::__and_<std::is_copy_assignable<User>, std::is_copy_assignable<bool> >'
C:/msys64/mingw64/include/c++/12.1.0/bits/stl_pair.h:568:7:   required from 'struct std::pair<User, bool>'
..\App.cpp:47:24:   required from here
C:/msys64/mingw64/include/c++/12.1.0/type_traits:1135:52: error: static assertion failed: template argument must be a complete class or an unbounded array
 1135 |       static_assert(std::__is_complete_or_unbounded(__type_identity<_Tp>{}),
      |                     ~~~~~~~~~~~~~~~~~~~~~~~~~~~~~~~^~~~~~~~~~~~~~~~~~~~~~~~
C:/msys64/mingw64/include/c++/12.1.0/type_traits:1135:52: note: 'std::__is_complete_or_unbounded<__type_identity<User> >((std::__type_identity<User>(), std::__type_identity<User>()))' evaluates to false
C:/msys64/mingw64/include/c++/12.1.0/type_traits: In instantiation of 'struct std::is_move_assignable<User>':
C:/msys64/mingw64/include/c++/12.1.0/type_traits:167:12:   required from 'struct std::__and_<std::is_move_assignable<User>, std::is_move_assignable<bool> >'
C:/msys64/mingw64/include/c++/12.1.0/bits/stl_pair.h:578:7:   required from 'struct std::pair<User, bool>'
..\App.cpp:47:24:   required from here
C:/msys64/mingw64/include/c++/12.1.0/type_traits:1156:52: error: static assertion failed: template argument must be a complete class or an unbounded array
 1156 |       static_assert(std::__is_complete_or_unbounded(__type_identity<_Tp>{}),
      |                     ~~~~~~~~~~~~~~~~~~~~~~~~~~~~~~~^~~~~~~~~~~~~~~~~~~~~~~~
C:/msys64/mingw64/include/c++/12.1.0/type_traits:1156:52: note: 'std::__is_complete_or_unbounded<__type_identity<User> >((std::__type_identity<User>(), std::__type_identity<User>()))' evaluates to false
C:/msys64/mingw64/include/c++/12.1.0/type_traits: In instantiation of 'struct std::is_default_constructible<User>':
C:/msys64/mingw64/include/c++/12.1.0/type_traits:172:12:   required from 'struct std::__and_<std::is_default_constructible<User>, std::is_default_constructible<bool>, std::__not_<std::__and_<std::__is_implicitly_default_constructible<User>, std::__is_implicitly_default_constructible<bool> > > >'
C:/msys64/mingw64/include/c++/12.1.0/bits/stl_pair.h:395:59:   required by substitution of 'template<class _U1, class _U2, typename std::enable_if<std::__and_<std::is_default_constructible<_U1>, std::is_default_constructible<_U2>, std::__not_<std::__and_<std::__is_implicitly_default_constructible<_U1>, std::__is_implicitly_default_constructible<_U2> > > >::value, bool>::type <anonymous> > constexpr std::pair<User, bool>::pair() [with _U1 = User; _U2 = bool; typename std::enable_if<std::__and_<std::is_default_constructible<_U1>, std::is_default_constructible<_U2>, std::__not_<std::__and_<std::__is_implicitly_default_constructible<_U1>, std::__is_implicitly_default_constructible<_U2> > > >::value, bool>::type <anonymous> = <missing>]'
..\App.cpp:47:24:   required from here
C:/msys64/mingw64/include/c++/12.1.0/type_traits:989:52: error: static assertion failed: template argument must be a complete class or an unbounded array
  989 |       static_assert(std::__is_complete_or_unbounded(__type_identity<_Tp>{}),
      |                     ~~~~~~~~~~~~~~~~~~~~~~~~~~~~~~~^~~~~~~~~~~~~~~~~~~~~~~~
C:/msys64/mingw64/include/c++/12.1.0/type_traits:989:52: note: 'std::__is_complete_or_unbounded<__type_identity<User> >((std::__type_identity<User>(), std::__type_identity<User>()))' evaluates to false
..\App.cpp:47:31: error: no matching function for call to 'std::pair<User, bool>::pair()'
   47 |         std::pair<User, bool> userLoginPair;
      |                               ^~~~~~~~~~~~~
C:/msys64/mingw64/include/c++/12.1.0/bits/stl_pair.h:563:28: note: candidate: 'template<class _U1, class _U2, typename std::enable_if<(std::_PCC<((! std::is_same<User, _U1>::value) || (! std::is_same<bool, _U2>::value)), User, bool>::_MoveConstructiblePair<_U1, _U2>() && (! std::_PCC<((! std::is_same<User, _U1>::value) || (! std::is_same<bool, _U2>::value)), User, bool>::_ImplicitlyMoveConvertiblePair<_U1, _U2>())), bool>::type <anonymous> > constexpr std::pair<_T1, _T2>::pair(std::pair<_U1, _U2>&&) [with _U2 = _U1; typename std::enable_if<(std::_PCC<((! std::is_same<_T1, _U1>::value) || (! std::is_same<_T2, _U2>::value)), _T1, _T2>::_MoveConstructiblePair<_U1, _U2>() && (! std::_PCC<((! std::is_same<_T1, _U1>::value) || (! std::is_same<_T2, _U2>::value)), _T1, _T2>::_ImplicitlyMoveConvertiblePair<_U1, _U2>())), bool>::type <anonymous> = _U2; _T1 = User; _T2 = bool]'
  563 |         explicit constexpr pair(pair<_U1, _U2>&& __p)
      |                            ^~~~
C:/msys64/mingw64/include/c++/12.1.0/bits/stl_pair.h:563:28: note:   template argument deduction/substitution failed:
..\App.cpp:47:31: note:   candidate expects 1 argument, 0 provided
   47 |         std::pair<User, bool> userLoginPair;
      |                               ^~~~~~~~~~~~~
C:/msys64/mingw64/include/c++/12.1.0/bits/stl_pair.h:553:19: note: candidate: 'template<class _U1, class _U2, typename std::enable_if<(std::_PCC<((! std::is_same<User, _U1>::value) || (! std::is_same<bool, _U2>::value)), User, bool>::_MoveConstructiblePair<_U1, _U2>() && std::_PCC<((! std::is_same<User, _U1>::value) || (! std::is_same<bool, _U2>::value)), User, bool>::_ImplicitlyMoveConvertiblePair<_U1, _U2>()), bool>::type <anonymous> > constexpr std::pair<_T1, _T2>::pair(std::pair<_U1, _U2>&&) [with _U2 = _U1; typename std::enable_if<(std::_PCC<((! std::is_same<_T1, _U1>::value) || (! std::is_same<_T2, _U2>::value)), _T1, _T2>::_MoveConstructiblePair<_U1, _U2>() && std::_PCC<((! std::is_same<_T1, _U1>::value) || (! std::is_same<_T2, _U2>::value)), _T1, _T2>::_ImplicitlyMoveConvertiblePair<_U1, _U2>()), bool>::type <anonymous> = _U2; _T1 = User; _T2 = bool]'
  553 |         constexpr pair(pair<_U1, _U2>&& __p)
      |                   ^~~~
C:/msys64/mingw64/include/c++/12.1.0/bits/stl_pair.h:553:19: note:   template argument deduction/substitution failed:
..\App.cpp:47:31: note:   candidate expects 1 argument, 0 provided
   47 |         std::pair<User, bool> userLoginPair;
      |                               ^~~~~~~~~~~~~
C:/msys64/mingw64/include/c++/12.1.0/bits/stl_pair.h:543:28: note: candidate: 'template<class _U1, class _U2, typename std::enable_if<(_MoveConstructiblePair<_U1, _U2>() && (! _ImplicitlyMoveConvertiblePair<_U1, _U2>())), bool>::type <anonymous> > constexpr std::pair<_T1, _T2>::pair(_U1&&, _U2&&) [with _U2 = _U1; typename std::enable_if<(std::_PCC<true, _T1, _T2>::_MoveConstructiblePair<_U1, _U2>() && (! std::_PCC<true, _T1, _T2>::_ImplicitlyMoveConvertiblePair<_U1, _U2>())), bool>::type <anonymous> = _U2; _T1 = User; _T2 = bool]'
  543 |         explicit constexpr pair(_U1&& __x, _U2&& __y)
      |                            ^~~~
C:/msys64/mingw64/include/c++/12.1.0/bits/stl_pair.h:543:28: note:   template argument deduction/substitution failed:
..\App.cpp:47:31: note:   candidate expects 2 arguments, 0 provided
   47 |         std::pair<User, bool> userLoginPair;
      |                               ^~~~~~~~~~~~~
C:/msys64/mingw64/include/c++/12.1.0/bits/stl_pair.h:534:19: note: candidate: 'template<class _U1, class _U2, typename std::enable_if<(_MoveConstructiblePair<_U1, _U2>() && _ImplicitlyMoveConvertiblePair<_U1, _U2>()), bool>::type <anonymous> > constexpr std::pair<_T1, _T2>::pair(_U1&&, _U2&&) [with _U2 = _U1; typename std::enable_if<(std::_PCC<true, _T1, _T2>::_MoveConstructiblePair<_U1, _U2>() && std::_PCC<true, _T1, _T2>::_ImplicitlyMoveConvertiblePair<_U1, _U2>()), bool>::type <anonymous> = _U2; _T1 = User; _T2 = bool]'
  534 |         constexpr pair(_U1&& __x, _U2&& __y)
      |                   ^~~~
C:/msys64/mingw64/include/c++/12.1.0/bits/stl_pair.h:534:19: note:   template argument deduction/substitution failed:
..\App.cpp:47:31: note:   candidate expects 2 arguments, 0 provided
   47 |         std::pair<User, bool> userLoginPair;
      |                               ^~~~~~~~~~~~~
C:/msys64/mingw64/include/c++/12.1.0/bits/stl_pair.h:523:9: note: candidate: 'template<class _U2, typename std::enable_if<std::__and_<std::is_pointer<User>, std::__not_<std::is_reference<_Tp> >, std::is_constructible<bool, _U2>, std::__not_<std::is_constructible<bool, const _U1&> >, std::__not_<std::is_convertible<_U2, bool> > >::value, bool>::type <anonymous> > constexpr std::pair<_T1, _T2>::pair(__zero_as_null_pointer_constant, _U2&&, ...) [with typename std::enable_if<std::__and_<std::is_pointer<_Tp>, std::__not_<std::is_reference<_U1> >, std::is_constructible<_T2, _U2>, std::__not_<std::is_constructible<_T1, const _U1&> >, std::__not_<std::is_convertible<_U2, _T2> > >::value, bool>::type <anonymous> = _U2; _T1 = User; _T2 = bool]'
  523 |         pair(__zero_as_null_pointer_constant, _U2&& __y, ...)
      |         ^~~~
C:/msys64/mingw64/include/c++/12.1.0/bits/stl_pair.h:523:9: note:   template argument deduction/substitution failed:
..\App.cpp:47:31: note:   candidate expects 2 arguments, 0 provided
   47 |         std::pair<User, bool> userLoginPair;
      |                               ^~~~~~~~~~~~~
C:/msys64/mingw64/include/c++/12.1.0/bits/stl_pair.h:511:9: note: candidate: 'template<class _U2, typename std::enable_if<std::__and_<std::is_pointer<User>, std::__not_<std::is_reference<_Tp> >, std::is_constructible<bool, _U2>, std::__not_<std::is_constructible<bool, const _U1&> >, std::is_convertible<_U2, bool> >::value, bool>::type <anonymous> > constexpr std::pair<_T1, _T2>::pair(__zero_as_null_pointer_constant, _U2&&, ...) [with typename std::enable_if<std::__and_<std::is_pointer<_Tp>, std::__not_<std::is_reference<_U1> >, std::is_constructible<_T2, _U2>, std::__not_<std::is_constructible<_T1, const _U1&> >, std::is_convertible<_U2, _T2> >::value, bool>::type <anonymous> = _U2; _T1 = User; _T2 = bool]'
  511 |         pair(__zero_as_null_pointer_constant, _U2&& __y, ...)
      |         ^~~~
C:/msys64/mingw64/include/c++/12.1.0/bits/stl_pair.h:511:9: note:   template argument deduction/substitution failed:
..\App.cpp:47:31: note:   candidate expects 2 arguments, 0 provided
   47 |         std::pair<User, bool> userLoginPair;
      |                               ^~~~~~~~~~~~~
C:/msys64/mingw64/include/c++/12.1.0/bits/stl_pair.h:499:9: note: candidate: 'template<class _U1, typename std::enable_if<std::__and_<std::__not_<std::is_reference<_Tp> >, std::is_pointer<bool>, std::is_constructible<User, _U1>, std::__not_<std::is_constructible<User, const _U1&> >, std::__not_<std::is_convertible<_Iter, User> > >::value, bool>::type <anonymous> > constexpr std::pair<_T1, _T2>::pair(_U1&&, __zero_as_null_pointer_constant, ...) [with typename std::enable_if<std::__and_<std::__not_<std::is_reference<_U1> >, std::is_pointer<_T2>, std::is_constructible<_T1, _U1>, std::__not_<std::is_constructible<_T1, const _U1&> >, std::__not_<std::is_convertible<_Iter, _Iterator> > >::value, bool>::type <anonymous> = _U1; _T1 = User; _T2 = bool]'
  499 |         pair(_U1&& __x, __zero_as_null_pointer_constant, ...)
      |         ^~~~
C:/msys64/mingw64/include/c++/12.1.0/bits/stl_pair.h:499:9: note:   template argument deduction/substitution failed:
..\App.cpp:47:31: note:   candidate expects 2 arguments, 0 provided
   47 |         std::pair<User, bool> userLoginPair;
      |                               ^~~~~~~~~~~~~
C:/msys64/mingw64/include/c++/12.1.0/bits/stl_pair.h:487:9: note: candidate: 'template<class _U1, typename std::enable_if<std::__and_<std::__not_<std::is_reference<_Tp> >, std::is_pointer<bool>, std::is_constructible<User, _U1>, std::__not_<std::is_constructible<User, const _U1&> >, std::is_convertible<_Iter, User> >::value, bool>::type <anonymous> > constexpr std::pair<_T1, _T2>::pair(_U1&&, __zero_as_null_pointer_constant, ...) [with typename std::enable_if<std::__and_<std::__not_<std::is_reference<_U1> >, std::is_pointer<_T2>, std::is_constructible<_T1, _U1>, std::__not_<std::is_constructible<_T1, const _U1&> >, std::is_convertible<_Iter, _Iterator> >::value, bool>::type <anonymous> = _U1; _T1 = User; _T2 = bool]'
  487 |         pair(_U1&& __x, __zero_as_null_pointer_constant, ...)
      |         ^~~~
C:/msys64/mingw64/include/c++/12.1.0/bits/stl_pair.h:487:9: note:   template argument deduction/substitution failed:
..\App.cpp:47:31: note:   candidate expects 2 arguments, 0 provided
   47 |         std::pair<User, bool> userLoginPair;
      |                               ^~~~~~~~~~~~~
C:/msys64/mingw64/include/c++/12.1.0/bits/stl_pair.h:447:28: note: candidate: 'template<class _U1, class _U2, typename std::enable_if<(std::_PCC<((! std::is_same<User, _U1>::value) || (! std::is_same<bool, _U2>::value)), User, bool>::_ConstructiblePair<_U1, _U2>() && (! std::_PCC<((! std::is_same<User, _U1>::value) || (! std::is_same<bool, _U2>::value)), User, bool>::_ImplicitlyConvertiblePair<_U1, _U2>())), bool>::type <anonymous> > constexpr std::pair<_T1, _T2>::pair(const std::pair<_U1, _U2>&) [with _U2 = _U1; typename std::enable_if<(std::_PCC<((! std::is_same<_T1, _U1>::value) || (! std::is_same<_T2, _U2>::value)), _T1, _T2>::_ConstructiblePair<_U1, _U2>() && (! std::_PCC<((! std::is_same<_T1, _U1>::value) || (! std::is_same<_T2, _U2>::value)), _T1, _T2>::_ImplicitlyConvertiblePair<_U1, _U2>())), bool>::type <anonymous> = _U2; _T1 = User; _T2 = bool]'
  447 |         explicit constexpr pair(const pair<_U1, _U2>& __p)
      |                            ^~~~
C:/msys64/mingw64/include/c++/12.1.0/bits/stl_pair.h:447:28: note:   template argument deduction/substitution failed:
..\App.cpp:47:31: note:   candidate expects 1 argument, 0 provided
   47 |         std::pair<User, bool> userLoginPair;
      |                               ^~~~~~~~~~~~~
C:/msys64/mingw64/include/c++/12.1.0/bits/stl_pair.h:438:19: note: candidate: 'template<class _U1, class _U2, typename std::enable_if<(std::_PCC<((! std::is_same<User, _U1>::value) || (! std::is_same<bool, _U2>::value)), User, bool>::_ConstructiblePair<_U1, _U2>() && std::_PCC<((! std::is_same<User, _U1>::value) || (! std::is_same<bool, _U2>::value)), User, bool>::_ImplicitlyConvertiblePair<_U1, _U2>()), bool>::type <anonymous> > constexpr std::pair<_T1, _T2>::pair(const std::pair<_U1, _U2>&) [with _U2 = _U1; typename std::enable_if<(std::_PCC<((! std::is_same<_T1, _U1>::value) || (! std::is_same<_T2, _U2>::value)), _T1, _T2>::_ConstructiblePair<_U1, _U2>() && std::_PCC<((! std::is_same<_T1, _U1>::value) || (! std::is_same<_T2, _U2>::value)), _T1, _T2>::_ImplicitlyConvertiblePair<_U1, _U2>()), bool>::type <anonymous> = _U2; _T1 = User; _T2 = bool]'
  438 |         constexpr pair(const pair<_U1, _U2>& __p)
      |                   ^~~~
C:/msys64/mingw64/include/c++/12.1.0/bits/stl_pair.h:438:19: note:   template argument deduction/substitution failed:
..\App.cpp:47:31: note:   candidate expects 1 argument, 0 provided
   47 |         std::pair<User, bool> userLoginPair;
      |                               ^~~~~~~~~~~~~
C:/msys64/mingw64/include/c++/12.1.0/bits/stl_pair.h:421:26: note: candidate: 'template<class _U1, class _U2, typename std::enable_if<(_ConstructiblePair<_U1, _U2>() && (! _ImplicitlyConvertiblePair<_U1, _U2>())), bool>::type <anonymous> > constexpr std::pair<_T1, _T2>::pair(const _T1&, const _T2&) [with _U2 = _U1; typename std::enable_if<(std::_PCC<true, _T1, _T2>::_ConstructiblePair<_U1, _U2>() && (! std::_PCC<true, _T1, _T2>::_ImplicitlyConvertiblePair<_U1, _U2>())), bool>::type <anonymous> = _U2; _T1 = User; _T2 = bool]'
  421 |       explicit constexpr pair(const _T1& __a, const _T2& __b)
      |                          ^~~~
C:/msys64/mingw64/include/c++/12.1.0/bits/stl_pair.h:421:26: note:   template argument deduction/substitution failed:
..\App.cpp:47:31: note:   candidate expects 2 arguments, 0 provided
   47 |         std::pair<User, bool> userLoginPair;
      |                               ^~~~~~~~~~~~~
C:/msys64/mingw64/include/c++/12.1.0/bits/stl_pair.h:411:17: note: candidate: 'template<class _U1, class _U2, typename std::enable_if<(_ConstructiblePair<_U1, _U2>() && _ImplicitlyConvertiblePair<_U1, _U2>()), bool>::type <anonymous> > constexpr std::pair<_T1, _T2>::pair(const _T1&, const _T2&) [with _U2 = _U1; typename std::enable_if<(std::_PCC<true, _T1, _T2>::_ConstructiblePair<_U1, _U2>() && std::_PCC<true, _T1, _T2>::_ImplicitlyConvertiblePair<_U1, _U2>()), bool>::type <anonymous> = _U2; _T1 = User; _T2 = bool]'
  411 |       constexpr pair(const _T1& __a, const _T2& __b)
      |                 ^~~~
C:/msys64/mingw64/include/c++/12.1.0/bits/stl_pair.h:411:17: note:   template argument deduction/substitution failed:
..\App.cpp:47:31: note:   candidate expects 2 arguments, 0 provided
   47 |         std::pair<User, bool> userLoginPair;
      |                               ^~~~~~~~~~~~~
C:/msys64/mingw64/include/c++/12.1.0/bits/stl_pair.h:396:26: note: candidate: 'template<class _U1, class _U2, typename std::enable_if<std::__and_<std::is_default_constructible<_U1>, std::is_default_constructible<_U2>, std::__not_<std::__and_<std::__is_implicitly_default_constructible<_U1>, std::__is_implicitly_default_constructible<_U2> > > >::value, bool>::type <anonymous> > constexpr std::pair<_T1, _T2>::pair() [with _U2 = _U1; typename std::enable_if<std::__and_<std::is_default_constructible<_U1>, std::is_default_constructible<_U2>, std::__not_<std::__and_<std::__is_implicitly_default_constructible<_U1>, std::__is_implicitly_default_constructible<_U2> > > >::value, bool>::type <anonymous> = _U2; _T1 = User; _T2 = bool]'
  396 |       explicit constexpr pair()
      |                          ^~~~
C:/msys64/mingw64/include/c++/12.1.0/bits/stl_pair.h:396:26: note:   substitution of deduced template arguments resulted in errors seen above
C:/msys64/mingw64/include/c++/12.1.0/bits/stl_pair.h:384:17: note: candidate: 'template<class _U1, class _U2, typename std::enable_if<std::__and_<std::__is_implicitly_default_constructible<_U1>, std::__is_implicitly_default_constructible<_U2> >::value, bool>::type <anonymous> > constexpr std::pair<_T1, _T2>::pair() [with _U2 = _U1; typename std::enable_if<std::__and_<std::__is_implicitly_default_constructible<_U1>, std::__is_implicitly_default_constructible<_U2> >::value, bool>::type <anonymous> = _U2; _T1 = User; _T2 = bool]'
  384 |       constexpr pair()
      |                 ^~~~
C:/msys64/mingw64/include/c++/12.1.0/bits/stl_pair.h:384:17: note:   template argument deduction/substitution failed:
C:/msys64/mingw64/include/c++/12.1.0/bits/stl_pair.h:383:59: error: no type named 'type' in 'struct std::enable_if<false, bool>'
  383 |                                    ::value, bool>::type = true>
      |                                                           ^~~~
C:/msys64/mingw64/include/c++/12.1.0/bits/stl_pair.h:217:9: note: candidate: 'template<class ... _Args1, long long unsigned int ..._Indexes1, class ... _Args2, long long unsigned int ..._Indexes2> std::pair<_T1, _T2>::pair(std::tuple<_Args1 ...>&, std::tuple<_Args2 ...>&, std::_Index_tuple<_Indexes1 ...>, std::_Index_tuple<_Indexes2 ...>) [with _Args1 = {_Args1 ...}; long long unsigned int ..._Indexes1 = {_Indexes1 ...}; _Args2 = {_Args2 ...}; long long unsigned int ..._Indexes2 = {_Indexes2 ...}; _T1 = User; _T2 = bool]'
  217 |         pair(tuple<_Args1...>&, tuple<_Args2...>&,
      |         ^~~~
C:/msys64/mingw64/include/c++/12.1.0/bits/stl_pair.h:217:9: note:   template argument deduction/substitution failed:
..\App.cpp:47:31: note:   candidate expects 4 arguments, 0 provided
   47 |         std::pair<User, bool> userLoginPair;
      |                               ^~~~~~~~~~~~~
C:/msys64/mingw64/include/c++/12.1.0/bits/stl_pair.h:200:9: note: candidate: 'template<class ... _Args1, class ... _Args2> std::pair<_T1, _T2>::pair(std::piecewise_construct_t, std::tuple<_Args1 ...>, std::tuple<_Args2 ...>) [with _Args1 = {_Args1 ...}; _Args2 = {_Args2 ...}; _T1 = User; _T2 = bool]'
  200 |         pair(piecewise_construct_t, tuple<_Args1...>, tuple<_Args2...>);
      |         ^~~~
C:/msys64/mingw64/include/c++/12.1.0/bits/stl_pair.h:200:9: note:   template argument deduction/substitution failed:
..\App.cpp:47:31: note:   candidate expects 3 arguments, 0 provided
   47 |         std::pair<User, bool> userLoginPair;
      |                               ^~~~~~~~~~~~~
C:/msys64/mingw64/include/c++/12.1.0/bits/stl_pair.h:196:17: note: candidate: 'constexpr std::pair<_T1, _T2>::pair(std::pair<_T1, _T2>&&) [with _T1 = User; _T2 = bool]'
  196 |       constexpr pair(pair&&) = default;         ///< Move constructor
      |                 ^~~~
C:/msys64/mingw64/include/c++/12.1.0/bits/stl_pair.h:196:17: note:   candidate expects 1 argument, 0 provided
C:/msys64/mingw64/include/c++/12.1.0/bits/stl_pair.h:195:17: note: candidate: 'constexpr std::pair<_T1, _T2>::pair(const std::pair<_T1, _T2>&) [with _T1 = User; _T2 = bool]'
  195 |       constexpr pair(const pair&) = default;    ///< Copy constructor
      |                 ^~~~
C:/msys64/mingw64/include/c++/12.1.0/bits/stl_pair.h:195:17: note:   candidate expects 1 argument, 0 provided
..\App.cpp:47:31: warning: unused variable 'userLoginPair' [-Wunused-variable]
   47 |         std::pair<User, bool> userLoginPair;
      |                               ^~~~~~~~~~~~~
16:12:03 **** Incremental Build of configuration Debug for project askme-oo ****
Info: Internal Builder is used for build
g++ -O0 -g3 -Wall -c -fmessage-length=0 -o Loginhandler.o "..\\Loginhandler.cpp" 
g++ -O0 -g3 -Wall -c -fmessage-length=0 -o Authenticator.o "..\\Authenticator.cpp" 
g++ -O0 -g3 -Wall -c -fmessage-length=0 -o App.o "..\\App.cpp" 
..\App.cpp:27:13: error: no declaration matches 'std::string App::get_qText_from_user()'
   27 | std::string App::get_qText_from_user()
      |             ^~~
..\App.cpp:27:13: note: no functions named 'std::string App::get_qText_from_user()'
In file included from ..\App.cpp:8:
..\App.h:14:7: note: 'class App' defined here
   14 | class App {
      |       ^~~
..\App.cpp: In member function 'void App::run()':
..\App.cpp:42:14: error: aggregate 'User user' has incomplete type and cannot be defined
   42 |         User user;
      |              ^~~~
..\App.cpp:45:9: error: 'Signup_handler' was not declared in this scope
   45 |         Signup_handler signup_handler;
      |         ^~~~~~~~~~~~~~
In file included from C:/msys64/mingw64/include/c++/12.1.0/bits/stl_algobase.h:64,
                 from C:/msys64/mingw64/include/c++/12.1.0/string:50,
                 from C:/msys64/mingw64/include/c++/12.1.0/bits/locale_classes.h:40,
                 from C:/msys64/mingw64/include/c++/12.1.0/bits/ios_base.h:41,
                 from C:/msys64/mingw64/include/c++/12.1.0/ios:42,
                 from C:/msys64/mingw64/include/c++/12.1.0/ostream:38,
                 from C:/msys64/mingw64/include/c++/12.1.0/iostream:39,
                 from ..\App.h:10:
C:/msys64/mingw64/include/c++/12.1.0/bits/stl_pair.h: In instantiation of 'struct std::pair<User, bool>':
..\App.cpp:47:24:   required from here
C:/msys64/mingw64/include/c++/12.1.0/bits/stl_pair.h:191:11: error: 'std::pair<_T1, _T2>::first' has incomplete type
  191 |       _T1 first;                 ///< The first member
      |           ^~~~~
..\App.h:12:7: note: forward declaration of 'class User'
   12 | class User;
      |       ^~~~
In file included from C:/msys64/mingw64/include/c++/12.1.0/bits/move.h:57,
                 from C:/msys64/mingw64/include/c++/12.1.0/bits/exception_ptr.h:43,
                 from C:/msys64/mingw64/include/c++/12.1.0/exception:168,
                 from C:/msys64/mingw64/include/c++/12.1.0/ios:39:
C:/msys64/mingw64/include/c++/12.1.0/type_traits: In instantiation of 'struct std::is_copy_assignable<User>':
C:/msys64/mingw64/include/c++/12.1.0/type_traits:167:12:   required from 'struct std::__and_<std::is_copy_assignable<User>, std::is_copy_assignable<bool> >'
C:/msys64/mingw64/include/c++/12.1.0/bits/stl_pair.h:568:7:   required from 'struct std::pair<User, bool>'
..\App.cpp:47:24:   required from here
C:/msys64/mingw64/include/c++/12.1.0/type_traits:1135:52: error: static assertion failed: template argument must be a complete class or an unbounded array
 1135 |       static_assert(std::__is_complete_or_unbounded(__type_identity<_Tp>{}),
      |                     ~~~~~~~~~~~~~~~~~~~~~~~~~~~~~~~^~~~~~~~~~~~~~~~~~~~~~~~
C:/msys64/mingw64/include/c++/12.1.0/type_traits:1135:52: note: 'std::__is_complete_or_unbounded<__type_identity<User> >((std::__type_identity<User>(), std::__type_identity<User>()))' evaluates to false
C:/msys64/mingw64/include/c++/12.1.0/type_traits: In instantiation of 'struct std::is_move_assignable<User>':
C:/msys64/mingw64/include/c++/12.1.0/type_traits:167:12:   required from 'struct std::__and_<std::is_move_assignable<User>, std::is_move_assignable<bool> >'
C:/msys64/mingw64/include/c++/12.1.0/bits/stl_pair.h:578:7:   required from 'struct std::pair<User, bool>'
..\App.cpp:47:24:   required from here
C:/msys64/mingw64/include/c++/12.1.0/type_traits:1156:52: error: static assertion failed: template argument must be a complete class or an unbounded array
 1156 |       static_assert(std::__is_complete_or_unbounded(__type_identity<_Tp>{}),
      |                     ~~~~~~~~~~~~~~~~~~~~~~~~~~~~~~~^~~~~~~~~~~~~~~~~~~~~~~~
C:/msys64/mingw64/include/c++/12.1.0/type_traits:1156:52: note: 'std::__is_complete_or_unbounded<__type_identity<User> >((std::__type_identity<User>(), std::__type_identity<User>()))' evaluates to false
C:/msys64/mingw64/include/c++/12.1.0/type_traits: In instantiation of 'struct std::is_default_constructible<User>':
C:/msys64/mingw64/include/c++/12.1.0/type_traits:172:12:   required from 'struct std::__and_<std::is_default_constructible<User>, std::is_default_constructible<bool>, std::__not_<std::__and_<std::__is_implicitly_default_constructible<User>, std::__is_implicitly_default_constructible<bool> > > >'
C:/msys64/mingw64/include/c++/12.1.0/bits/stl_pair.h:395:59:   required by substitution of 'template<class _U1, class _U2, typename std::enable_if<std::__and_<std::is_default_constructible<_U1>, std::is_default_constructible<_U2>, std::__not_<std::__and_<std::__is_implicitly_default_constructible<_U1>, std::__is_implicitly_default_constructible<_U2> > > >::value, bool>::type <anonymous> > constexpr std::pair<User, bool>::pair() [with _U1 = User; _U2 = bool; typename std::enable_if<std::__and_<std::is_default_constructible<_U1>, std::is_default_constructible<_U2>, std::__not_<std::__and_<std::__is_implicitly_default_constructible<_U1>, std::__is_implicitly_default_constructible<_U2> > > >::value, bool>::type <anonymous> = <missing>]'
..\App.cpp:47:24:   required from here
C:/msys64/mingw64/include/c++/12.1.0/type_traits:989:52: error: static assertion failed: template argument must be a complete class or an unbounded array
  989 |       static_assert(std::__is_complete_or_unbounded(__type_identity<_Tp>{}),
      |                     ~~~~~~~~~~~~~~~~~~~~~~~~~~~~~~~^~~~~~~~~~~~~~~~~~~~~~~~
C:/msys64/mingw64/include/c++/12.1.0/type_traits:989:52: note: 'std::__is_complete_or_unbounded<__type_identity<User> >((std::__type_identity<User>(), std::__type_identity<User>()))' evaluates to false
..\App.cpp:47:31: error: no matching function for call to 'std::pair<User, bool>::pair()'
   47 |         std::pair<User, bool> userLoginPair;
      |                               ^~~~~~~~~~~~~
C:/msys64/mingw64/include/c++/12.1.0/bits/stl_pair.h:563:28: note: candidate: 'template<class _U1, class _U2, typename std::enable_if<(std::_PCC<((! std::is_same<User, _U1>::value) || (! std::is_same<bool, _U2>::value)), User, bool>::_MoveConstructiblePair<_U1, _U2>() && (! std::_PCC<((! std::is_same<User, _U1>::value) || (! std::is_same<bool, _U2>::value)), User, bool>::_ImplicitlyMoveConvertiblePair<_U1, _U2>())), bool>::type <anonymous> > constexpr std::pair<_T1, _T2>::pair(std::pair<_U1, _U2>&&) [with _U2 = _U1; typename std::enable_if<(std::_PCC<((! std::is_same<_T1, _U1>::value) || (! std::is_same<_T2, _U2>::value)), _T1, _T2>::_MoveConstructiblePair<_U1, _U2>() && (! std::_PCC<((! std::is_same<_T1, _U1>::value) || (! std::is_same<_T2, _U2>::value)), _T1, _T2>::_ImplicitlyMoveConvertiblePair<_U1, _U2>())), bool>::type <anonymous> = _U2; _T1 = User; _T2 = bool]'
  563 |         explicit constexpr pair(pair<_U1, _U2>&& __p)
      |                            ^~~~
C:/msys64/mingw64/include/c++/12.1.0/bits/stl_pair.h:563:28: note:   template argument deduction/substitution failed:
..\App.cpp:47:31: note:   candidate expects 1 argument, 0 provided
   47 |         std::pair<User, bool> userLoginPair;
      |                               ^~~~~~~~~~~~~
C:/msys64/mingw64/include/c++/12.1.0/bits/stl_pair.h:553:19: note: candidate: 'template<class _U1, class _U2, typename std::enable_if<(std::_PCC<((! std::is_same<User, _U1>::value) || (! std::is_same<bool, _U2>::value)), User, bool>::_MoveConstructiblePair<_U1, _U2>() && std::_PCC<((! std::is_same<User, _U1>::value) || (! std::is_same<bool, _U2>::value)), User, bool>::_ImplicitlyMoveConvertiblePair<_U1, _U2>()), bool>::type <anonymous> > constexpr std::pair<_T1, _T2>::pair(std::pair<_U1, _U2>&&) [with _U2 = _U1; typename std::enable_if<(std::_PCC<((! std::is_same<_T1, _U1>::value) || (! std::is_same<_T2, _U2>::value)), _T1, _T2>::_MoveConstructiblePair<_U1, _U2>() && std::_PCC<((! std::is_same<_T1, _U1>::value) || (! std::is_same<_T2, _U2>::value)), _T1, _T2>::_ImplicitlyMoveConvertiblePair<_U1, _U2>()), bool>::type <anonymous> = _U2; _T1 = User; _T2 = bool]'
  553 |         constexpr pair(pair<_U1, _U2>&& __p)
      |                   ^~~~
C:/msys64/mingw64/include/c++/12.1.0/bits/stl_pair.h:553:19: note:   template argument deduction/substitution failed:
..\App.cpp:47:31: note:   candidate expects 1 argument, 0 provided
   47 |         std::pair<User, bool> userLoginPair;
      |                               ^~~~~~~~~~~~~
C:/msys64/mingw64/include/c++/12.1.0/bits/stl_pair.h:543:28: note: candidate: 'template<class _U1, class _U2, typename std::enable_if<(_MoveConstructiblePair<_U1, _U2>() && (! _ImplicitlyMoveConvertiblePair<_U1, _U2>())), bool>::type <anonymous> > constexpr std::pair<_T1, _T2>::pair(_U1&&, _U2&&) [with _U2 = _U1; typename std::enable_if<(std::_PCC<true, _T1, _T2>::_MoveConstructiblePair<_U1, _U2>() && (! std::_PCC<true, _T1, _T2>::_ImplicitlyMoveConvertiblePair<_U1, _U2>())), bool>::type <anonymous> = _U2; _T1 = User; _T2 = bool]'
  543 |         explicit constexpr pair(_U1&& __x, _U2&& __y)
      |                            ^~~~
C:/msys64/mingw64/include/c++/12.1.0/bits/stl_pair.h:543:28: note:   template argument deduction/substitution failed:
..\App.cpp:47:31: note:   candidate expects 2 arguments, 0 provided
   47 |         std::pair<User, bool> userLoginPair;
      |                               ^~~~~~~~~~~~~
C:/msys64/mingw64/include/c++/12.1.0/bits/stl_pair.h:534:19: note: candidate: 'template<class _U1, class _U2, typename std::enable_if<(_MoveConstructiblePair<_U1, _U2>() && _ImplicitlyMoveConvertiblePair<_U1, _U2>()), bool>::type <anonymous> > constexpr std::pair<_T1, _T2>::pair(_U1&&, _U2&&) [with _U2 = _U1; typename std::enable_if<(std::_PCC<true, _T1, _T2>::_MoveConstructiblePair<_U1, _U2>() && std::_PCC<true, _T1, _T2>::_ImplicitlyMoveConvertiblePair<_U1, _U2>()), bool>::type <anonymous> = _U2; _T1 = User; _T2 = bool]'
  534 |         constexpr pair(_U1&& __x, _U2&& __y)
      |                   ^~~~
C:/msys64/mingw64/include/c++/12.1.0/bits/stl_pair.h:534:19: note:   template argument deduction/substitution failed:
..\App.cpp:47:31: note:   candidate expects 2 arguments, 0 provided
   47 |         std::pair<User, bool> userLoginPair;
      |                               ^~~~~~~~~~~~~
C:/msys64/mingw64/include/c++/12.1.0/bits/stl_pair.h:523:9: note: candidate: 'template<class _U2, typename std::enable_if<std::__and_<std::is_pointer<User>, std::__not_<std::is_reference<_Tp> >, std::is_constructible<bool, _U2>, std::__not_<std::is_constructible<bool, const _U1&> >, std::__not_<std::is_convertible<_U2, bool> > >::value, bool>::type <anonymous> > constexpr std::pair<_T1, _T2>::pair(__zero_as_null_pointer_constant, _U2&&, ...) [with typename std::enable_if<std::__and_<std::is_pointer<_Tp>, std::__not_<std::is_reference<_U1> >, std::is_constructible<_T2, _U2>, std::__not_<std::is_constructible<_T1, const _U1&> >, std::__not_<std::is_convertible<_U2, _T2> > >::value, bool>::type <anonymous> = _U2; _T1 = User; _T2 = bool]'
  523 |         pair(__zero_as_null_pointer_constant, _U2&& __y, ...)
      |         ^~~~
C:/msys64/mingw64/include/c++/12.1.0/bits/stl_pair.h:523:9: note:   template argument deduction/substitution failed:
..\App.cpp:47:31: note:   candidate expects 2 arguments, 0 provided
   47 |         std::pair<User, bool> userLoginPair;
      |                               ^~~~~~~~~~~~~
C:/msys64/mingw64/include/c++/12.1.0/bits/stl_pair.h:511:9: note: candidate: 'template<class _U2, typename std::enable_if<std::__and_<std::is_pointer<User>, std::__not_<std::is_reference<_Tp> >, std::is_constructible<bool, _U2>, std::__not_<std::is_constructible<bool, const _U1&> >, std::is_convertible<_U2, bool> >::value, bool>::type <anonymous> > constexpr std::pair<_T1, _T2>::pair(__zero_as_null_pointer_constant, _U2&&, ...) [with typename std::enable_if<std::__and_<std::is_pointer<_Tp>, std::__not_<std::is_reference<_U1> >, std::is_constructible<_T2, _U2>, std::__not_<std::is_constructible<_T1, const _U1&> >, std::is_convertible<_U2, _T2> >::value, bool>::type <anonymous> = _U2; _T1 = User; _T2 = bool]'
  511 |         pair(__zero_as_null_pointer_constant, _U2&& __y, ...)
      |         ^~~~
C:/msys64/mingw64/include/c++/12.1.0/bits/stl_pair.h:511:9: note:   template argument deduction/substitution failed:
..\App.cpp:47:31: note:   candidate expects 2 arguments, 0 provided
   47 |         std::pair<User, bool> userLoginPair;
      |                               ^~~~~~~~~~~~~
C:/msys64/mingw64/include/c++/12.1.0/bits/stl_pair.h:499:9: note: candidate: 'template<class _U1, typename std::enable_if<std::__and_<std::__not_<std::is_reference<_Tp> >, std::is_pointer<bool>, std::is_constructible<User, _U1>, std::__not_<std::is_constructible<User, const _U1&> >, std::__not_<std::is_convertible<_Iter, User> > >::value, bool>::type <anonymous> > constexpr std::pair<_T1, _T2>::pair(_U1&&, __zero_as_null_pointer_constant, ...) [with typename std::enable_if<std::__and_<std::__not_<std::is_reference<_U1> >, std::is_pointer<_T2>, std::is_constructible<_T1, _U1>, std::__not_<std::is_constructible<_T1, const _U1&> >, std::__not_<std::is_convertible<_Iter, _Iterator> > >::value, bool>::type <anonymous> = _U1; _T1 = User; _T2 = bool]'
  499 |         pair(_U1&& __x, __zero_as_null_pointer_constant, ...)
      |         ^~~~
C:/msys64/mingw64/include/c++/12.1.0/bits/stl_pair.h:499:9: note:   template argument deduction/substitution failed:
..\App.cpp:47:31: note:   candidate expects 2 arguments, 0 provided
   47 |         std::pair<User, bool> userLoginPair;
      |                               ^~~~~~~~~~~~~
C:/msys64/mingw64/include/c++/12.1.0/bits/stl_pair.h:487:9: note: candidate: 'template<class _U1, typename std::enable_if<std::__and_<std::__not_<std::is_reference<_Tp> >, std::is_pointer<bool>, std::is_constructible<User, _U1>, std::__not_<std::is_constructible<User, const _U1&> >, std::is_convertible<_Iter, User> >::value, bool>::type <anonymous> > constexpr std::pair<_T1, _T2>::pair(_U1&&, __zero_as_null_pointer_constant, ...) [with typename std::enable_if<std::__and_<std::__not_<std::is_reference<_U1> >, std::is_pointer<_T2>, std::is_constructible<_T1, _U1>, std::__not_<std::is_constructible<_T1, const _U1&> >, std::is_convertible<_Iter, _Iterator> >::value, bool>::type <anonymous> = _U1; _T1 = User; _T2 = bool]'
  487 |         pair(_U1&& __x, __zero_as_null_pointer_constant, ...)
      |         ^~~~
C:/msys64/mingw64/include/c++/12.1.0/bits/stl_pair.h:487:9: note:   template argument deduction/substitution failed:
..\App.cpp:47:31: note:   candidate expects 2 arguments, 0 provided
   47 |         std::pair<User, bool> userLoginPair;
      |                               ^~~~~~~~~~~~~
C:/msys64/mingw64/include/c++/12.1.0/bits/stl_pair.h:447:28: note: candidate: 'template<class _U1, class _U2, typename std::enable_if<(std::_PCC<((! std::is_same<User, _U1>::value) || (! std::is_same<bool, _U2>::value)), User, bool>::_ConstructiblePair<_U1, _U2>() && (! std::_PCC<((! std::is_same<User, _U1>::value) || (! std::is_same<bool, _U2>::value)), User, bool>::_ImplicitlyConvertiblePair<_U1, _U2>())), bool>::type <anonymous> > constexpr std::pair<_T1, _T2>::pair(const std::pair<_U1, _U2>&) [with _U2 = _U1; typename std::enable_if<(std::_PCC<((! std::is_same<_T1, _U1>::value) || (! std::is_same<_T2, _U2>::value)), _T1, _T2>::_ConstructiblePair<_U1, _U2>() && (! std::_PCC<((! std::is_same<_T1, _U1>::value) || (! std::is_same<_T2, _U2>::value)), _T1, _T2>::_ImplicitlyConvertiblePair<_U1, _U2>())), bool>::type <anonymous> = _U2; _T1 = User; _T2 = bool]'
  447 |         explicit constexpr pair(const pair<_U1, _U2>& __p)
      |                            ^~~~
C:/msys64/mingw64/include/c++/12.1.0/bits/stl_pair.h:447:28: note:   template argument deduction/substitution failed:
..\App.cpp:47:31: note:   candidate expects 1 argument, 0 provided
   47 |         std::pair<User, bool> userLoginPair;
      |                               ^~~~~~~~~~~~~
C:/msys64/mingw64/include/c++/12.1.0/bits/stl_pair.h:438:19: note: candidate: 'template<class _U1, class _U2, typename std::enable_if<(std::_PCC<((! std::is_same<User, _U1>::value) || (! std::is_same<bool, _U2>::value)), User, bool>::_ConstructiblePair<_U1, _U2>() && std::_PCC<((! std::is_same<User, _U1>::value) || (! std::is_same<bool, _U2>::value)), User, bool>::_ImplicitlyConvertiblePair<_U1, _U2>()), bool>::type <anonymous> > constexpr std::pair<_T1, _T2>::pair(const std::pair<_U1, _U2>&) [with _U2 = _U1; typename std::enable_if<(std::_PCC<((! std::is_same<_T1, _U1>::value) || (! std::is_same<_T2, _U2>::value)), _T1, _T2>::_ConstructiblePair<_U1, _U2>() && std::_PCC<((! std::is_same<_T1, _U1>::value) || (! std::is_same<_T2, _U2>::value)), _T1, _T2>::_ImplicitlyConvertiblePair<_U1, _U2>()), bool>::type <anonymous> = _U2; _T1 = User; _T2 = bool]'
  438 |         constexpr pair(const pair<_U1, _U2>& __p)
      |                   ^~~~
C:/msys64/mingw64/include/c++/12.1.0/bits/stl_pair.h:438:19: note:   template argument deduction/substitution failed:
..\App.cpp:47:31: note:   candidate expects 1 argument, 0 provided
   47 |         std::pair<User, bool> userLoginPair;
      |                               ^~~~~~~~~~~~~
C:/msys64/mingw64/include/c++/12.1.0/bits/stl_pair.h:421:26: note: candidate: 'template<class _U1, class _U2, typename std::enable_if<(_ConstructiblePair<_U1, _U2>() && (! _ImplicitlyConvertiblePair<_U1, _U2>())), bool>::type <anonymous> > constexpr std::pair<_T1, _T2>::pair(const _T1&, const _T2&) [with _U2 = _U1; typename std::enable_if<(std::_PCC<true, _T1, _T2>::_ConstructiblePair<_U1, _U2>() && (! std::_PCC<true, _T1, _T2>::_ImplicitlyConvertiblePair<_U1, _U2>())), bool>::type <anonymous> = _U2; _T1 = User; _T2 = bool]'
  421 |       explicit constexpr pair(const _T1& __a, const _T2& __b)
      |                          ^~~~
C:/msys64/mingw64/include/c++/12.1.0/bits/stl_pair.h:421:26: note:   template argument deduction/substitution failed:
..\App.cpp:47:31: note:   candidate expects 2 arguments, 0 provided
   47 |         std::pair<User, bool> userLoginPair;
      |                               ^~~~~~~~~~~~~
C:/msys64/mingw64/include/c++/12.1.0/bits/stl_pair.h:411:17: note: candidate: 'template<class _U1, class _U2, typename std::enable_if<(_ConstructiblePair<_U1, _U2>() && _ImplicitlyConvertiblePair<_U1, _U2>()), bool>::type <anonymous> > constexpr std::pair<_T1, _T2>::pair(const _T1&, const _T2&) [with _U2 = _U1; typename std::enable_if<(std::_PCC<true, _T1, _T2>::_ConstructiblePair<_U1, _U2>() && std::_PCC<true, _T1, _T2>::_ImplicitlyConvertiblePair<_U1, _U2>()), bool>::type <anonymous> = _U2; _T1 = User; _T2 = bool]'
  411 |       constexpr pair(const _T1& __a, const _T2& __b)
      |                 ^~~~
C:/msys64/mingw64/include/c++/12.1.0/bits/stl_pair.h:411:17: note:   template argument deduction/substitution failed:
..\App.cpp:47:31: note:   candidate expects 2 arguments, 0 provided
   47 |         std::pair<User, bool> userLoginPair;
      |                               ^~~~~~~~~~~~~
C:/msys64/mingw64/include/c++/12.1.0/bits/stl_pair.h:396:26: note: candidate: 'template<class _U1, class _U2, typename std::enable_if<std::__and_<std::is_default_constructible<_U1>, std::is_default_constructible<_U2>, std::__not_<std::__and_<std::__is_implicitly_default_constructible<_U1>, std::__is_implicitly_default_constructible<_U2> > > >::value, bool>::type <anonymous> > constexpr std::pair<_T1, _T2>::pair() [with _U2 = _U1; typename std::enable_if<std::__and_<std::is_default_constructible<_U1>, std::is_default_constructible<_U2>, std::__not_<std::__and_<std::__is_implicitly_default_constructible<_U1>, std::__is_implicitly_default_constructible<_U2> > > >::value, bool>::type <anonymous> = _U2; _T1 = User; _T2 = bool]'
  396 |       explicit constexpr pair()
      |                          ^~~~
C:/msys64/mingw64/include/c++/12.1.0/bits/stl_pair.h:396:26: note:   substitution of deduced template arguments resulted in errors seen above
C:/msys64/mingw64/include/c++/12.1.0/bits/stl_pair.h:384:17: note: candidate: 'template<class _U1, class _U2, typename std::enable_if<std::__and_<std::__is_implicitly_default_constructible<_U1>, std::__is_implicitly_default_constructible<_U2> >::value, bool>::type <anonymous> > constexpr std::pair<_T1, _T2>::pair() [with _U2 = _U1; typename std::enable_if<std::__and_<std::__is_implicitly_default_constructible<_U1>, std::__is_implicitly_default_constructible<_U2> >::value, bool>::type <anonymous> = _U2; _T1 = User; _T2 = bool]'
  384 |       constexpr pair()
      |                 ^~~~
C:/msys64/mingw64/include/c++/12.1.0/bits/stl_pair.h:384:17: note:   template argument deduction/substitution failed:
C:/msys64/mingw64/include/c++/12.1.0/bits/stl_pair.h:383:59: error: no type named 'type' in 'struct std::enable_if<false, bool>'
  383 |                                    ::value, bool>::type = true>
      |                                                           ^~~~
C:/msys64/mingw64/include/c++/12.1.0/bits/stl_pair.h:217:9: note: candidate: 'template<class ... _Args1, long long unsigned int ..._Indexes1, class ... _Args2, long long unsigned int ..._Indexes2> std::pair<_T1, _T2>::pair(std::tuple<_Args1 ...>&, std::tuple<_Args2 ...>&, std::_Index_tuple<_Indexes1 ...>, std::_Index_tuple<_Indexes2 ...>) [with _Args1 = {_Args1 ...}; long long unsigned int ..._Indexes1 = {_Indexes1 ...}; _Args2 = {_Args2 ...}; long long unsigned int ..._Indexes2 = {_Indexes2 ...}; _T1 = User; _T2 = bool]'
  217 |         pair(tuple<_Args1...>&, tuple<_Args2...>&,
      |         ^~~~
C:/msys64/mingw64/include/c++/12.1.0/bits/stl_pair.h:217:9: note:   template argument deduction/substitution failed:
..\App.cpp:47:31: note:   candidate expects 4 arguments, 0 provided
   47 |         std::pair<User, bool> userLoginPair;
      |                               ^~~~~~~~~~~~~
C:/msys64/mingw64/include/c++/12.1.0/bits/stl_pair.h:200:9: note: candidate: 'template<class ... _Args1, class ... _Args2> std::pair<_T1, _T2>::pair(std::piecewise_construct_t, std::tuple<_Args1 ...>, std::tuple<_Args2 ...>) [with _Args1 = {_Args1 ...}; _Args2 = {_Args2 ...}; _T1 = User; _T2 = bool]'
  200 |         pair(piecewise_construct_t, tuple<_Args1...>, tuple<_Args2...>);
      |         ^~~~
C:/msys64/mingw64/include/c++/12.1.0/bits/stl_pair.h:200:9: note:   template argument deduction/substitution failed:
..\App.cpp:47:31: note:   candidate expects 3 arguments, 0 provided
   47 |         std::pair<User, bool> userLoginPair;
      |                               ^~~~~~~~~~~~~
C:/msys64/mingw64/include/c++/12.1.0/bits/stl_pair.h:196:17: note: candidate: 'constexpr std::pair<_T1, _T2>::pair(std::pair<_T1, _T2>&&) [with _T1 = User; _T2 = bool]'
  196 |       constexpr pair(pair&&) = default;         ///< Move constructor
      |                 ^~~~
C:/msys64/mingw64/include/c++/12.1.0/bits/stl_pair.h:196:17: note:   candidate expects 1 argument, 0 provided
C:/msys64/mingw64/include/c++/12.1.0/bits/stl_pair.h:195:17: note: candidate: 'constexpr std::pair<_T1, _T2>::pair(const std::pair<_T1, _T2>&) [with _T1 = User; _T2 = bool]'
  195 |       constexpr pair(const pair&) = default;    ///< Copy constructor
      |                 ^~~~
C:/msys64/mingw64/include/c++/12.1.0/bits/stl_pair.h:195:17: note:   candidate expects 1 argument, 0 provided
..\App.cpp:47:31: warning: unused variable 'userLoginPair' [-Wunused-variable]
   47 |         std::pair<User, bool> userLoginPair;
      |                               ^~~~~~~~~~~~~
16:13:13 **** Incremental Build of configuration Debug for project askme-oo ****
Info: Internal Builder is used for build
g++ -O0 -g3 -Wall -c -fmessage-length=0 -o App.o "..\\App.cpp" 
g++ -o askme-oo.exe App.o Authenticator.o DBmanager.o Error.o Inputscanner.o Loginhandler.o Menu.o Signuphandler.o User.o UsersDb.o main.o 
C:/msys64/mingw64/bin/../lib/gcc/x86_64-w64-mingw32/12.1.0/../../../../x86_64-w64-mingw32/bin/ld.exe: cannot find Error.o: No such file or directory
C:/msys64/mingw64/bin/../lib/gcc/x86_64-w64-mingw32/12.1.0/../../../../x86_64-w64-mingw32/bin/ld.exe: cannot find Inputscanner.o: No such file or directory
C:/msys64/mingw64/bin/../lib/gcc/x86_64-w64-mingw32/12.1.0/../../../../x86_64-w64-mingw32/bin/ld.exe: cannot find Menu.o: No such file or directory
C:/msys64/mingw64/bin/../lib/gcc/x86_64-w64-mingw32/12.1.0/../../../../x86_64-w64-mingw32/bin/ld.exe: cannot find Signuphandler.o: No such file or directory
C:/msys64/mingw64/bin/../lib/gcc/x86_64-w64-mingw32/12.1.0/../../../../x86_64-w64-mingw32/bin/ld.exe: cannot find User.o: No such file or directory
collect2.exe: error: ld returned 1 exit status
16:14:16 **** Incremental Build of configuration Debug for project askme-oo ****
Info: Internal Builder is used for build
g++ -O0 -g3 -Wall -c -fmessage-length=0 -o App.o "..\\App.cpp" 
g++ -o askme-oo.exe App.o Authenticator.o DBmanager.o Error.o Inputscanner.o Loginhandler.o Menu.o Signuphandler.o User.o UsersDb.o main.o 
C:/msys64/mingw64/bin/../lib/gcc/x86_64-w64-mingw32/12.1.0/../../../../x86_64-w64-mingw32/bin/ld.exe: cannot find Error.o: No such file or directory
C:/msys64/mingw64/bin/../lib/gcc/x86_64-w64-mingw32/12.1.0/../../../../x86_64-w64-mingw32/bin/ld.exe: cannot find Inputscanner.o: No such file or directory
C:/msys64/mingw64/bin/../lib/gcc/x86_64-w64-mingw32/12.1.0/../../../../x86_64-w64-mingw32/bin/ld.exe: cannot find Menu.o: No such file or directory
C:/msys64/mingw64/bin/../lib/gcc/x86_64-w64-mingw32/12.1.0/../../../../x86_64-w64-mingw32/bin/ld.exe: cannot find Signuphandler.o: No such file or directory
C:/msys64/mingw64/bin/../lib/gcc/x86_64-w64-mingw32/12.1.0/../../../../x86_64-w64-mingw32/bin/ld.exe: cannot find User.o: No such file or directory
collect2.exe: error: ld returned 1 exit status
16:14:24 **** Incremental Build of configuration Debug for project askme-oo ****
Info: Internal Builder is used for build
g++ -o askme-oo.exe App.o Authenticator.o DBmanager.o Error.o Inputscanner.o Loginhandler.o Menu.o Signuphandler.o User.o UsersDb.o main.o 
C:/msys64/mingw64/bin/../lib/gcc/x86_64-w64-mingw32/12.1.0/../../../../x86_64-w64-mingw32/bin/ld.exe: cannot find Error.o: No such file or directory
C:/msys64/mingw64/bin/../lib/gcc/x86_64-w64-mingw32/12.1.0/../../../../x86_64-w64-mingw32/bin/ld.exe: cannot find Inputscanner.o: No such file or directory
C:/msys64/mingw64/bin/../lib/gcc/x86_64-w64-mingw32/12.1.0/../../../../x86_64-w64-mingw32/bin/ld.exe: cannot find Menu.o: No such file or directory
C:/msys64/mingw64/bin/../lib/gcc/x86_64-w64-mingw32/12.1.0/../../../../x86_64-w64-mingw32/bin/ld.exe: cannot find Signuphandler.o: No such file or directory
C:/msys64/mingw64/bin/../lib/gcc/x86_64-w64-mingw32/12.1.0/../../../../x86_64-w64-mingw32/bin/ld.exe: cannot find User.o: No such file or directory
collect2.exe: error: ld returned 1 exit status
16:14:58 **** Incremental Build of configuration Debug for project askme-oo ****
Info: Internal Builder is used for build
g++ -O0 -g3 -Wall -c -fmessage-length=0 -o main.o "..\\main.cpp" 
g++ -O0 -g3 -Wall -c -fmessage-length=0 -o App.o "..\\App.cpp" 
g++ -o askme-oo.exe App.o Authenticator.o DBmanager.o Error.o Inputscanner.o Loginhandler.o Menu.o Signuphandler.o User.o UsersDb.o main.o 
C:/msys64/mingw64/bin/../lib/gcc/x86_64-w64-mingw32/12.1.0/../../../../x86_64-w64-mingw32/bin/ld.exe: cannot find Error.o: No such file or directory
C:/msys64/mingw64/bin/../lib/gcc/x86_64-w64-mingw32/12.1.0/../../../../x86_64-w64-mingw32/bin/ld.exe: cannot find Inputscanner.o: No such file or directory
C:/msys64/mingw64/bin/../lib/gcc/x86_64-w64-mingw32/12.1.0/../../../../x86_64-w64-mingw32/bin/ld.exe: cannot find Menu.o: No such file or directory
C:/msys64/mingw64/bin/../lib/gcc/x86_64-w64-mingw32/12.1.0/../../../../x86_64-w64-mingw32/bin/ld.exe: cannot find Signuphandler.o: No such file or directory
C:/msys64/mingw64/bin/../lib/gcc/x86_64-w64-mingw32/12.1.0/../../../../x86_64-w64-mingw32/bin/ld.exe: cannot find User.o: No such file or directory
collect2.exe: error: ld returned 1 exit status
16:16:13 **** Incremental Build of configuration Debug for project askme-oo ****
Info: Internal Builder is used for build
g++ -O0 -g3 -Wall -c -fmessage-length=0 -o App.o "..\\App.cpp" 
g++ -O0 -g3 -Wall -c -fmessage-length=0 -o Authenticator.o "..\\Authenticator.cpp" 
g++ -o askme-oo.exe App.o Authenticator.o DBmanager.o Error.o Inputscanner.o Loginhandler.o Menu.o Signuphandler.o User.o UsersDb.o main.o 
C:/msys64/mingw64/bin/../lib/gcc/x86_64-w64-mingw32/12.1.0/../../../../x86_64-w64-mingw32/bin/ld.exe: cannot find Error.o: No such file or directory
C:/msys64/mingw64/bin/../lib/gcc/x86_64-w64-mingw32/12.1.0/../../../../x86_64-w64-mingw32/bin/ld.exe: cannot find Inputscanner.o: No such file or directory
C:/msys64/mingw64/bin/../lib/gcc/x86_64-w64-mingw32/12.1.0/../../../../x86_64-w64-mingw32/bin/ld.exe: cannot find Menu.o: No such file or directory
C:/msys64/mingw64/bin/../lib/gcc/x86_64-w64-mingw32/12.1.0/../../../../x86_64-w64-mingw32/bin/ld.exe: cannot find Signuphandler.o: No such file or directory
C:/msys64/mingw64/bin/../lib/gcc/x86_64-w64-mingw32/12.1.0/../../../../x86_64-w64-mingw32/bin/ld.exe: cannot find User.o: No such file or directory
collect2.exe: error: ld returned 1 exit status
16:16:51 **** Clean-only build of configuration Debug for project askme-oo ****
rm -rf Menu.d Menu.o Inputscanner.o User.o User.d askme-oo.exe App.o Authenticator.o Authenticator.d main.o Inputscanner.d App.d UsersDb.d Loginhandler.o UsersDb.o Loginhandler.d DBmanager.o Error.o main.d Signuphandler.d Error.d Signuphandler.o DBmanager.d 
16:16:51 **** Rebuild of configuration Debug for project askme-oo ****
Info: Internal Builder is used for build
g++ -O0 -g3 -Wall -c -fmessage-length=0 -o Signuphandler.o "..\\Signuphandler.cpp" 
g++ -O0 -g3 -Wall -c -fmessage-length=0 -o User.o "..\\User.cpp" 
g++ -O0 -g3 -Wall -c -fmessage-length=0 -o Inputscanner.o "..\\Inputscanner.cpp" 
g++ -O0 -g3 -Wall -c -fmessage-length=0 -o Loginhandler.o "..\\Loginhandler.cpp" 
g++ -O0 -g3 -Wall -c -fmessage-length=0 -o App.o "..\\App.cpp" 
g++ -O0 -g3 -Wall -c -fmessage-length=0 -o Authenticator.o "..\\Authenticator.cpp" 
g++ -O0 -g3 -Wall -c -fmessage-length=0 -o Error.o "..\\Error.cpp" 
g++ -O0 -g3 -Wall -c -fmessage-length=0 -o Menu.o "..\\Menu.cpp" 
In file included from ..\Menu.cpp:8:
..\Menu.h:19:59: error: 'string' is not a member of 'std'
   19 |                         void print(const std::vector<std::string> menuStrings) const;
      |                                                           ^~~~~~
..\Menu.h:11:1: note: 'std::string' is defined in header '<string>'; did you forget to '#include <string>'?
   10 | #include <vector>
  +++ |+#include <string>
   11 | class Menu {
..\Menu.h:19:65: error: template argument 1 is invalid
   19 |                         void print(const std::vector<std::string> menuStrings) const;
      |                                                                 ^
..\Menu.h:19:65: error: template argument 2 is invalid
..\Menu.h:27:51: error: 'string' in namespace 'std' does not name a type
   27 |                         int get_choice(const std::string);
      |                                                   ^~~~~~
..\Menu.h:27:46: note: 'std::string' is defined in header '<string>'; did you forget to '#include <string>'?
   27 |                         int get_choice(const std::string);
      |                                              ^~~
..\Menu.cpp: In member function 'void Menu::menu_login()':
..\Menu.cpp:29:15: error: cannot convert 'std::vector<std::__cxx11::basic_string<char> >' to 'int'
   29 |         print(menuStrings);
      |               ^~~~~~~~~~~
      |               |
      |               std::vector<std::__cxx11::basic_string<char> >
..\Menu.h:19:67: note:   initializing argument 1 of 'void Menu::print(int) const'
   19 |                         void print(const std::vector<std::string> menuStrings) const;
      |                                    ~~~~~~~~~~~~~~~~~~~~~~~~~~~~~~~^~~~~~~~~~~
..\Menu.cpp: In member function 'void Menu::menu_main()':
..\Menu.cpp:46:15: error: cannot convert 'std::vector<std::__cxx11::basic_string<char> >' to 'int'
   46 |         print(menuStrings);
      |               ^~~~~~~~~~~
      |               |
      |               std::vector<std::__cxx11::basic_string<char> >
..\Menu.h:19:67: note:   initializing argument 1 of 'void Menu::print(int) const'
   19 |                         void print(const std::vector<std::string> menuStrings) const;
      |                                    ~~~~~~~~~~~~~~~~~~~~~~~~~~~~~~~^~~~~~~~~~~
..\Menu.cpp: At global scope:
..\Menu.cpp:49:6: error: no declaration matches 'void Menu::print(std::vector<std::__cxx11::basic_string<char> >) const'
   49 | void Menu::print(const std::vector<std::string> menuStrings) const
      |      ^~~~
..\Menu.h:19:30: note: candidate is: 'void Menu::print(int) const'
   19 |                         void print(const std::vector<std::string> menuStrings) const;
      |                              ^~~~~
..\Menu.h:11:7: note: 'class Menu' defined here
   11 | class Menu {
      |       ^~~~
..\Menu.cpp:56:5: error: no declaration matches 'int Menu::get_choice(std::string)'
   56 | int Menu::get_choice(const std::string menuList)
      |     ^~~~
..\Menu.h:27:29: note: candidate is: 'int Menu::get_choice(int)'
   27 |                         int get_choice(const std::string);
      |                             ^~~~~~~~~~
..\Menu.h:11:7: note: 'class Menu' defined here
   11 | class Menu {
      |       ^~~~
16:17:49 **** Incremental Build of configuration Debug for project askme-oo ****
Info: Internal Builder is used for build
g++ -O0 -g3 -Wall -c -fmessage-length=0 -o App.o "..\\App.cpp" 
g++ -O0 -g3 -Wall -c -fmessage-length=0 -o UsersDb.o "..\\UsersDb.cpp" 
g++ -O0 -g3 -Wall -c -fmessage-length=0 -o main.o "..\\main.cpp" 
g++ -O0 -g3 -Wall -c -fmessage-length=0 -o Menu.o "..\\Menu.cpp" 
..\Menu.cpp: In member function 'void Menu::print(std::vector<std::__cxx11::basic_string<char> >) const':
..\Menu.cpp:51:27: error: binding reference of type 'std::string&' {aka 'std::__cxx11::basic_string<char>&'} to 'const std::__cxx11::basic_string<char>' discards qualifiers
   51 |     for(std::string& str: menuStrings){
      |                           ^~~~~~~~~~~
..\Menu.cpp:51:22: warning: loop variable 'str' of type 'std::string&' {aka 'std::__cxx11::basic_string<char>&'} binds to a temporary constructed from type 'const std::__cxx11::basic_string<char>' [-Wrange-loop-construct]
   51 |     for(std::string& str: menuStrings){
      |                      ^~~
..\Menu.cpp:51:22: note: use non-reference type 'std::string' {aka 'std::__cxx11::basic_string<char>'} to make the copy explicit or 'const std::__cxx11::basic_string<char>&' to prevent copying
..\Menu.cpp: In member function 'int Menu::get_choice(std::string)':
..\Menu.cpp:59:11: error: cannot convert 'const std::string' {aka 'const std::__cxx11::basic_string<char>'} to 'std::vector<std::__cxx11::basic_string<char> >'
   59 |     print(menuList);
      |           ^~~~~~~~
      |           |
      |           const std::string {aka const std::__cxx11::basic_string<char>}
..\Menu.cpp:49:49: note:   initializing argument 1 of 'void Menu::print(std::vector<std::__cxx11::basic_string<char> >) const'
   49 | void Menu::print(const std::vector<std::string> menuStrings) const
      |                  ~~~~~~~~~~~~~~~~~~~~~~~~~~~~~~~^~~~~~~~~~~
16:18:35 **** Incremental Build of configuration Debug for project askme-oo ****
Info: Internal Builder is used for build
g++ -O0 -g3 -Wall -c -fmessage-length=0 -o DBmanager.o "..\\DBmanager.cpp" 
g++ -O0 -g3 -Wall -c -fmessage-length=0 -o Menu.o "..\\Menu.cpp" 
..\Menu.cpp: In member function 'int Menu::get_choice(std::string)':
..\Menu.cpp:58:11: error: cannot convert 'const std::string' {aka 'const std::__cxx11::basic_string<char>'} to 'std::vector<std::__cxx11::basic_string<char> >'
   58 |     print(menuList);
      |           ^~~~~~~~
      |           |
      |           const std::string {aka const std::__cxx11::basic_string<char>}
..\Menu.cpp:48:49: note:   initializing argument 1 of 'void Menu::print(std::vector<std::__cxx11::basic_string<char> >) const'
   48 | void Menu::print(const std::vector<std::string> menuStrings) const
      |                  ~~~~~~~~~~~~~~~~~~~~~~~~~~~~~~~^~~~~~~~~~~
16:20:03 **** Incremental Build of configuration Debug for project askme-oo ****
Info: Internal Builder is used for build
g++ -O0 -g3 -Wall -c -fmessage-length=0 -o Menu.o "..\\Menu.cpp" 
..\Menu.cpp:55:5: error: no declaration matches 'int Menu::get_choice(std::vector<std::__cxx11::basic_string<char> >)'
   55 | int Menu::get_choice(const std::vector<std::string> menuList)
      |     ^~~~
In file included from ..\Menu.cpp:8:
..\Menu.h:29:29: note: candidate is: 'int Menu::get_choice(std::string)'
   29 |                         int get_choice(const std::string);
      |                             ^~~~~~~~~~
..\Menu.h:13:7: note: 'class Menu' defined here
   13 | class Menu {
      |       ^~~~
16:21:52 **** Incremental Build of configuration Debug for project askme-oo ****
Info: Internal Builder is used for build
g++ -O0 -g3 -Wall -c -fmessage-length=0 -o Menu.o "..\\Menu.cpp" 
g++ -O0 -g3 -Wall -c -fmessage-length=0 -o App.o "..\\App.cpp" 
g++ -o askme-oo.exe App.o Authenticator.o DBmanager.o Error.o Inputscanner.o Loginhandler.o Menu.o Signuphandler.o User.o UsersDb.o main.o 
Info: Nothing to build for askme-oo
00:11:08 **** Incremental Build of configuration Debug for project askme-oo ****
Info: Internal Builder is used for build
g++ -O0 -g3 -Wall -c -fmessage-length=0 -o DBmanager.o "..\\DBmanager.cpp" 
g++ -o askme-oo.exe App.o Authenticator.o DBmanager.o Error.o Inputscanner.o Loginhandler.o Menu.o Signuphandler.o User.o UsersDb.o main.o 
Info: Nothing to build for askme-oo
00:20:30 **** Incremental Build of configuration Debug for project askme-oo ****
Info: Internal Builder is used for build
g++ -O0 -g3 -Wall -c -fmessage-length=0 -o App.o "..\\App.cpp" 
g++ -O0 -g3 -Wall -c -fmessage-length=0 -o Error.o "..\\Error.cpp" 
g++ -O0 -g3 -Wall -c -fmessage-length=0 -o Loginhandler.o "..\\Loginhandler.cpp" 
g++ -O0 -g3 -Wall -c -fmessage-length=0 -o Authenticator.o "..\\Authenticator.cpp" 
g++ -O0 -g3 -Wall -c -fmessage-length=0 -o DBmanager.o "..\\DBmanager.cpp" 
g++ -o askme-oo.exe App.o Authenticator.o DBmanager.o Error.o Inputscanner.o Loginhandler.o Menu.o Signuphandler.o User.o UsersDb.o main.o 
Info: Nothing to build for askme-oo
00:47:37 **** Incremental Build of configuration Debug for project askme-oo ****
Info: Internal Builder is used for build
g++ -O0 -g3 -Wall -c -fmessage-length=0 -o Signuphandler.o "..\\Signuphandler.cpp" 
..\Signuphandler.cpp: In member function 'void Signup_handler::signup()':
..\Signuphandler.cpp:28:26: error: 'std::string User::username' is private within this context
   28 |         std::cin >> user.username >> user.password;
      |                          ^~~~~~~~
In file included from ..\Signuphandler.cpp:9:
..\User.h:15:21: note: declared private here
   15 |         std::string username{}, password{};
      |                     ^~~~~~~~
..\Signuphandler.cpp:28:43: error: 'std::string User::password' is private within this context
   28 |         std::cin >> user.username >> user.password;
      |                                           ^~~~~~~~
..\User.h:15:33: note: declared private here
   15 |         std::string username{}, password{};
      |                                 ^~~~~~~~
..\Signuphandler.cpp:36:14: error: 'bool User::allowAnonQs' is private within this context
   36 |         user.allowAnonQs = ans == 'y' ? 1 : 0;
      |              ^~~~~~~~~~~
..\User.h:16:14: note: declared private here
   16 |         bool allowAnonQs{};
      |              ^~~~~~~~~~~
00:53:05 **** Incremental Build of configuration Debug for project askme-oo ****
Info: Internal Builder is used for build
g++ -O0 -g3 -Wall -c -fmessage-length=0 -o App.o "..\\App.cpp" 
g++ -O0 -g3 -Wall -c -fmessage-length=0 -o Signuphandler.o "..\\Signuphandler.cpp" 
g++ -O0 -g3 -Wall -c -fmessage-length=0 -o Authenticator.o "..\\Authenticator.cpp" 
..\Authenticator.cpp: In member function 'void Authenticator::access(int, User&)':
..\Authenticator.cpp:38:42: error: could not convert '((Authenticator*)this)->Authenticator::signup_handler.Signup_handler::signup()' from 'void' to 'bool'
   38 |                 if (signup_handler.signup())
      |                     ~~~~~~~~~~~~~~~~~~~~~^~
      |                                          |
      |                                          void
00:55:02 **** Incremental Build of configuration Debug for project askme-oo ****
Info: Internal Builder is used for build
g++ -O0 -g3 -Wall -c -fmessage-length=0 -o Error.o "..\\Error.cpp" 
g++ -O0 -g3 -Wall -c -fmessage-length=0 -o Loginhandler.o "..\\Loginhandler.cpp" 
g++ -O0 -g3 -Wall -c -fmessage-length=0 -o Authenticator.o "..\\Authenticator.cpp" 
g++ -O0 -g3 -Wall -c -fmessage-length=0 -o DBmanager.o "..\\DBmanager.cpp" 
..\DBmanager.cpp: In member function 'void DBmanager::add_user(User&)':
..\DBmanager.cpp:40:14: error: 'int User::id' is private within this context
   40 |         user.id = generate_id(path);
      |              ^~
In file included from ..\DBmanager.cpp:9:
..\User.h:14:13: note: declared private here
   14 |         int id{};
      |             ^~
..\DBmanager.cpp:42:48: error: 'int User::id' is private within this context
   42 |         std::string line = std::to_string(user.id) + DELIMITER + user.username + DELIMITER + user.password + DELIMITER + std::to_string(user.allowAnonQs) + '\n';
      |                                                ^~
..\User.h:14:13: note: declared private here
   14 |         int id{};
      |             ^~
..\DBmanager.cpp:42:71: error: 'std::string User::username' is private within this context
   42 |         std::string line = std::to_string(user.id) + DELIMITER + user.username + DELIMITER + user.password + DELIMITER + std::to_string(user.allowAnonQs) + '\n';
      |                                                                       ^~~~~~~~
..\User.h:15:21: note: declared private here
   15 |         std::string username{}, password{};
      |                     ^~~~~~~~
..\DBmanager.cpp:42:99: error: 'std::string User::password' is private within this context
   42 |         std::string line = std::to_string(user.id) + DELIMITER + user.username + DELIMITER + user.password + DELIMITER + std::to_string(user.allowAnonQs) + '\n';
      |                                                                                                   ^~~~~~~~
..\User.h:15:33: note: declared private here
   15 |         std::string username{}, password{};
      |                                 ^~~~~~~~
..\DBmanager.cpp:42:142: error: 'bool User::allowAnonQs' is private within this context
   42 |         std::string line = std::to_string(user.id) + DELIMITER + user.username + DELIMITER + user.password + DELIMITER + std::to_string(user.allowAnonQs) + '\n';
      |                                                                                                                                              ^~~~~~~~~~~
..\User.h:16:14: note: declared private here
   16 |         bool allowAnonQs{};
      |              ^~~~~~~~~~~
..\DBmanager.cpp: At global scope:
..\DBmanager.cpp:73:6: error: default argument given for parameter 3 of 'void DBmanager::write_file_lines(std::string, std::vector<std::__cxx11::basic_string<char> >&, bool)' [-fpermissive]
   73 | void DBmanager::write_file_lines(std::string path, std::vector<std::string> &lines, bool append = true)
      |      ^~~~~~~~~
In file included from ..\DBmanager.cpp:8:
..\DBmanager.h:21:14: note: previous specification in 'void DBmanager::write_file_lines(std::string, std::vector<std::__cxx11::basic_string<char> >&, bool)' here
   21 |         void write_file_lines(std::string path, std::vector<std::string> &lines, bool append = true);
      |              ^~~~~~~~~~~~~~~~
..\DBmanager.cpp: In member function 'void DBmanager::write_file_lines(std::string, std::vector<std::__cxx11::basic_string<char> >&, bool)':
..\DBmanager.cpp:90:16: error: return-statement with a value, in function returning 'void' [-fpermissive]
   90 |         return true;
      |                ^~~~
00:55:51 **** Incremental Build of configuration Debug for project askme-oo ****
Info: Internal Builder is used for build
g++ -O0 -g3 -Wall -c -fmessage-length=0 -o User.o "..\\User.cpp" 
g++ -O0 -g3 -Wall -c -fmessage-length=0 -o DBmanager.o "..\\DBmanager.cpp" 
..\DBmanager.cpp: In member function 'void DBmanager::add_user(User&)':
..\DBmanager.cpp:42:48: error: 'int User::id' is private within this context
   42 |         std::string line = std::to_string(user.id) + DELIMITER + user.username + DELIMITER + user.password + DELIMITER + std::to_string(user.allowAnonQs) + '\n';
      |                                                ^~
In file included from ..\DBmanager.cpp:9:
..\User.h:14:13: note: declared private here
   14 |         int id{};
      |             ^~
..\DBmanager.cpp:42:71: error: 'std::string User::username' is private within this context
   42 |         std::string line = std::to_string(user.id) + DELIMITER + user.username + DELIMITER + user.password + DELIMITER + std::to_string(user.allowAnonQs) + '\n';
      |                                                                       ^~~~~~~~
..\User.h:15:21: note: declared private here
   15 |         std::string username{}, password{};
      |                     ^~~~~~~~
..\DBmanager.cpp:42:99: error: 'std::string User::password' is private within this context
   42 |         std::string line = std::to_string(user.id) + DELIMITER + user.username + DELIMITER + user.password + DELIMITER + std::to_string(user.allowAnonQs) + '\n';
      |                                                                                                   ^~~~~~~~
..\User.h:15:33: note: declared private here
   15 |         std::string username{}, password{};
      |                                 ^~~~~~~~
..\DBmanager.cpp:42:142: error: 'bool User::allowAnonQs' is private within this context
   42 |         std::string line = std::to_string(user.id) + DELIMITER + user.username + DELIMITER + user.password + DELIMITER + std::to_string(user.allowAnonQs) + '\n';
      |                                                                                                                                              ^~~~~~~~~~~
..\User.h:16:14: note: declared private here
   16 |         bool allowAnonQs{};
      |              ^~~~~~~~~~~
..\DBmanager.cpp: At global scope:
..\DBmanager.cpp:73:6: error: default argument given for parameter 3 of 'void DBmanager::write_file_lines(std::string, std::vector<std::__cxx11::basic_string<char> >&, bool)' [-fpermissive]
   73 | void DBmanager::write_file_lines(std::string path, std::vector<std::string> &lines, bool append = true)
      |      ^~~~~~~~~
In file included from ..\DBmanager.cpp:8:
..\DBmanager.h:21:14: note: previous specification in 'void DBmanager::write_file_lines(std::string, std::vector<std::__cxx11::basic_string<char> >&, bool)' here
   21 |         void write_file_lines(std::string path, std::vector<std::string> &lines, bool append = true);
      |              ^~~~~~~~~~~~~~~~
..\DBmanager.cpp: In member function 'void DBmanager::write_file_lines(std::string, std::vector<std::__cxx11::basic_string<char> >&, bool)':
..\DBmanager.cpp:90:16: error: return-statement with a value, in function returning 'void' [-fpermissive]
   90 |         return true;
      |                ^~~~
01:09:11 **** Incremental Build of configuration Debug for project askme-oo ****
Info: Internal Builder is used for build
g++ -O0 -g3 -Wall -c -fmessage-length=0 -o Signuphandler.o "..\\Signuphandler.cpp" 
g++ -O0 -g3 -Wall -c -fmessage-length=0 -o DBmanager.o "..\\DBmanager.cpp" 
..\DBmanager.cpp:73:6: error: default argument given for parameter 3 of 'void DBmanager::write_file_lines(std::string, std::vector<std::__cxx11::basic_string<char> >&, bool)' [-fpermissive]
   73 | void DBmanager::write_file_lines(std::string path, std::vector<std::string> &lines, bool append = true)
      |      ^~~~~~~~~
In file included from ..\DBmanager.cpp:8:
..\DBmanager.h:21:14: note: previous specification in 'void DBmanager::write_file_lines(std::string, std::vector<std::__cxx11::basic_string<char> >&, bool)' here
   21 |         void write_file_lines(std::string path, std::vector<std::string> &lines, bool append = true);
      |              ^~~~~~~~~~~~~~~~
01:09:54 **** Incremental Build of configuration Debug for project askme-oo ****
Info: Internal Builder is used for build
g++ -O0 -g3 -Wall -c -fmessage-length=0 -o User.o "..\\User.cpp" 
g++ -O0 -g3 -Wall -c -fmessage-length=0 -o Signuphandler.o "..\\Signuphandler.cpp" 
g++ -O0 -g3 -Wall -c -fmessage-length=0 -o Authenticator.o "..\\Authenticator.cpp" 
g++ -O0 -g3 -Wall -c -fmessage-length=0 -o App.o "..\\App.cpp" 
g++ -O0 -g3 -Wall -c -fmessage-length=0 -o Loginhandler.o "..\\Loginhandler.cpp" 
g++ -O0 -g3 -Wall -c -fmessage-length=0 -o DBmanager.o "..\\DBmanager.cpp" 
g++ -O0 -g3 -Wall -c -fmessage-length=0 -o UsersDb.o "..\\UsersDb.cpp" 
g++ -o askme-oo.exe App.o Authenticator.o DBmanager.o Error.o Inputscanner.o Loginhandler.o Menu.o Signuphandler.o User.o UsersDb.o main.o 
01:13:34 **** Incremental Build of configuration Debug for project askme-oo ****
Info: Internal Builder is used for build
g++ -O0 -g3 -Wall -c -fmessage-length=0 -o DBmanager.o "..\\DBmanager.cpp" 
g++ -o askme-oo.exe App.o Authenticator.o DBmanager.o Error.o Inputscanner.o Loginhandler.o Menu.o Signuphandler.o User.o UsersDb.o main.o 
Info: Nothing to build for askme-oo
01:18:38 **** Incremental Build of configuration Debug for project askme-oo ****
Info: Internal Builder is used for build
g++ -O0 -g3 -Wall -c -fmessage-length=0 -o DBmanager.o "..\\DBmanager.cpp" 
g++ -o askme-oo.exe App.o Authenticator.o DBmanager.o Error.o Inputscanner.o Loginhandler.o Menu.o Signuphandler.o User.o UsersDb.o main.o 
Info: Nothing to build for askme-oo
15:04:19 **** Incremental Build of configuration Debug for project askme-oo ****
Info: Internal Builder is used for build
g++ -O0 -g3 -Wall -c -fmessage-length=0 -o Authenticator.o "..\\Authenticator.cpp" 
g++ -O0 -g3 -Wall -c -fmessage-length=0 -o DBmanager.o "..\\DBmanager.cpp" 
g++ -O0 -g3 -Wall -c -fmessage-length=0 -o Menu.o "..\\Menu.cpp" 
g++ -O0 -g3 -Wall -c -fmessage-length=0 -o App.o "..\\App.cpp" 
g++ -O0 -g3 -Wall -c -fmessage-length=0 -o Loginhandler.o "..\\Loginhandler.cpp" 
g++ -o askme-oo.exe App.o Authenticator.o DBmanager.o Error.o Inputscanner.o Loginhandler.o Menu.o Signuphandler.o User.o UsersDb.o main.o 
Info: Nothing to build for askme-oo
15:05:33 **** Incremental Build of configuration Debug for project askme-oo ****
Info: Internal Builder is used for build
g++ -O0 -g3 -Wall -c -fmessage-length=0 -o Authenticator.o "..\\Authenticator.cpp" 
g++ -o askme-oo.exe App.o Authenticator.o DBmanager.o Error.o Inputscanner.o Loginhandler.o Menu.o Signuphandler.o User.o UsersDb.o main.o 
Info: Nothing to build for askme-oo
15:06:23 **** Incremental Build of configuration Debug for project askme-oo ****
Info: Internal Builder is used for build
g++ -O0 -g3 -Wall -c -fmessage-length=0 -o App.o "..\\App.cpp" 
g++ -o askme-oo.exe App.o Authenticator.o DBmanager.o Error.o Inputscanner.o Loginhandler.o Menu.o Signuphandler.o User.o UsersDb.o main.o 
C:/msys64/mingw64/bin/../lib/gcc/x86_64-w64-mingw32/12.1.0/../../../../x86_64-w64-mingw32/bin/ld.exe: cannot open output file askme-oo.exe: Permission denied
collect2.exe: error: ld returned 1 exit status
15:06:32 **** Incremental Build of configuration Debug for project askme-oo ****
Info: Internal Builder is used for build
g++ -o askme-oo.exe App.o Authenticator.o DBmanager.o Error.o Inputscanner.o Loginhandler.o Menu.o Signuphandler.o User.o UsersDb.o main.o 
Info: Nothing to build for askme-oo
15:07:07 **** Incremental Build of configuration Debug for project askme-oo ****
Info: Internal Builder is used for build
g++ -O0 -g3 -Wall -c -fmessage-length=0 -o App.o "..\\App.cpp" 
g++ -o askme-oo.exe App.o Authenticator.o DBmanager.o Error.o Inputscanner.o Loginhandler.o Menu.o Signuphandler.o User.o UsersDb.o main.o 
Info: Nothing to build for askme-oo
18:07:29 **** Incremental Build of configuration Debug for project askme-oo ****
Info: Internal Builder is used for build
g++ -O0 -g3 -Wall -c -fmessage-length=0 -o Inputscanner.o "..\\Inputscanner.cpp" 
g++ -O0 -g3 -Wall -c -fmessage-length=0 -o Signuphandler.o "..\\Signuphandler.cpp" 
In file included from ..\DBmanager.h:11,
                 from ..\Signuphandler.cpp:10:
..\QuestionsDb.h:17: warning: "USERSTXT_PATH" redefined
   17 | #define USERSTXT_PATH "questions.txt"
      | 
In file included from ..\DBmanager.h:10:
..\UsersDb.h:14: note: this is the location of the previous definition
   14 | #define USERSTXT_PATH "users.txt"
      | 
In file included from ..\DBmanager.h:12:
..\Question.h:52:14: error: extra qualification 'Question::' on member 'print_child' [-fpermissive]
   52 |         void Question::print_child(int space) const;
      |              ^~~~~~~~
18:07:42 **** Incremental Build of configuration Debug for project askme-oo ****
Info: Internal Builder is used for build
g++ -O0 -g3 -Wall -c -fmessage-length=0 -o QuestionsDb.o "..\\QuestionsDb.cpp" 
..\QuestionsDb.cpp: In member function 'void QuestionsDb::get_Q_toUser(const std::vector<std::__cxx11::basic_string<char> >&, std::map<int, std::vector<Question> >&, int)':
..\QuestionsDb.cpp:35:23: error: 'int Question::threadId' is private within this context
   35 |                 if (q.threadId == -1)
      |                       ^~~~~~~~
In file included from ..\QuestionsDb.cpp:9:
..\Question.h:14:19: note: declared private here
   14 |         int id{}, threadId{}, fromId{}, toId{};
      |                   ^~~~~~~~
..\QuestionsDb.cpp:36:30: error: 'int Question::id' is private within this context
   36 |                         mp[q.id].push_back(q);
      |                              ^~
..\Question.h:14:13: note: declared private here
   14 |         int id{}, threadId{}, fromId{}, toId{};
      |             ^~
..\QuestionsDb.cpp:39:30: error: 'int Question::id' is private within this context
   39 |                         mp[q.id].push_back(q);
      |                              ^~
..\Question.h:14:13: note: declared private here
   14 |         int id{}, threadId{}, fromId{}, toId{};
      |             ^~
..\QuestionsDb.cpp:40:30: error: 'int Question::threadId' is private within this context
   40 |                         mp[q.threadId].push_back(q);
      |                              ^~~~~~~~
..\Question.h:14:19: note: declared private here
   14 |         int id{}, threadId{}, fromId{}, toId{};
      |                   ^~~~~~~~
18:09:24 **** Incremental Build of configuration Debug for project askme-oo ****
Info: Internal Builder is used for build
g++ -O0 -g3 -Wall -c -fmessage-length=0 -o AppMainMenu.o "..\\AppMainMenu.cpp" 
In file included from ..\DBmanager.h:11,
                 from ..\AppMainMenu.cpp:9:
..\QuestionsDb.h:17: warning: "USERSTXT_PATH" redefined
   17 | #define USERSTXT_PATH "questions.txt"
      | 
In file included from ..\DBmanager.h:10:
..\UsersDb.h:14: note: this is the location of the previous definition
   14 | #define USERSTXT_PATH "users.txt"
      | 
..\AppMainMenu.cpp: In member function 'void AppMainMenu::run(int, User&)':
..\AppMainMenu.cpp:26:42: error: invalid use of incomplete type 'class User'
   26 |                 print_questions_received(user.getId());
      |                                          ^~~~
In file included from ..\AppMainMenu.cpp:8:
..\AppMainMenu.h:11:7: note: forward declaration of 'class User'
   11 | class User;
      |       ^~~~
..\AppMainMenu.cpp: In member function 'void AppMainMenu::print_questions_received(int)':
..\AppMainMenu.cpp:40:28: error: 'int Question::threadId' is private within this context
   40 |                 if (val[0].threadId == -1)
      |                            ^~~~~~~~
In file included from ..\DBmanager.h:12:
..\Question.h:14:19: note: declared private here
   14 |         int id{}, threadId{}, fromId{}, toId{};
      |                   ^~~~~~~~
..\AppMainMenu.cpp:47:58: error: 'int Question::id' is private within this context
   47 |                                 print_children(mp[val[i].id], mp, spaces + 2);
      |                                                          ^~
..\Question.h:14:13: note: declared private here
   14 |         int id{}, threadId{}, fromId{}, toId{};
      |             ^~
..\AppMainMenu.cpp:47:33: error: 'print_children' was not declared in this scope
   47 |                                 print_children(mp[val[i].id], mp, spaces + 2);
      |                                 ^~~~~~~~~~~~~~
18:11:08 **** Incremental Build of configuration Debug for project askme-oo ****
Info: Internal Builder is used for build
g++ -O0 -g3 -Wall -c -fmessage-length=0 -o Menu_printer.o "..\\Menu_printer.cpp" 
g++ -O0 -g3 -Wall -c -fmessage-length=0 -o QuestionsDb.o "..\\QuestionsDb.cpp" 
g++ -O0 -g3 -Wall -c -fmessage-length=0 -o Loginhandler.o "..\\Loginhandler.cpp" 
In file included from ..\DBmanager.h:11,
                 from ..\Loginhandler.cpp:10:
..\QuestionsDb.h:17: warning: "USERSTXT_PATH" redefined
   17 | #define USERSTXT_PATH "questions.txt"
      | 
In file included from ..\DBmanager.h:10:
..\UsersDb.h:14: note: this is the location of the previous definition
   14 | #define USERSTXT_PATH "users.txt"
      | 
g++ -O0 -g3 -Wall -c -fmessage-length=0 -o Signuphandler.o "..\\Signuphandler.cpp" 
In file included from ..\DBmanager.h:11,
                 from ..\Signuphandler.cpp:10:
..\QuestionsDb.h:17: warning: "USERSTXT_PATH" redefined
   17 | #define USERSTXT_PATH "questions.txt"
      | 
In file included from ..\DBmanager.h:10:
..\UsersDb.h:14: note: this is the location of the previous definition
   14 | #define USERSTXT_PATH "users.txt"
      | 
g++ -O0 -g3 -Wall -c -fmessage-length=0 -o App.o "..\\App.cpp" 
g++ -O0 -g3 -Wall -c -fmessage-length=0 -o AppMainMenu.o "..\\AppMainMenu.cpp" 
In file included from ..\DBmanager.h:11,
                 from ..\AppMainMenu.cpp:9:
..\QuestionsDb.h:17: warning: "USERSTXT_PATH" redefined
   17 | #define USERSTXT_PATH "questions.txt"
      | 
In file included from ..\DBmanager.h:10:
..\UsersDb.h:14: note: this is the location of the previous definition
   14 | #define USERSTXT_PATH "users.txt"
      | 
..\AppMainMenu.cpp: In member function 'void AppMainMenu::print_questions_received(int)':
..\AppMainMenu.cpp:48:33: error: 'print_children' was not declared in this scope
   48 |                                 print_children(mp[val[i].getId()], mp, spaces + 2);
      |                                 ^~~~~~~~~~~~~~
18:12:46 **** Incremental Build of configuration Debug for project askme-oo ****
Info: Internal Builder is used for build
g++ -O0 -g3 -Wall -c -fmessage-length=0 -o QuestionsDb.o "..\\QuestionsDb.cpp" 
g++ -O0 -g3 -Wall -c -fmessage-length=0 -o User.o "..\\User.cpp" 
..\User.cpp:22:5: error: no declaration matches 'int User::getId()'
   22 | int User::getId(){
      |     ^~~~
In file included from ..\User.cpp:8:
..\User.h:22:13: note: candidate is: 'int User::getId() const'
   22 |         int getId() const;
      |             ^~~~~
..\User.h:12:7: note: 'class User' defined here
   12 | class User {
      |       ^~~~
..\User.cpp:28:13: error: no declaration matches 'std::string User::getUsername()'
   28 | std::string User::getUsername(){
      |             ^~~~
..\User.h:24:21: note: candidate is: 'std::string User::getUsername() const'
   24 |         std::string getUsername() const;
      |                     ^~~~~~~~~~~
..\User.h:12:7: note: 'class User' defined here
   12 | class User {
      |       ^~~~
..\User.cpp:31:13: error: no declaration matches 'std::string User::getPassword()'
   31 | std::string User::getPassword(){
      |             ^~~~
..\User.h:25:21: note: candidate is: 'std::string User::getPassword() const'
   25 |         std::string getPassword() const;
      |                     ^~~~~~~~~~~
..\User.h:12:7: note: 'class User' defined here
   12 | class User {
      |       ^~~~
..\User.cpp:34:6: error: no declaration matches 'bool User::getAllowAnonQs()'
   34 | bool User::getAllowAnonQs(){
      |      ^~~~
..\User.h:26:14: note: candidate is: 'bool User::getAllowAnonQs() const'
   26 |         bool getAllowAnonQs() const;
      |              ^~~~~~~~~~~~~~
..\User.h:12:7: note: 'class User' defined here
   12 | class User {
      |       ^~~~
18:13:26 **** Incremental Build of configuration Debug for project askme-oo ****
Info: Internal Builder is used for build
g++ -O0 -g3 -Wall -c -fmessage-length=0 -o DBmanager.o "..\\DBmanager.cpp" 
In file included from ..\DBmanager.h:11,
                 from ..\DBmanager.cpp:8:
..\QuestionsDb.h:17: warning: "USERSTXT_PATH" redefined
   17 | #define USERSTXT_PATH "questions.txt"
      | 
In file included from ..\DBmanager.h:10:
..\UsersDb.h:14: note: this is the location of the previous definition
   14 | #define USERSTXT_PATH "users.txt"
      | 
g++ -O0 -g3 -Wall -c -fmessage-length=0 -o Question.o "..\\Question.cpp" 
..\Question.cpp: In function 'void print_children(std::vector<Question>, std::map<int, std::vector<Question> >&, int)':
..\Question.cpp:152:30: error: 'int Question::id' is private within this context
  152 |                 if (mp[qv[i].id].size() > 1)
      |                              ^~
In file included from ..\Question.cpp:8:
..\Question.h:17:13: note: declared private here
   17 |         int id{}, threadId{}, fromId{}, toId{};
      |             ^~
..\Question.cpp:152:30: note: field 'int Question::id' can be accessed via 'int Question::getId() const'
  152 |                 if (mp[qv[i].id].size() > 1)
      |                              ^~
      |                              getId()
..\Question.cpp:153:49: error: 'int Question::id' is private within this context
  153 |                         print_children(mp[qv[i].id], mp, spaces - 2);
      |                                                 ^~
..\Question.h:17:13: note: declared private here
   17 |         int id{}, threadId{}, fromId{}, toId{};
      |             ^~
..\Question.cpp:153:49: note: field 'int Question::id' can be accessed via 'int Question::getId() const'
  153 |                         print_children(mp[qv[i].id], mp, spaces - 2);
      |                                                 ^~
      |                                                 getId()
18:14:01 **** Incremental Build of configuration Debug for project askme-oo ****
Info: Internal Builder is used for build
g++ -O0 -g3 -Wall -c -fmessage-length=0 -o Question.o "..\\Question.cpp" 
g++ -O0 -g3 -Wall -c -fmessage-length=0 -o UsersDb.o "..\\UsersDb.cpp" 
g++ -O0 -g3 -Wall -c -fmessage-length=0 -o User.o "..\\User.cpp" 
g++ -O0 -g3 -Wall -c -fmessage-length=0 -o Authenticator.o "..\\Authenticator.cpp" 
g++ -O0 -g3 -Wall -c -fmessage-length=0 -o AppMainMenu.o "..\\AppMainMenu.cpp" 
In file included from ..\DBmanager.h:11,
                 from ..\AppMainMenu.cpp:9:
..\QuestionsDb.h:17: warning: "USERSTXT_PATH" redefined
   17 | #define USERSTXT_PATH "questions.txt"
      | 
In file included from ..\DBmanager.h:10:
..\UsersDb.h:14: note: this is the location of the previous definition
   14 | #define USERSTXT_PATH "users.txt"
      | 
g++ -O0 -g3 -Wall -c -fmessage-length=0 -o Signuphandler.o "..\\Signuphandler.cpp" 
In file included from ..\DBmanager.h:11,
                 from ..\Signuphandler.cpp:10:
..\QuestionsDb.h:17: warning: "USERSTXT_PATH" redefined
   17 | #define USERSTXT_PATH "questions.txt"
      | 
In file included from ..\DBmanager.h:10:
..\UsersDb.h:14: note: this is the location of the previous definition
   14 | #define USERSTXT_PATH "users.txt"
      | 
g++ -O0 -g3 -Wall -c -fmessage-length=0 -o Loginhandler.o "..\\Loginhandler.cpp" 
In file included from ..\DBmanager.h:11,
                 from ..\Loginhandler.cpp:10:
..\QuestionsDb.h:17: warning: "USERSTXT_PATH" redefined
   17 | #define USERSTXT_PATH "questions.txt"
      | 
In file included from ..\DBmanager.h:10:
..\UsersDb.h:14: note: this is the location of the previous definition
   14 | #define USERSTXT_PATH "users.txt"
      | 
g++ -o askme-oo.exe App.o AppMainMenu.o Authenticator.o DBmanager.o Error.o Inputscanner.o Loginhandler.o Menu_printer.o Question.o QuestionsDb.o Signuphandler.o User.o UsersDb.o main.o 
18:17:52 **** Incremental Build of configuration Debug for project askme-oo ****
Info: Internal Builder is used for build
g++ -O0 -g3 -Wall -c -fmessage-length=0 -o UsersDb.o "..\\UsersDb.cpp" 
g++ -O0 -g3 -Wall -c -fmessage-length=0 -o QuestionsDb.o "..\\QuestionsDb.cpp" 
g++ -O0 -g3 -Wall -c -fmessage-length=0 -o DBmanager.o "..\\DBmanager.cpp" 
g++ -O0 -g3 -Wall -c -fmessage-length=0 -o Signuphandler.o "..\\Signuphandler.cpp" 
g++ -O0 -g3 -Wall -c -fmessage-length=0 -o Loginhandler.o "..\\Loginhandler.cpp" 
g++ -O0 -g3 -Wall -c -fmessage-length=0 -o AppMainMenu.o "..\\AppMainMenu.cpp" 
g++ -o askme-oo.exe App.o AppMainMenu.o Authenticator.o DBmanager.o Error.o Inputscanner.o Loginhandler.o Menu_printer.o Question.o QuestionsDb.o Signuphandler.o User.o UsersDb.o main.o 
Info: Nothing to build for askme-oo
18:35:53 **** Incremental Build of configuration Debug for project askme-oo ****
Info: Internal Builder is used for build
g++ -O0 -g3 -Wall -c -fmessage-length=0 -o AppMainMenu.o "..\\AppMainMenu.cpp" 
g++ -o askme-oo.exe App.o AppMainMenu.o Authenticator.o DBmanager.o Error.o Inputscanner.o Loginhandler.o Menu_printer.o Question.o QuestionsDb.o Signuphandler.o User.o UsersDb.o main.o 
Info: Nothing to build for askme-oo
18:38:00 **** Incremental Build of configuration Debug for project askme-oo ****
Info: Internal Builder is used for build
g++ -O0 -g3 -Wall -c -fmessage-length=0 -o App.o "..\\App.cpp" 
g++ -o askme-oo.exe App.o AppMainMenu.o Authenticator.o DBmanager.o Error.o Inputscanner.o Loginhandler.o Menu_printer.o Question.o QuestionsDb.o Signuphandler.o User.o UsersDb.o main.o 
Info: Nothing to build for askme-oo
18:39:22 **** Incremental Build of configuration Debug for project askme-oo ****
Info: Internal Builder is used for build
g++ -O0 -g3 -Wall -c -fmessage-length=0 -o AppMainMenu.o "..\\AppMainMenu.cpp" 
g++ -o askme-oo.exe App.o AppMainMenu.o Authenticator.o DBmanager.o Error.o Inputscanner.o Loginhandler.o Menu_printer.o Question.o QuestionsDb.o Signuphandler.o User.o UsersDb.o main.o 
Info: Nothing to build for askme-oo
18:40:11 **** Incremental Build of configuration Debug for project askme-oo ****
Info: Internal Builder is used for build
g++ -O0 -g3 -Wall -c -fmessage-length=0 -o AppMainMenu.o "..\\AppMainMenu.cpp" 
g++ -o askme-oo.exe App.o AppMainMenu.o Authenticator.o DBmanager.o Error.o Inputscanner.o Loginhandler.o Menu_printer.o Question.o QuestionsDb.o Signuphandler.o User.o UsersDb.o main.o 
Info: Nothing to build for askme-oo
18:40:37 **** Incremental Build of configuration Debug for project askme-oo ****
Info: Internal Builder is used for build
g++ -O0 -g3 -Wall -c -fmessage-length=0 -o AppMainMenu.o "..\\AppMainMenu.cpp" 
g++ -o askme-oo.exe App.o AppMainMenu.o Authenticator.o DBmanager.o Error.o Inputscanner.o Loginhandler.o Menu_printer.o Question.o QuestionsDb.o Signuphandler.o User.o UsersDb.o main.o 
Info: Nothing to build for askme-oo
18:41:44 **** Incremental Build of configuration Debug for project askme-oo ****
Info: Internal Builder is used for build
g++ -O0 -g3 -Wall -c -fmessage-length=0 -o Loginhandler.o "..\\Loginhandler.cpp" 
g++ -O0 -g3 -Wall -c -fmessage-length=0 -o Signuphandler.o "..\\Signuphandler.cpp" 
g++ -O0 -g3 -Wall -c -fmessage-length=0 -o DBmanager.o "..\\DBmanager.cpp" 
g++ -O0 -g3 -Wall -c -fmessage-length=0 -o AppMainMenu.o "..\\AppMainMenu.cpp" 
g++ -O0 -g3 -Wall -c -fmessage-length=0 -o QuestionsDb.o "..\\QuestionsDb.cpp" 
g++ -o askme-oo.exe App.o AppMainMenu.o Authenticator.o DBmanager.o Error.o Inputscanner.o Loginhandler.o Menu_printer.o Question.o QuestionsDb.o Signuphandler.o User.o UsersDb.o main.o 
Info: Nothing to build for askme-oo
18:42:54 **** Incremental Build of configuration Debug for project askme-oo ****
Info: Internal Builder is used for build
g++ -O0 -g3 -Wall -c -fmessage-length=0 -o QuestionsDb.o "..\\QuestionsDb.cpp" 
g++ -o askme-oo.exe App.o AppMainMenu.o Authenticator.o DBmanager.o Error.o Inputscanner.o Loginhandler.o Menu_printer.o Question.o QuestionsDb.o Signuphandler.o User.o UsersDb.o main.o 
Info: Nothing to build for askme-oo
18:58:16 **** Incremental Build of configuration Debug for project askme-oo ****
Info: Internal Builder is used for build
g++ -O0 -g3 -Wall -c -fmessage-length=0 -o App.o "..\\App.cpp" 
g++ -O0 -g3 -Wall -c -fmessage-length=0 -o Signuphandler.o "..\\Signuphandler.cpp" 
g++ -O0 -g3 -Wall -c -fmessage-length=0 -o Loginhandler.o "..\\Loginhandler.cpp" 
g++ -O0 -g3 -Wall -c -fmessage-length=0 -o AppMainMenu.o "..\\AppMainMenu.cpp" 
g++ -O0 -g3 -Wall -c -fmessage-length=0 -o Question.o "..\\Question.cpp" 
g++ -O0 -g3 -Wall -c -fmessage-length=0 -o QuestionsDb.o "..\\QuestionsDb.cpp" 
g++ -O0 -g3 -Wall -c -fmessage-length=0 -o DBmanager.o "..\\DBmanager.cpp" 
g++ -o askme-oo.exe App.o AppMainMenu.o Authenticator.o DBmanager.o Error.o Inputscanner.o Loginhandler.o Menu_printer.o Question.o QuestionsDb.o Signuphandler.o User.o UsersDb.o main.o 
18:58:47 **** Incremental Build of configuration Debug for project askme-oo ****
Info: Internal Builder is used for build
g++ -O0 -g3 -Wall -c -fmessage-length=0 -o Question.o "..\\Question.cpp" 
g++ -O0 -g3 -Wall -c -fmessage-length=0 -o QuestionsDb.o "..\\QuestionsDb.cpp" 
g++ -O0 -g3 -Wall -c -fmessage-length=0 -o DBmanager.o "..\\DBmanager.cpp" 
g++ -O0 -g3 -Wall -c -fmessage-length=0 -o Signuphandler.o "..\\Signuphandler.cpp" 
g++ -O0 -g3 -Wall -c -fmessage-length=0 -o AppMainMenu.o "..\\AppMainMenu.cpp" 
g++ -O0 -g3 -Wall -c -fmessage-length=0 -o Loginhandler.o "..\\Loginhandler.cpp" 
g++ -o askme-oo.exe App.o AppMainMenu.o Authenticator.o DBmanager.o Error.o Inputscanner.o Loginhandler.o Menu_printer.o Question.o QuestionsDb.o Signuphandler.o User.o UsersDb.o main.o 
18:59:30 **** Incremental Build of configuration Debug for project askme-oo ****
Info: Internal Builder is used for build
g++ -O0 -g3 -Wall -c -fmessage-length=0 -o QuestionsDb.o "..\\QuestionsDb.cpp" 
g++ -O0 -g3 -Wall -c -fmessage-length=0 -o AppMainMenu.o "..\\AppMainMenu.cpp" 
g++ -O0 -g3 -Wall -c -fmessage-length=0 -o Question.o "..\\Question.cpp" 
g++ -O0 -g3 -Wall -c -fmessage-length=0 -o Loginhandler.o "..\\Loginhandler.cpp" 
g++ -O0 -g3 -Wall -c -fmessage-length=0 -o DBmanager.o "..\\DBmanager.cpp" 
g++ -O0 -g3 -Wall -c -fmessage-length=0 -o Signuphandler.o "..\\Signuphandler.cpp" 
g++ -o askme-oo.exe App.o AppMainMenu.o Authenticator.o DBmanager.o Error.o Inputscanner.o Loginhandler.o Menu_printer.o Question.o QuestionsDb.o Signuphandler.o User.o UsersDb.o main.o 
19:00:23 **** Incremental Build of configuration Debug for project askme-oo ****
Info: Internal Builder is used for build
g++ -O0 -g3 -Wall -c -fmessage-length=0 -o UsersDb.o "..\\UsersDb.cpp" 
g++ -O0 -g3 -Wall -c -fmessage-length=0 -o DBmanager.o "..\\DBmanager.cpp" 
g++ -O0 -g3 -Wall -c -fmessage-length=0 -o Signuphandler.o "..\\Signuphandler.cpp" 
g++ -O0 -g3 -Wall -c -fmessage-length=0 -o Loginhandler.o "..\\Loginhandler.cpp" 
g++ -O0 -g3 -Wall -c -fmessage-length=0 -o AppMainMenu.o "..\\AppMainMenu.cpp" 
g++ -O0 -g3 -Wall -c -fmessage-length=0 -o App.o "..\\App.cpp" 
g++ -O0 -g3 -Wall -c -fmessage-length=0 -o Authenticator.o "..\\Authenticator.cpp" 
g++ -O0 -g3 -Wall -c -fmessage-length=0 -o User.o "..\\User.cpp" 
g++ -o askme-oo.exe App.o AppMainMenu.o Authenticator.o DBmanager.o Error.o Inputscanner.o Loginhandler.o Menu_printer.o Question.o QuestionsDb.o Signuphandler.o User.o UsersDb.o main.o 
Info: Nothing to build for askme-oo
19:11:42 **** Incremental Build of configuration Debug for project askme-oo ****
Info: Internal Builder is used for build
g++ -O0 -g3 -Wall -c -fmessage-length=0 -o QuestionsDb.o "..\\QuestionsDb.cpp" 
g++ -O0 -g3 -Wall -c -fmessage-length=0 -o App.o "..\\App.cpp" 
g++ -O0 -g3 -Wall -c -fmessage-length=0 -o AppMainMenu.o "..\\AppMainMenu.cpp" 
g++ -o askme-oo.exe App.o AppMainMenu.o Authenticator.o DBmanager.o Error.o Inputscanner.o Loginhandler.o Menu_printer.o Question.o QuestionsDb.o Signuphandler.o User.o UsersDb.o main.o 
21:33:15 **** Incremental Build of configuration Debug for project askme-oo ****
Info: Internal Builder is used for build
g++ -O0 -g3 -Wall -c -fmessage-length=0 -o Signuphandler.o "..\\Signuphandler.cpp" 
g++ -O0 -g3 -Wall -c -fmessage-length=0 -o Loginhandler.o "..\\Loginhandler.cpp" 
g++ -O0 -g3 -Wall -c -fmessage-length=0 -o Error.o "..\\Error.cpp" 
g++ -O0 -g3 -Wall -c -fmessage-length=0 -o User.o "..\\User.cpp" 
g++ -O0 -g3 -Wall -c -fmessage-length=0 -o Authenticator.o "..\\Authenticator.cpp" 
g++ -O0 -g3 -Wall -c -fmessage-length=0 -o QuestionsDb.o "..\\QuestionsDb.cpp" 
..\QuestionsDb.cpp: In function 'void get_writeLine(std::vector<std::__cxx11::basic_string<char> >&, std::vector<std::__cxx11::basic_string<char> >&, const Question&, int)':
..\QuestionsDb.cpp:81:30: error: 'get_question_string' was not declared in this scope
   81 |                 writeLine += get_question_string(q);
      |                              ^~~~~~~~~~~~~~~~~~~
..\QuestionsDb.cpp:88:46: error: 'del' was not declared in this scope
   88 |                                 writeLine += del;
      |                                              ^~~
21:36:56 **** Incremental Build of configuration Debug for project askme-oo ****
Info: Internal Builder is used for build
g++ -O0 -g3 -Wall -c -fmessage-length=0 -o QuestionsDb.o "..\\QuestionsDb.cpp" 
g++ -O0 -g3 -Wall -c -fmessage-length=0 -o Loginhandler.o "..\\Loginhandler.cpp" 
g++ -O0 -g3 -Wall -c -fmessage-length=0 -o Signuphandler.o "..\\Signuphandler.cpp" 
g++ -O0 -g3 -Wall -c -fmessage-length=0 -o App.o "..\\App.cpp" 
g++ -O0 -g3 -Wall -c -fmessage-length=0 -o DBmanager.o "..\\DBmanager.cpp" 
..\DBmanager.cpp: In member function 'void DBmanager::update_answer(const Question&)':
..\DBmanager.cpp:140:17: error: 'get_writeLine' was not declared in this scope; did you mean 'writeLines'?
  140 |                 get_writeLine(writeLines, v, q, id);
      |                 ^~~~~~~~~~~~~
      |                 writeLines
..\DBmanager.cpp:143:16: error: cannot convert 'const std::string' {aka 'const std::__cxx11::basic_string<char>'} to 'const char*'
  143 |         remove(path);
      |                ^~~~
      |                |
      |                const std::string {aka const std::__cxx11::basic_string<char>}
In file included from C:/msys64/mingw64/include/locale.h:12,
                 from C:/msys64/mingw64/include/c++/12.1.0/clocale:42,
                 from C:/msys64/mingw64/include/c++/12.1.0/x86_64-w64-mingw32/bits/c++locale.h:41,
                 from C:/msys64/mingw64/include/c++/12.1.0/bits/localefwd.h:40,
                 from C:/msys64/mingw64/include/c++/12.1.0/ios:41,
                 from C:/msys64/mingw64/include/c++/12.1.0/ostream:38,
                 from C:/msys64/mingw64/include/c++/12.1.0/iostream:39,
                 from ..\UsersDb.h:10,
                 from ..\DBmanager.h:10,
                 from ..\DBmanager.cpp:8:
C:/msys64/mingw64/include/stdio.h:707:34: note:   initializing argument 1 of 'int remove(const char*)'
  707 |   int __cdecl remove(const char *_Filename);
      |                      ~~~~~~~~~~~~^~~~~~~~~
..\DBmanager.cpp:144:16: error: 'TEMPTXT_PATH' was not declared in this scope; did you mean 'USERSTXT_PATH'?
  144 |         rename(TEMPTXT_PATH, path);
      |                ^~~~~~~~~~~~
      |                USERSTXT_PATH
21:38:30 **** Incremental Build of configuration Debug for project askme-oo ****
Info: Internal Builder is used for build
g++ -O0 -g3 -Wall -c -fmessage-length=0 -o AppMainMenu.o "..\\AppMainMenu.cpp" 
..\AppMainMenu.cpp: In member function 'void AppMainMenu::answer(int)':
..\AppMainMenu.cpp:103:15: error: 'bool Question::answered' is private within this context
  103 |         if (q.answered)
      |               ^~~~~~~~
In file included from ..\DBmanager.h:12,
                 from ..\AppMainMenu.cpp:9:
..\Question.h:19:22: note: declared private here
   19 |         bool anon{}, answered{};
      |                      ^~~~~~~~
..\AppMainMenu.cpp:108:34: error: 'std::string Question::ans' is private within this context
  108 |         std::getline(std::cin, q.ans);
      |                                  ^~~
..\Question.h:20:29: note: declared private here
   20 |         std::string text{}, ans{};
      |                             ^~~
..\AppMainMenu.cpp:109:11: error: 'bool Question::answered' is private within this context
  109 |         q.answered = 1;
      |           ^~~~~~~~
..\Question.h:19:22: note: declared private here
   19 |         bool anon{}, answered{};
      |                      ^~~~~~~~
..\AppMainMenu.cpp:110:12: error: 'class DBmanager' has no member named 'questionsDb'; did you mean 'QuestionsDb DBmanager::questionsdb'? (not accessible from this context)
  110 |         DB.questionsDb.update_answer(q);
      |            ^~~~~~~~~~~
..\DBmanager.h:23:21: note: declared private here
   23 |         QuestionsDb questionsdb;
      |                     ^~~~~~~~~~~
21:40:39 **** Incremental Build of configuration Debug for project askme-oo ****
Info: Internal Builder is used for build
g++ -O0 -g3 -Wall -c -fmessage-length=0 -o UsersDb.o "..\\UsersDb.cpp" 
g++ -O0 -g3 -Wall -c -fmessage-length=0 -o AppMainMenu.o "..\\AppMainMenu.cpp" 
..\AppMainMenu.cpp: In member function 'void AppMainMenu::answer(int)':
..\AppMainMenu.cpp:108:21: error: no matching function for call to 'getline(std::istream&, std::string)'
  108 |         std::getline(std::cin, q.getAns());
      |         ~~~~~~~~~~~~^~~~~~~~~~~~~~~~~~~~~~
In file included from C:/msys64/mingw64/include/c++/12.1.0/string:53,
                 from C:/msys64/mingw64/include/c++/12.1.0/bits/locale_classes.h:40,
                 from C:/msys64/mingw64/include/c++/12.1.0/bits/ios_base.h:41,
                 from C:/msys64/mingw64/include/c++/12.1.0/ios:42,
                 from C:/msys64/mingw64/include/c++/12.1.0/ostream:38,
                 from C:/msys64/mingw64/include/c++/12.1.0/iostream:39,
                 from ..\UsersDb.h:10,
                 from ..\DBmanager.h:10,
                 from ..\AppMainMenu.cpp:9:
C:/msys64/mingw64/include/c++/12.1.0/bits/basic_string.h:3938:5: note: candidate: 'std::basic_istream<_CharT, _Traits>& std::getline(basic_istream<_CharT, _Traits>&&, __cxx11::basic_string<_CharT, _Traits, _Allocator>&) [with _CharT = char; _Traits = char_traits<char>; _Alloc = allocator<char>]' (near match)
 3938 |     getline(basic_istream<_CharT, _Traits>&& __is,
      |     ^~~~~~~
C:/msys64/mingw64/include/c++/12.1.0/bits/basic_string.h:3938:5: note:   conversion of argument 2 would be ill-formed:
..\AppMainMenu.cpp:108:40: error: cannot bind non-const lvalue reference of type 'std::__cxx11::basic_string<char>&' to an rvalue of type 'std::string' {aka 'std::__cxx11::basic_string<char>'}
  108 |         std::getline(std::cin, q.getAns());
      |                                ~~~~~~~~^~
In file included from C:/msys64/mingw64/include/c++/12.1.0/string:54:
C:/msys64/mingw64/include/c++/12.1.0/bits/basic_string.tcc:1012:5: note: candidate: 'template<class _CharT, class _Traits, class _Alloc> std::basic_istream<_CharT, _Traits>& std::getline(basic_istream<_CharT, _Traits>&, __cxx11::basic_string<_CharT, _Traits, _Allocator>&, _CharT)'
 1012 |     getline(basic_istream<_CharT, _Traits>& __in,
      |     ^~~~~~~
C:/msys64/mingw64/include/c++/12.1.0/bits/basic_string.tcc:1012:5: note:   template argument deduction/substitution failed:
..\AppMainMenu.cpp:108:21: note:   candidate expects 3 arguments, 2 provided
  108 |         std::getline(std::cin, q.getAns());
      |         ~~~~~~~~~~~~^~~~~~~~~~~~~~~~~~~~~~
C:/msys64/mingw64/include/c++/12.1.0/bits/basic_string.h:3923:5: note: candidate: 'std::basic_istream<_CharT, _Traits>& std::getline(basic_istream<_CharT, _Traits>&, __cxx11::basic_string<_CharT, _Traits, _Allocator>&) [with _CharT = char; _Traits = char_traits<char>; _Alloc = allocator<char>]' (near match)
 3923 |     getline(basic_istream<_CharT, _Traits>& __is,
      |     ^~~~~~~
C:/msys64/mingw64/include/c++/12.1.0/bits/basic_string.h:3923:5: note:   conversion of argument 2 would be ill-formed:
..\AppMainMenu.cpp:108:40: error: cannot bind non-const lvalue reference of type 'std::__cxx11::basic_string<char>&' to an rvalue of type 'std::string' {aka 'std::__cxx11::basic_string<char>'}
  108 |         std::getline(std::cin, q.getAns());
      |                                ~~~~~~~~^~
C:/msys64/mingw64/include/c++/12.1.0/bits/basic_string.h:3931:5: note: candidate: 'template<class _CharT, class _Traits, class _Alloc> std::basic_istream<_CharT, _Traits>& std::getline(basic_istream<_CharT, _Traits>&&, __cxx11::basic_string<_CharT, _Traits, _Allocator>&, _CharT)'
 3931 |     getline(basic_istream<_CharT, _Traits>&& __is,
      |     ^~~~~~~
C:/msys64/mingw64/include/c++/12.1.0/bits/basic_string.h:3931:5: note:   template argument deduction/substitution failed:
..\AppMainMenu.cpp:108:21: note:   candidate expects 3 arguments, 2 provided
  108 |         std::getline(std::cin, q.getAns());
      |         ~~~~~~~~~~~~^~~~~~~~~~~~~~~~~~~~~~
21:41:56 **** Incremental Build of configuration Debug for project askme-oo ****
Info: Internal Builder is used for build
g++ -O0 -g3 -Wall -c -fmessage-length=0 -o AppMainMenu.o "..\\AppMainMenu.cpp" 
g++ -O0 -g3 -Wall -c -fmessage-length=0 -o DBmanager.o "..\\DBmanager.cpp" 
..\DBmanager.cpp: In member function 'void DBmanager::update_answer(const Question&)':
..\DBmanager.cpp:130:15: error: duplicate 'const'
  130 |         const const char* path = questionsdb.get_path();
      |               ^~~~~
      |               -----
..\DBmanager.cpp:130:54: error: cannot convert 'std::string' {aka 'std::__cxx11::basic_string<char>'} to 'const char*' in initialization
  130 |         const const char* path = questionsdb.get_path();
      |                                  ~~~~~~~~~~~~~~~~~~~~^~
      |                                                      |
      |                                                      std::string {aka std::__cxx11::basic_string<char>}
..\DBmanager.cpp:140:17: error: 'get_writeLine' was not declared in this scope; did you mean 'writeLines'?
  140 |                 get_writeLine(writeLines, v, q, id);
      |                 ^~~~~~~~~~~~~
      |                 writeLines
..\DBmanager.cpp:144:16: error: 'TEMPTXT_PATH' was not declared in this scope; did you mean 'USERSTXT_PATH'?
  144 |         rename(TEMPTXT_PATH, path);
      |                ^~~~~~~~~~~~
      |                USERSTXT_PATH
21:46:15 **** Incremental Build of configuration Debug for project askme-oo ****
Info: Internal Builder is used for build
g++ -O0 -g3 -Wall -c -fmessage-length=0 -o DBmanager.o "..\\DBmanager.cpp" 
..\DBmanager.cpp: In member function 'void DBmanager::update_answer(const Question&)':
..\DBmanager.cpp:140:17: error: 'get_writeLine' was not declared in this scope; did you mean 'writeLines'?
  140 |                 get_writeLine(writeLines, v, q, id);
      |                 ^~~~~~~~~~~~~
      |                 writeLines
..\DBmanager.cpp:144:16: error: 'TEMPTXT_PATH' was not declared in this scope; did you mean 'USERSTXT_PATH'?
  144 |         rename(TEMPTXT_PATH, path);
      |                ^~~~~~~~~~~~
      |                USERSTXT_PATH
21:50:29 **** Incremental Build of configuration Debug for project askme-oo ****
Info: Internal Builder is used for build
g++ -O0 -g3 -Wall -c -fmessage-length=0 -o AppMainMenu.o "..\\AppMainMenu.cpp" 
g++ -O0 -g3 -Wall -c -fmessage-length=0 -o QuestionsDb.o "..\\QuestionsDb.cpp" 
..\QuestionsDb.cpp: In member function 'const char* QuestionsDb::get_pathChar()':
..\QuestionsDb.cpp:30:16: error: cannot convert 'std::string' {aka 'std::__cxx11::basic_string<char>'} to 'const char*' in return
   30 |         return path;
      |                ^~~~
      |                |
      |                std::string {aka std::__cxx11::basic_string<char>}
21:51:49 **** Incremental Build of configuration Debug for project askme-oo ****
Info: Internal Builder is used for build
g++ -O0 -g3 -Wall -c -fmessage-length=0 -o Signuphandler.o "..\\Signuphandler.cpp" 
g++ -O0 -g3 -Wall -c -fmessage-length=0 -o Loginhandler.o "..\\Loginhandler.cpp" 
g++ -O0 -g3 -Wall -c -fmessage-length=0 -o DBmanager.o "..\\DBmanager.cpp" 
..\DBmanager.cpp: In member function 'void DBmanager::update_answer(const Question&)':
..\DBmanager.cpp:141:17: error: 'get_writeLine' was not declared in this scope; did you mean 'writeLines'?
  141 |                 get_writeLine(writeLines, v, q, id);
      |                 ^~~~~~~~~~~~~
      |                 writeLines
21:54:04 **** Incremental Build of configuration Debug for project askme-oo ****
Info: Internal Builder is used for build
g++ -O0 -g3 -Wall -c -fmessage-length=0 -o QuestionsDb.o "..\\QuestionsDb.cpp" 
g++ -O0 -g3 -Wall -c -fmessage-length=0 -o DBmanager.o "..\\DBmanager.cpp" 
g++ -o askme-oo.exe App.o AppMainMenu.o Authenticator.o DBmanager.o Error.o Inputscanner.o Loginhandler.o Menu_printer.o Question.o QuestionsDb.o Signuphandler.o User.o UsersDb.o main.o 
Info: Nothing to build for askme-oo
Info: Nothing to build for askme-oo
22:00:45 **** Incremental Build of configuration Debug for project askme-oo ****
Info: Internal Builder is used for build
g++ -O0 -g3 -Wall -c -fmessage-length=0 -o DBmanager.o "..\\DBmanager.cpp" 
g++ -o askme-oo.exe App.o AppMainMenu.o Authenticator.o DBmanager.o Error.o Inputscanner.o Loginhandler.o Menu_printer.o Question.o QuestionsDb.o Signuphandler.o User.o UsersDb.o main.o 
C:/msys64/mingw64/bin/../lib/gcc/x86_64-w64-mingw32/12.1.0/../../../../x86_64-w64-mingw32/bin/ld.exe: cannot open output file askme-oo.exe: Permission denied
collect2.exe: error: ld returned 1 exit status
22:00:50 **** Incremental Build of configuration Debug for project askme-oo ****
Info: Internal Builder is used for build
g++ -o askme-oo.exe App.o AppMainMenu.o Authenticator.o DBmanager.o Error.o Inputscanner.o Loginhandler.o Menu_printer.o Question.o QuestionsDb.o Signuphandler.o User.o UsersDb.o main.o 
Info: Nothing to build for askme-oo
22:01:59 **** Incremental Build of configuration Debug for project askme-oo ****
Info: Internal Builder is used for build
g++ -O0 -g3 -Wall -c -fmessage-length=0 -o DBmanager.o "..\\DBmanager.cpp" 
g++ -o askme-oo.exe App.o AppMainMenu.o Authenticator.o DBmanager.o Error.o Inputscanner.o Loginhandler.o Menu_printer.o Question.o QuestionsDb.o Signuphandler.o User.o UsersDb.o main.o 
C:/msys64/mingw64/bin/../lib/gcc/x86_64-w64-mingw32/12.1.0/../../../../x86_64-w64-mingw32/bin/ld.exe: cannot open output file askme-oo.exe: Permission denied
collect2.exe: error: ld returned 1 exit status
22:02:03 **** Incremental Build of configuration Debug for project askme-oo ****
Info: Internal Builder is used for build
g++ -o askme-oo.exe App.o AppMainMenu.o Authenticator.o DBmanager.o Error.o Inputscanner.o Loginhandler.o Menu_printer.o Question.o QuestionsDb.o Signuphandler.o User.o UsersDb.o main.o 
Info: Nothing to build for askme-oo
22:10:43 **** Incremental Build of configuration Debug for project askme-oo ****
Info: Internal Builder is used for build
g++ -O0 -g3 -Wall -c -fmessage-length=0 -o DBmanager.o "..\\DBmanager.cpp" 
g++ -O0 -g3 -Wall -c -fmessage-length=0 -o Loginhandler.o "..\\Loginhandler.cpp" 
g++ -O0 -g3 -Wall -c -fmessage-length=0 -o AppMainMenu.o "..\\AppMainMenu.cpp" 
g++ -O0 -g3 -Wall -c -fmessage-length=0 -o Question.o "..\\Question.cpp" 
g++ -O0 -g3 -Wall -c -fmessage-length=0 -o QuestionsDb.o "..\\QuestionsDb.cpp" 
g++ -O0 -g3 -Wall -c -fmessage-length=0 -o Signuphandler.o "..\\Signuphandler.cpp" 
g++ -o askme-oo.exe App.o AppMainMenu.o Authenticator.o DBmanager.o Error.o Inputscanner.o Loginhandler.o Menu_printer.o Question.o QuestionsDb.o Signuphandler.o User.o UsersDb.o main.o 
Info: Nothing to build for askme-oo
22:16:36 **** Incremental Build of configuration Debug for project askme-oo ****
Info: Internal Builder is used for build
g++ -O0 -g3 -Wall -c -fmessage-length=0 -o DBmanager.o "..\\DBmanager.cpp" 
g++ -o askme-oo.exe App.o AppMainMenu.o Authenticator.o DBmanager.o Error.o Inputscanner.o Loginhandler.o Menu_printer.o Question.o QuestionsDb.o Signuphandler.o User.o UsersDb.o main.o 
Info: Nothing to build for askme-oo
22:20:13 **** Incremental Build of configuration Debug for project askme-oo ****
Info: Internal Builder is used for build
g++ -O0 -g3 -Wall -c -fmessage-length=0 -o DBmanager.o "..\\DBmanager.cpp" 
g++ -o askme-oo.exe App.o AppMainMenu.o Authenticator.o DBmanager.o Error.o Inputscanner.o Loginhandler.o Menu_printer.o Question.o QuestionsDb.o Signuphandler.o User.o UsersDb.o main.o 
Info: Nothing to build for askme-oo
16:38:39 **** Rebuild of configuration Debug for project askme-oo ****
Info: Internal Builder is used for build
g++ -O0 -g3 -Wall -c -fmessage-length=0 -o DBmanager.o "..\\DBmanager.cpp" 
In file included from ..\DBmanager.h:11,
                 from ..\DBmanager.cpp:8:
..\QuestionsDb.h:52:102: error: 'string' does not name a type; did you mean 'stdin'?
   52 |         void get_writeLines(std::vector<std::string>& writeLines, std::vector<std::string>& v, const string& ans, const int qId, const int op);
      |                                                                                                      ^~~~~~
      |                                                                                                      stdin
..\DBmanager.h:43:49: error: 'string' does not name a type; did you mean 'stdin'?
   43 |         void update_answer(const int qId, const string& ans);
      |                                                 ^~~~~~
      |                                                 stdin
..\DBmanager.cpp:148:52: error: 'string' does not name a type; did you mean 'stdin'?
  148 | void DBmanager::update_answer(const int qId, const string& ans){
      |                                                    ^~~~~~
      |                                                    stdin
16:39:30 **** Incremental Build of configuration Debug for project askme-oo ****
Info: Internal Builder is used for build
g++ -O0 -g3 -Wall -c -fmessage-length=0 -o DBmanager.o "..\\DBmanager.cpp" 
g++ -O0 -g3 -Wall -c -fmessage-length=0 -o AppMainMenu.o "..\\AppMainMenu.cpp" 
In file included from ..\AppMainMenu.cpp:9:
..\DBmanager.h:19: warning: "ANSWER" redefined
   19 | #define ANSWER 1
      | 
In file included from ..\AppMainMenu.cpp:8:
..\AppMainMenu.h:15: note: this is the location of the previous definition
   15 | #define ANSWER 3
      | 
g++ -O0 -g3 -Wall -c -fmessage-length=0 -o Signuphandler.o "..\\Signuphandler.cpp" 
g++ -O0 -g3 -Wall -c -fmessage-length=0 -o Loginhandler.o "..\\Loginhandler.cpp" 
g++ -O0 -g3 -Wall -c -fmessage-length=0 -o QuestionsDb.o "..\\QuestionsDb.cpp" 
g++ -o askme-oo.exe App.o AppMainMenu.o Authenticator.o DBmanager.o Error.o Inputscanner.o Loginhandler.o Menu_printer.o Question.o QuestionsDb.o Signuphandler.o User.o UsersDb.o main.o 
C:/msys64/mingw64/bin/../lib/gcc/x86_64-w64-mingw32/12.1.0/../../../../x86_64-w64-mingw32/bin/ld.exe: AppMainMenu.o: in function `AppMainMenu::run(int, User&)':
H:\Career\Courses\C-C++ Data Structures & Algorithms\Dr Mostafa Saad\01-Mastering 4 critical SKILLS using C++ 17\Projects\02-Askme OO Project\askme-oo\Debug/../AppMainMenu.cpp:39: undefined reference to `AppMainMenu::delete_question(int)'
collect2.exe: error: ld returned 1 exit status
16:40:05 **** Incremental Build of configuration Debug for project askme-oo ****
Info: Internal Builder is used for build
g++ -O0 -g3 -Wall -c -fmessage-length=0 -o AppMainMenu.o "..\\AppMainMenu.cpp" 
In file included from ..\AppMainMenu.cpp:9:
..\DBmanager.h:19: warning: "ANSWER" redefined
   19 | #define ANSWER 1
      | 
In file included from ..\AppMainMenu.cpp:8:
..\AppMainMenu.h:15: note: this is the location of the previous definition
   15 | #define ANSWER 3
      | 
g++ -o askme-oo.exe App.o AppMainMenu.o Authenticator.o DBmanager.o Error.o Inputscanner.o Loginhandler.o Menu_printer.o Question.o QuestionsDb.o Signuphandler.o User.o UsersDb.o main.o 
16:40:26 **** Incremental Build of configuration Debug for project askme-oo ****
Info: Internal Builder is used for build
g++ -O0 -g3 -Wall -c -fmessage-length=0 -o Loginhandler.o "..\\Loginhandler.cpp" 
g++ -O0 -g3 -Wall -c -fmessage-length=0 -o Signuphandler.o "..\\Signuphandler.cpp" 
g++ -O0 -g3 -Wall -c -fmessage-length=0 -o AppMainMenu.o "..\\AppMainMenu.cpp" 
g++ -O0 -g3 -Wall -c -fmessage-length=0 -o DBmanager.o "..\\DBmanager.cpp" 
g++ -o askme-oo.exe App.o AppMainMenu.o Authenticator.o DBmanager.o Error.o Inputscanner.o Loginhandler.o Menu_printer.o Question.o QuestionsDb.o Signuphandler.o User.o UsersDb.o main.o 
Info: Nothing to build for askme-oo
Info: Nothing to build for askme-oo
17:20:26 **** Incremental Build of configuration Debug for project askme-oo ****
Info: Internal Builder is used for build
g++ -O0 -g3 -Wall -c -fmessage-length=0 -o AppMainMenu.o "..\\AppMainMenu.cpp" 
g++ -O0 -g3 -Wall -c -fmessage-length=0 -o Loginhandler.o "..\\Loginhandler.cpp" 
g++ -O0 -g3 -Wall -c -fmessage-length=0 -o DBmanager.o "..\\DBmanager.cpp" 
..\DBmanager.cpp: In member function 'void DBmanager::del_q_from_file(int)':
..\DBmanager.cpp:217:43: error: no matching function for call to 'QuestionsDb::get_writeLines(std::vector<std::__cxx11::basic_string<char> >&, std::vector<std::__cxx11::basic_string<char> >&, const int&, int)'
  217 |                 questionsdb.get_writeLines(writeLines, v, qId, DELETE);
      |                 ~~~~~~~~~~~~~~~~~~~~~~~~~~^~~~~~~~~~~~~~~~~~~~~~~~~~~~
In file included from ..\DBmanager.h:11,
                 from ..\DBmanager.cpp:8:
..\QuestionsDb.h:53:14: note: candidate: 'void QuestionsDb::get_writeLines(std::vector<std::__cxx11::basic_string<char> >&, std::vector<std::__cxx11::basic_string<char> >&, const std::string&, int, int)'
   53 |         void get_writeLines(std::vector<std::string>& writeLines, std::vector<std::string>& v, const std::string& ans, const int qId, const int op);
      |              ^~~~~~~~~~~~~~
..\QuestionsDb.h:53:14: note:   candidate expects 5 arguments, 4 provided
17:21:29 **** Incremental Build of configuration Debug for project askme-oo ****
Info: Internal Builder is used for build
g++ -O0 -g3 -Wall -c -fmessage-length=0 -o QuestionsDb.o "..\\QuestionsDb.cpp" 
In file included from ..\QuestionsDb.cpp:8:
..\QuestionsDb.h:53:135: error: default argument missing for parameter 4 of 'void QuestionsDb::get_writeLines(std::vector<std::__cxx11::basic_string<char> >&, std::vector<std::__cxx11::basic_string<char> >&, const std::string&, int, int)'
   53 |         void get_writeLines(std::vector<std::string>& writeLines, std::vector<std::string>& v, const std::string& ans = "", const int qId, const int op);
      |                                                                                                                             ~~~~~~~~~~^~~
..\QuestionsDb.h:53:115: note: ...following parameter 3 which has a default argument
   53 |         void get_writeLines(std::vector<std::string>& writeLines, std::vector<std::string>& v, const std::string& ans = "", const int qId, const int op);
      |                                                                                                ~~~~~~~~~~~~~~~~~~~^~~~~~~~
..\QuestionsDb.h:53:150: error: default argument missing for parameter 5 of 'void QuestionsDb::get_writeLines(std::vector<std::__cxx11::basic_string<char> >&, std::vector<std::__cxx11::basic_string<char> >&, const std::string&, int, int)'
   53 |         void get_writeLines(std::vector<std::string>& writeLines, std::vector<std::string>& v, const std::string& ans = "", const int qId, const int op);
      |                                                                                                                                            ~~~~~~~~~~^~
..\QuestionsDb.cpp:84:6: error: default argument given for parameter 3 of 'void QuestionsDb::get_writeLines(std::vector<std::__cxx11::basic_string<char> >&, std::vector<std::__cxx11::basic_string<char> >&, const std::string&, int, int)'
   84 | void QuestionsDb::get_writeLines(std::vector<std::string>& writeLines,  std::vector<std::string>& v, const std::string& ans = "", const int id, const int op)
      |      ^~~~~~~~~~~
..\QuestionsDb.h:53:14: note: previous specification in 'void QuestionsDb::get_writeLines(std::vector<std::__cxx11::basic_string<char> >&, std::vector<std::__cxx11::basic_string<char> >&, const std::string&, int, int)' here
   53 |         void get_writeLines(std::vector<std::string>& writeLines, std::vector<std::string>& v, const std::string& ans = "", const int qId, const int op);
      |              ^~~~~~~~~~~~~~
17:23:05 **** Incremental Build of configuration Debug for project askme-oo ****
Info: Internal Builder is used for build
g++ -O0 -g3 -Wall -c -fmessage-length=0 -o Loginhandler.o "..\\Loginhandler.cpp" 
g++ -O0 -g3 -Wall -c -fmessage-length=0 -o AppMainMenu.o "..\\AppMainMenu.cpp" 
g++ -O0 -g3 -Wall -c -fmessage-length=0 -o Signuphandler.o "..\\Signuphandler.cpp" 
g++ -O0 -g3 -Wall -c -fmessage-length=0 -o DBmanager.o "..\\DBmanager.cpp" 
..\DBmanager.cpp: In member function 'void DBmanager::update_answer(int, const std::string&)':
..\DBmanager.cpp:182:59: error: cannot convert 'const std::string' {aka 'const std::__cxx11::basic_string<char>'} to 'int'
  182 |                 questionsdb.get_writeLines(writeLines, v, ans, qId, ANSWER);
      |                                                           ^~~
      |                                                           |
      |                                                           const std::string {aka const std::__cxx11::basic_string<char>}
In file included from ..\DBmanager.h:11,
                 from ..\DBmanager.cpp:8:
..\QuestionsDb.h:53:107: note:   initializing argument 3 of 'void QuestionsDb::get_writeLines(std::vector<std::__cxx11::basic_string<char> >&, std::vector<std::__cxx11::basic_string<char> >&, int, int, const std::string&)'
   53 |         void get_writeLines(std::vector<std::string>& writeLines,  std::vector<std::string>& v, const int id, const int op, const std::string& ans = "");
      |                                                                                                 ~~~~~~~~~~^~
17:23:50 **** Incremental Build of configuration Debug for project askme-oo ****
Info: Internal Builder is used for build
g++ -O0 -g3 -Wall -c -fmessage-length=0 -o QuestionsDb.o "..\\QuestionsDb.cpp" 
..\QuestionsDb.cpp:84:6: error: default argument given for parameter 5 of 'void QuestionsDb::get_writeLines(std::vector<std::__cxx11::basic_string<char> >&, std::vector<std::__cxx11::basic_string<char> >&, int, int, const std::string&)'
   84 | void QuestionsDb::get_writeLines(std::vector<std::string>& writeLines,  std::vector<std::string>& v, const int id, const int op, const std::string& ans = "")
      |      ^~~~~~~~~~~
In file included from ..\QuestionsDb.cpp:8:
..\QuestionsDb.h:53:14: note: previous specification in 'void QuestionsDb::get_writeLines(std::vector<std::__cxx11::basic_string<char> >&, std::vector<std::__cxx11::basic_string<char> >&, int, int, const std::string&)' here
   53 |         void get_writeLines(std::vector<std::string>& writeLines,  std::vector<std::string>& v, const int id, const int op, const std::string& ans = "");
      |              ^~~~~~~~~~~~~~
17:24:18 **** Incremental Build of configuration Debug for project askme-oo ****
Info: Internal Builder is used for build
g++ -O0 -g3 -Wall -c -fmessage-length=0 -o DBmanager.o "..\\DBmanager.cpp" 
g++ -O0 -g3 -Wall -c -fmessage-length=0 -o Loginhandler.o "..\\Loginhandler.cpp" 
g++ -O0 -g3 -Wall -c -fmessage-length=0 -o Signuphandler.o "..\\Signuphandler.cpp" 
g++ -O0 -g3 -Wall -c -fmessage-length=0 -o AppMainMenu.o "..\\AppMainMenu.cpp" 
g++ -O0 -g3 -Wall -c -fmessage-length=0 -o QuestionsDb.o "..\\QuestionsDb.cpp" 
..\QuestionsDb.cpp:84:6: error: default argument given for parameter 5 of 'void QuestionsDb::get_writeLines(std::vector<std::__cxx11::basic_string<char> >&, std::vector<std::__cxx11::basic_string<char> >&, int, int, std::string)'
   84 | void QuestionsDb::get_writeLines(std::vector<std::string>& writeLines,  std::vector<std::string>& v, const int id, const int op, const std::string ans = "")
      |      ^~~~~~~~~~~
In file included from ..\QuestionsDb.cpp:8:
..\QuestionsDb.h:53:14: note: previous specification in 'void QuestionsDb::get_writeLines(std::vector<std::__cxx11::basic_string<char> >&, std::vector<std::__cxx11::basic_string<char> >&, int, int, std::string)' here
   53 |         void get_writeLines(std::vector<std::string>& writeLines,  std::vector<std::string>& v, const int id, const int op, const std::string ans = "");
      |              ^~~~~~~~~~~~~~
17:24:59 **** Incremental Build of configuration Debug for project askme-oo ****
Info: Internal Builder is used for build
g++ -O0 -g3 -Wall -c -fmessage-length=0 -o QuestionsDb.o "..\\QuestionsDb.cpp" 
..\QuestionsDb.cpp:84:6: error: default argument given for parameter 5 of 'void QuestionsDb::get_writeLines(std::vector<std::__cxx11::basic_string<char> >&, std::vector<std::__cxx11::basic_string<char> >&, int, int, std::string)'
   84 | void QuestionsDb::get_writeLines(std::vector<std::string>& writeLines,  std::vector<std::string>& v, const int id, const int op, std::string ans = "")
      |      ^~~~~~~~~~~
In file included from ..\QuestionsDb.cpp:8:
..\QuestionsDb.h:53:14: note: previous specification in 'void QuestionsDb::get_writeLines(std::vector<std::__cxx11::basic_string<char> >&, std::vector<std::__cxx11::basic_string<char> >&, int, int, std::string)' here
   53 |         void get_writeLines(std::vector<std::string>& writeLines,  std::vector<std::string>& v, const int id, const int op, std::string ans = "");
      |              ^~~~~~~~~~~~~~
17:25:33 **** Incremental Build of configuration Debug for project askme-oo ****
Info: Internal Builder is used for build
g++ -O0 -g3 -Wall -c -fmessage-length=0 -o DBmanager.o "..\\DBmanager.cpp" 
..\DBmanager.cpp: In member function 'void DBmanager::del_q_from_file(int)':
..\DBmanager.cpp:217:43: error: no matching function for call to 'QuestionsDb::get_writeLines(std::vector<std::__cxx11::basic_string<char> >&, std::vector<std::__cxx11::basic_string<char> >&, const int&, int)'
  217 |                 questionsdb.get_writeLines(writeLines, v, qId, DELETE);
      |                 ~~~~~~~~~~~~~~~~~~~~~~~~~~^~~~~~~~~~~~~~~~~~~~~~~~~~~~
In file included from ..\DBmanager.h:11,
                 from ..\DBmanager.cpp:8:
..\QuestionsDb.h:53:14: note: candidate: 'void QuestionsDb::get_writeLines(std::vector<std::__cxx11::basic_string<char> >&, std::vector<std::__cxx11::basic_string<char> >&, int, int, std::string)'
   53 |         void get_writeLines(std::vector<std::string>& writeLines,  std::vector<std::string>& v, const int id, const int op, std::string ans);
      |              ^~~~~~~~~~~~~~
..\QuestionsDb.h:53:14: note:   candidate expects 5 arguments, 4 provided
17:27:10 **** Incremental Build of configuration Debug for project askme-oo ****
Info: Internal Builder is used for build
g++ -O0 -g3 -Wall -c -fmessage-length=0 -o DBmanager.o "..\\DBmanager.cpp" 
g++ -O0 -g3 -Wall -c -fmessage-length=0 -o Signuphandler.o "..\\Signuphandler.cpp" 
g++ -O0 -g3 -Wall -c -fmessage-length=0 -o AppMainMenu.o "..\\AppMainMenu.cpp" 
g++ -O0 -g3 -Wall -c -fmessage-length=0 -o QuestionsDb.o "..\\QuestionsDb.cpp" 
g++ -O0 -g3 -Wall -c -fmessage-length=0 -o Loginhandler.o "..\\Loginhandler.cpp" 
g++ -o askme-oo.exe App.o AppMainMenu.o Authenticator.o DBmanager.o Error.o Inputscanner.o Loginhandler.o Menu_printer.o Question.o QuestionsDb.o Signuphandler.o User.o UsersDb.o main.o 
17:28:08 **** Incremental Build of configuration Debug for project askme-oo ****
Info: Internal Builder is used for build
g++ -O0 -g3 -Wall -c -fmessage-length=0 -o QuestionsDb.o "..\\QuestionsDb.cpp" 
In file included from ..\QuestionsDb.cpp:8:
..\QuestionsDb.h:53:133: error: default argument missing for parameter 4 of 'void QuestionsDb::get_writeLines(std::vector<std::__cxx11::basic_string<char> >&, std::vector<std::__cxx11::basic_string<char> >&, std::string, int, int)'
   53 |         void get_writeLines(std::vector<std::string>& writeLines,  std::vector<std::string>& v, const std::string ans="", const int id, const int op);
      |                                                                                                                           ~~~~~~~~~~^~
..\QuestionsDb.h:53:115: note: ...following parameter 3 which has a default argument
   53 |         void get_writeLines(std::vector<std::string>& writeLines,  std::vector<std::string>& v, const std::string ans="", const int id, const int op);
      |                                                                                                 ~~~~~~~~~~~~~~~~~~^~~~~~
..\QuestionsDb.h:53:147: error: default argument missing for parameter 5 of 'void QuestionsDb::get_writeLines(std::vector<std::__cxx11::basic_string<char> >&, std::vector<std::__cxx11::basic_string<char> >&, std::string, int, int)'
   53 |         void get_writeLines(std::vector<std::string>& writeLines,  std::vector<std::string>& v, const std::string ans="", const int id, const int op);
      |                                                                                                                                         ~~~~~~~~~~^~
17:28:22 **** Incremental Build of configuration Debug for project askme-oo ****
Info: Internal Builder is used for build
g++ -O0 -g3 -Wall -c -fmessage-length=0 -o Signuphandler.o "..\\Signuphandler.cpp" 
In file included from ..\DBmanager.h:11,
                 from ..\Signuphandler.cpp:10:
..\QuestionsDb.h:53:127: error: default argument missing for parameter 4 of 'void QuestionsDb::get_writeLines(std::vector<std::__cxx11::basic_string<char> >&, std::vector<std::__cxx11::basic_string<char> >&, std::string, int, int)'
   53 |         void get_writeLines(std::vector<std::string>& writeLines,  std::vector<std::string>& v, std::string ans="", const int id, const int op);
      |                                                                                                                     ~~~~~~~~~~^~
..\QuestionsDb.h:53:109: note: ...following parameter 3 which has a default argument
   53 |         void get_writeLines(std::vector<std::string>& writeLines,  std::vector<std::string>& v, std::string ans="", const int id, const int op);
      |                                                                                                 ~~~~~~~~~~~~^~~~~~
..\QuestionsDb.h:53:141: error: default argument missing for parameter 5 of 'void QuestionsDb::get_writeLines(std::vector<std::__cxx11::basic_string<char> >&, std::vector<std::__cxx11::basic_string<char> >&, std::string, int, int)'
   53 |         void get_writeLines(std::vector<std::string>& writeLines,  std::vector<std::string>& v, std::string ans="", const int id, const int op);
      |                                                                                                                                   ~~~~~~~~~~^~
17:28:57 **** Incremental Build of configuration Debug for project askme-oo ****
Info: Internal Builder is used for build
g++ -O0 -g3 -Wall -c -fmessage-length=0 -o QuestionsDb.o "..\\QuestionsDb.cpp" 
g++ -O0 -g3 -Wall -c -fmessage-length=0 -o Loginhandler.o "..\\Loginhandler.cpp" 
g++ -O0 -g3 -Wall -c -fmessage-length=0 -o DBmanager.o "..\\DBmanager.cpp" 
g++ -O0 -g3 -Wall -c -fmessage-length=0 -o AppMainMenu.o "..\\AppMainMenu.cpp" 
g++ -O0 -g3 -Wall -c -fmessage-length=0 -o Signuphandler.o "..\\Signuphandler.cpp" 
g++ -o askme-oo.exe App.o AppMainMenu.o Authenticator.o DBmanager.o Error.o Inputscanner.o Loginhandler.o Menu_printer.o Question.o QuestionsDb.o Signuphandler.o User.o UsersDb.o main.o 
17:29:20 **** Incremental Build of configuration Debug for project askme-oo ****
Info: Internal Builder is used for build
g++ -O0 -g3 -Wall -c -fmessage-length=0 -o QuestionsDb.o "..\\QuestionsDb.cpp" 
g++ -O0 -g3 -Wall -c -fmessage-length=0 -o Loginhandler.o "..\\Loginhandler.cpp" 
g++ -O0 -g3 -Wall -c -fmessage-length=0 -o DBmanager.o "..\\DBmanager.cpp" 
g++ -O0 -g3 -Wall -c -fmessage-length=0 -o AppMainMenu.o "..\\AppMainMenu.cpp" 
g++ -O0 -g3 -Wall -c -fmessage-length=0 -o Signuphandler.o "..\\Signuphandler.cpp" 
g++ -o askme-oo.exe App.o AppMainMenu.o Authenticator.o DBmanager.o Error.o Inputscanner.o Loginhandler.o Menu_printer.o Question.o QuestionsDb.o Signuphandler.o User.o UsersDb.o main.o 
17:29:40 **** Incremental Build of configuration Debug for project askme-oo ****
Info: Internal Builder is used for build
g++ -O0 -g3 -Wall -c -fmessage-length=0 -o Signuphandler.o "..\\Signuphandler.cpp" 
g++ -O0 -g3 -Wall -c -fmessage-length=0 -o AppMainMenu.o "..\\AppMainMenu.cpp" 
g++ -O0 -g3 -Wall -c -fmessage-length=0 -o QuestionsDb.o "..\\QuestionsDb.cpp" 
g++ -O0 -g3 -Wall -c -fmessage-length=0 -o DBmanager.o "..\\DBmanager.cpp" 
g++ -O0 -g3 -Wall -c -fmessage-length=0 -o Loginhandler.o "..\\Loginhandler.cpp" 
g++ -o askme-oo.exe App.o AppMainMenu.o Authenticator.o DBmanager.o Error.o Inputscanner.o Loginhandler.o Menu_printer.o Question.o QuestionsDb.o Signuphandler.o User.o UsersDb.o main.o 
Info: Nothing to build for askme-oo
Info: Nothing to build for askme-oo
17:34:31 **** Incremental Build of configuration Debug for project askme-oo ****
Info: Internal Builder is used for build
g++ -O0 -g3 -Wall -c -fmessage-length=0 -o DBmanager.o "..\\DBmanager.cpp" 
g++ -o askme-oo.exe App.o AppMainMenu.o Authenticator.o DBmanager.o Error.o Inputscanner.o Loginhandler.o Menu_printer.o Question.o QuestionsDb.o Signuphandler.o User.o UsersDb.o main.o 
Info: Nothing to build for askme-oo
17:39:34 **** Incremental Build of configuration Debug for project askme-oo ****
Info: Internal Builder is used for build
g++ -O0 -g3 -Wall -c -fmessage-length=0 -o QuestionsDb.o "..\\QuestionsDb.cpp" 
g++ -o askme-oo.exe App.o AppMainMenu.o Authenticator.o DBmanager.o Error.o Inputscanner.o Loginhandler.o Menu_printer.o Question.o QuestionsDb.o Signuphandler.o User.o UsersDb.o main.o 
Info: Nothing to build for askme-oo
17:51:33 **** Incremental Build of configuration Debug for project askme-oo ****
Info: Internal Builder is used for build
g++ -O0 -g3 -Wall -c -fmessage-length=0 -o DBmanager.o "..\\DBmanager.cpp" 
g++ -O0 -g3 -Wall -c -fmessage-length=0 -o Loginhandler.o "..\\Loginhandler.cpp" 
g++ -O0 -g3 -Wall -c -fmessage-length=0 -o Signuphandler.o "..\\Signuphandler.cpp" 
g++ -O0 -g3 -Wall -c -fmessage-length=0 -o AppMainMenu.o "..\\AppMainMenu.cpp" 
g++ -o askme-oo.exe App.o AppMainMenu.o Authenticator.o DBmanager.o Error.o Inputscanner.o Loginhandler.o Menu_printer.o Question.o QuestionsDb.o Signuphandler.o User.o UsersDb.o main.o 
17:52:16 **** Incremental Build of configuration Debug for project askme-oo ****
Info: Internal Builder is used for build
g++ -O0 -g3 -Wall -c -fmessage-length=0 -o Loginhandler.o "..\\Loginhandler.cpp" 
g++ -O0 -g3 -Wall -c -fmessage-length=0 -o DBmanager.o "..\\DBmanager.cpp" 
g++ -O0 -g3 -Wall -c -fmessage-length=0 -o Signuphandler.o "..\\Signuphandler.cpp" 
g++ -O0 -g3 -Wall -c -fmessage-length=0 -o AppMainMenu.o "..\\AppMainMenu.cpp" 
g++ -o askme-oo.exe App.o AppMainMenu.o Authenticator.o DBmanager.o Error.o Inputscanner.o Loginhandler.o Menu_printer.o Question.o QuestionsDb.o Signuphandler.o User.o UsersDb.o main.o 
Info: Nothing to build for askme-oo
18:49:32 **** Incremental Build of configuration Debug for project askme-oo ****
Info: Internal Builder is used for build
g++ -O0 -g3 -Wall -c -fmessage-length=0 -o Loginhandler.o "..\\Loginhandler.cpp" 
g++ -O0 -g3 -Wall -c -fmessage-length=0 -o DBmanager.o "..\\DBmanager.cpp" 
g++ -O0 -g3 -Wall -c -fmessage-length=0 -o Signuphandler.o "..\\Signuphandler.cpp" 
g++ -O0 -g3 -Wall -c -fmessage-length=0 -o AppMainMenu.o "..\\AppMainMenu.cpp" 
g++ -o askme-oo.exe App.o AppMainMenu.o Authenticator.o DBmanager.o Error.o Inputscanner.o Loginhandler.o Menu_printer.o Question.o QuestionsDb.o Signuphandler.o User.o UsersDb.o main.o 
21:58:15 **** Incremental Build of configuration Debug for project askme-oo ****
Info: Internal Builder is used for build
g++ -O0 -g3 -Wall -c -fmessage-length=0 -o Inputscanner.o "..\\Inputscanner.cpp" 
g++ -O0 -g3 -Wall -c -fmessage-length=0 -o App.o "..\\App.cpp" 
g++ -O0 -g3 -Wall -c -fmessage-length=0 -o UsersDb.o "..\\UsersDb.cpp" 
g++ -O0 -g3 -Wall -c -fmessage-length=0 -o Signuphandler.o "..\\Signuphandler.cpp" 
g++ -O0 -g3 -Wall -c -fmessage-length=0 -o Loginhandler.o "..\\Loginhandler.cpp" 
g++ -O0 -g3 -Wall -c -fmessage-length=0 -o AppMainMenu.o "..\\AppMainMenu.cpp" 
..\AppMainMenu.cpp: In member function 'void AppMainMenu::run(int, User&)':
..\AppMainMenu.cpp:44:17: error: 'ask' was not declared in this scope
   44 |                 ask(user.getId());
      |                 ^~~
..\AppMainMenu.cpp: At global scope:
..\AppMainMenu.cpp:151:6: error: no declaration matches 'void AppMainMenu::ask(int)'
  151 | void AppMainMenu::ask(const int uId)
      |      ^~~~~~~~~~~
..\AppMainMenu.cpp:151:6: note: no functions named 'void AppMainMenu::ask(int)'
In file included from ..\AppMainMenu.cpp:8:
..\AppMainMenu.h:22:7: note: 'class AppMainMenu' defined here
   22 | class AppMainMenu
      |       ^~~~~~~~~~~
21:58:57 **** Incremental Build of configuration Debug for project askme-oo ****
Info: Internal Builder is used for build
g++ -O0 -g3 -Wall -c -fmessage-length=0 -o DBmanager.o "..\\DBmanager.cpp" 
g++ -O0 -g3 -Wall -c -fmessage-length=0 -o AppMainMenu.o "..\\AppMainMenu.cpp" 
..\AppMainMenu.cpp: In member function 'void AppMainMenu::ask(int)':
..\AppMainMenu.cpp:161:11: error: 'int Question::fromId' is private within this context
  161 |         q.fromId = uId;
      |           ^~~~~~
In file included from ..\DBmanager.h:12,
                 from ..\AppMainMenu.cpp:9:
..\Question.h:18:31: note: declared private here
   18 |         int id{}, threadId{}, fromId{}, toId{};
      |                               ^~~~~~
..\AppMainMenu.cpp:171:24: error: 'int User::id' is private within this context
  171 |                 toUser.id = toUserId;
      |                        ^~
In file included from ..\AppMainMenu.cpp:10:
..\User.h:15:13: note: declared private here
   15 |         int id{};
      |             ^~
21:59:46 **** Incremental Build of configuration Debug for project askme-oo ****
Info: Internal Builder is used for build
g++ -O0 -g3 -Wall -c -fmessage-length=0 -o AppMainMenu.o "..\\AppMainMenu.cpp" 
g++ -O0 -g3 -Wall -c -fmessage-length=0 -o App.o "..\\App.cpp" 
g++ -o askme-oo.exe App.o AppMainMenu.o Authenticator.o DBmanager.o Error.o Inputscanner.o Loginhandler.o Menu_printer.o Question.o QuestionsDb.o Signuphandler.o User.o UsersDb.o main.o 
Info: Nothing to build for askme-oo
22:32:14 **** Incremental Build of configuration Debug for project askme-oo ****
Info: Internal Builder is used for build
g++ -O0 -g3 -Wall -c -fmessage-length=0 -o Question.o "..\\Question.cpp" 
g++ -O0 -g3 -Wall -c -fmessage-length=0 -o Loginhandler.o "..\\Loginhandler.cpp" 
g++ -O0 -g3 -Wall -c -fmessage-length=0 -o QuestionsDb.o "..\\QuestionsDb.cpp" 
g++ -O0 -g3 -Wall -c -fmessage-length=0 -o Signuphandler.o "..\\Signuphandler.cpp" 
g++ -O0 -g3 -Wall -c -fmessage-length=0 -o App.o "..\\App.cpp" 
g++ -O0 -g3 -Wall -c -fmessage-length=0 -o DBmanager.o "..\\DBmanager.cpp" 
..\DBmanager.cpp: In member function 'std::vector<Question> DBmanager::get_answered_Qs()':
..\DBmanager.cpp:314:57: error: 'void QuestionsDb::update_question_info(const std::vector<std::__cxx11::basic_string<char> >&, Question&)' is private within this context
  314 |                         questionsdb.update_question_info(v, q);
      |                         ~~~~~~~~~~~~~~~~~~~~~~~~~~~~~~~~^~~~~~
In file included from ..\DBmanager.h:11,
                 from ..\DBmanager.cpp:8:
..\QuestionsDb.h:41:14: note: declared private here
   41 |         void update_question_info(const std::vector<std::string> &v, Question &q);
      |              ^~~~~~~~~~~~~~~~~~~~
22:33:30 **** Incremental Build of configuration Debug for project askme-oo ****
Info: Internal Builder is used for build
g++ -O0 -g3 -Wall -c -fmessage-length=0 -o Loginhandler.o "..\\Loginhandler.cpp" 
g++ -O0 -g3 -Wall -c -fmessage-length=0 -o AppMainMenu.o "..\\AppMainMenu.cpp" 
..\AppMainMenu.cpp: In member function 'void AppMainMenu::print_feed()':
..\AppMainMenu.cpp:260:35: error: no match for 'operator=' (operand types are 'std::vector<Question>' and 'void')
  260 |         qv = DB.print_answered_Qs();
      |                                   ^
In file included from C:/msys64/mingw64/include/c++/12.1.0/vector:70,
                 from ..\UsersDb.h:11,
                 from ..\DBmanager.h:10,
                 from ..\AppMainMenu.cpp:9:
C:/msys64/mingw64/include/c++/12.1.0/bits/vector.tcc:204:5: note: candidate: 'std::vector<_Tp, _Alloc>& std::vector<_Tp, _Alloc>::operator=(const std::vector<_Tp, _Alloc>&) [with _Tp = Question; _Alloc = std::allocator<Question>]'
  204 |     vector<_Tp, _Alloc>::
      |     ^~~~~~~~~~~~~~~~~~~
C:/msys64/mingw64/include/c++/12.1.0/bits/vector.tcc:205:42: note:   no known conversion for argument 1 from 'void' to 'const std::vector<Question>&'
  205 |     operator=(const vector<_Tp, _Alloc>& __x)
      |               ~~~~~~~~~~~~~~~~~~~~~~~~~~~^~~
In file included from C:/msys64/mingw64/include/c++/12.1.0/vector:64:
C:/msys64/mingw64/include/c++/12.1.0/bits/stl_vector.h:761:7: note: candidate: 'std::vector<_Tp, _Alloc>& std::vector<_Tp, _Alloc>::operator=(std::vector<_Tp, _Alloc>&&) [with _Tp = Question; _Alloc = std::allocator<Question>]'
  761 |       operator=(vector&& __x) noexcept(_Alloc_traits::_S_nothrow_move())
      |       ^~~~~~~~
C:/msys64/mingw64/include/c++/12.1.0/bits/stl_vector.h:761:26: note:   no known conversion for argument 1 from 'void' to 'std::vector<Question>&&'
  761 |       operator=(vector&& __x) noexcept(_Alloc_traits::_S_nothrow_move())
      |                 ~~~~~~~~~^~~
C:/msys64/mingw64/include/c++/12.1.0/bits/stl_vector.h:783:7: note: candidate: 'std::vector<_Tp, _Alloc>& std::vector<_Tp, _Alloc>::operator=(std::initializer_list<_Tp>) [with _Tp = Question; _Alloc = std::allocator<Question>]'
  783 |       operator=(initializer_list<value_type> __l)
      |       ^~~~~~~~
C:/msys64/mingw64/include/c++/12.1.0/bits/stl_vector.h:783:46: note:   no known conversion for argument 1 from 'void' to 'std::initializer_list<Question>'
  783 |       operator=(initializer_list<value_type> __l)
      |                 ~~~~~~~~~~~~~~~~~~~~~~~~~~~~~^~~
22:34:20 **** Incremental Build of configuration Debug for project askme-oo ****
Info: Internal Builder is used for build
g++ -O0 -g3 -Wall -c -fmessage-length=0 -o Signuphandler.o "..\\Signuphandler.cpp" 
g++ -O0 -g3 -Wall -c -fmessage-length=0 -o Loginhandler.o "..\\Loginhandler.cpp" 
g++ -O0 -g3 -Wall -c -fmessage-length=0 -o DBmanager.o "..\\DBmanager.cpp" 
g++ -O0 -g3 -Wall -c -fmessage-length=0 -o QuestionsDb.o "..\\QuestionsDb.cpp" 
g++ -O0 -g3 -Wall -c -fmessage-length=0 -o AppMainMenu.o "..\\AppMainMenu.cpp" 
g++ -o askme-oo.exe App.o AppMainMenu.o Authenticator.o DBmanager.o Error.o Inputscanner.o Loginhandler.o Menu_printer.o Question.o QuestionsDb.o Signuphandler.o User.o UsersDb.o main.o 
Info: Nothing to build for askme-oo
22:35:19 **** Incremental Build of configuration Debug for project askme-oo ****
Info: Internal Builder is used for build
g++ -O0 -g3 -Wall -c -fmessage-length=0 -o AppMainMenu.o "..\\AppMainMenu.cpp" 
..\AppMainMenu.cpp: In member function 'void AppMainMenu::run(int, User&)':
..\AppMainMenu.cpp:50:28: error: 'PRINT_FEED' was not declared in this scope
   50 |         else if (choice == PRINT_FEED)
      |                            ^~~~~~~~~~
22:35:29 **** Incremental Build of configuration Debug for project askme-oo ****
Info: Internal Builder is used for build
g++ -O0 -g3 -Wall -c -fmessage-length=0 -o AppMainMenu.o "..\\AppMainMenu.cpp" 
g++ -o askme-oo.exe App.o AppMainMenu.o Authenticator.o DBmanager.o Error.o Inputscanner.o Loginhandler.o Menu_printer.o Question.o QuestionsDb.o Signuphandler.o User.o UsersDb.o main.o 
Info: Nothing to build for askme-oo
22:36:58 **** Incremental Build of configuration Debug for project askme-oo ****
Info: Internal Builder is used for build
g++ -O0 -g3 -Wall -c -fmessage-length=0 -o AppMainMenu.o "..\\AppMainMenu.cpp" 
g++ -o askme-oo.exe App.o AppMainMenu.o Authenticator.o DBmanager.o Error.o Inputscanner.o Loginhandler.o Menu_printer.o Question.o QuestionsDb.o Signuphandler.o User.o UsersDb.o main.o 
Info: Nothing to build for askme-oo
22:37:47 **** Incremental Build of configuration Debug for project askme-oo ****
Info: Internal Builder is used for build
g++ -O0 -g3 -Wall -c -fmessage-length=0 -o AppMainMenu.o "..\\AppMainMenu.cpp" 
g++ -O0 -g3 -Wall -c -fmessage-length=0 -o DBmanager.o "..\\DBmanager.cpp" 
g++ -o askme-oo.exe App.o AppMainMenu.o Authenticator.o DBmanager.o Error.o Inputscanner.o Loginhandler.o Menu_printer.o Question.o QuestionsDb.o Signuphandler.o User.o UsersDb.o main.o 
Info: Nothing to build for askme-oo
